----------------------------------------------------------------
Fri Dec 09 14:40:55 EET 2022:
Booting Derby version The Apache Software Foundation - Apache Derby - 10.14.1.0 - (exported): instance a816c00e-0184-f6e7-2a79-ffffdc514a16 
on database directory /home/dragos.pascu/Projects/ahb-arbiter-project/sim/gui_run/vmgr_db/vmgr_db/vmgr.db with class loader sun.misc.Launcher$AppClassLoader@7cca494b 
Loaded from file:/sw/cadence/VMANAGER2009/tools.lnx86/vmgr/java/derby.jar
java.vendor=Oracle Corporation
java.runtime.version=1.8.0-internal-phz_2019_01_28_17_55-b00
user.dir=/home/dragos.pascu/Projects/ahb-arbiter-project/sim/gui_run/vmgr_db
os.name=Linux
os.arch=amd64
os.version=3.10.0-1160.el7.x86_64
derby.system.home=/home/dragos.pascu/Projects/ahb-arbiter-project/sim/gui_run/vmgr_db/vmgr_db
Database Class Loader started - derby.database.classpath=''
----------------------------------------------------------------
Fri Dec 09 14:43:25 EET 2022:
Shutting down instance a816c00e-0184-f6e7-2a79-ffffdc514a16 on database directory /home/dragos.pascu/Projects/ahb-arbiter-project/sim/gui_run/vmgr_db/vmgr_db/vmgr.db with class loader sun.misc.Launcher$AppClassLoader@7cca494b 
----------------------------------------------------------------
Fri Dec 09 14:44:10 EET 2022:
Booting Derby version The Apache Software Foundation - Apache Derby - 10.14.1.0 - (exported): instance 44ab2ce8-0184-f6e7-2a79-ffffdc514a16 
on database directory /home/dragos.pascu/Projects/ahb-arbiter-project/sim/gui_run/vmgr_db/vmgr_db/vmgr.db with class loader sun.misc.Launcher$AppClassLoader@7cca494b 
Loaded from file:/sw/cadence/VMANAGER2009/tools.lnx86/vmgr/java/derby.jar
java.vendor=Oracle Corporation
java.runtime.version=1.8.0-internal-phz_2019_01_28_17_55-b00
user.dir=/home/dragos.pascu/Projects/ahb-arbiter-project/sim/gui_run/vmgr_db
os.name=Linux
os.arch=amd64
os.version=3.10.0-1160.el7.x86_64
derby.system.home=/home/dragos.pascu/Projects/ahb-arbiter-project/sim/gui_run/vmgr_db/vmgr_db
Database Class Loader started - derby.database.classpath=''
