/sw/cadence/XCELIUM2009/tools.lnx86/inca/bin/xmsim
Obtained 37 stack frames.
/sw/cadence/XCELIUM2009/tools.lnx86/inca/bin/../../lib/libcbreakpad.so(_Z13use_backtracev+0xa1) [0xf73b37bd]
/sw/cadence/XCELIUM2009/tools.lnx86/inca/bin/../../lib/libcbreakpad.so(cbpad_generate_dump_on_demand+0x84) [0xf73b3b34]
xmsim() [0x93400b8]
xmsim(serror+0x1a) [0x93415aa]
xmsim() [0x86714af]
[0xf77d0410]
xmsim() [0x86f807a]
xmsim() [0x86eeab7]
xmsim() [0x87f19d5]
xmsim() [0x8df14fa]
xmsim() [0x8dfbcca]
xmsim() [0x8dfd1cd]
xmsim() [0x8e3697a]
xmsim(sslu_traverse_scopes+0x5fa) [0x8889f8a]
xmsim(sslu_traverse_scopes+0xf29) [0x888a8b9]
xmsim() [0x8e1c25d]
xmsim() [0x8e385dd]
xmsim() [0x82798fc]
xmsim() [0x81e018d]
xmsim() [0x81e0864]
xmsim(Tcl_Exit+0x32) [0x8cfb632]
xmsim() [0x81fb2fc]
xmsim() [0x85abe52]
xmsim(TclInvokeStringCommand+0x7c) [0x8c6c81c]
xmsim() [0x8c6c2a5]
xmsim() [0x8c71c33]
xmsim(Tcl_EvalObjv+0x3d) [0x8c71cad]
xmsim() [0x8c74253]
xmsim(Tcl_EvalEx+0x1e) [0x8c746ae]
xmsim(Tcl_Eval+0x41) [0x8c74701]
xmsim() [0x85b01f6]
xmsim() [0x81ceaa6]
xmsim() [0x81de3ad]
xmsim(ncmain+0x96) [0x81d0c12]
xmsim(main+0x24) [0x9ac27d8]
/lib/libc.so.6(__libc_start_main+0xf3) [0xf740c2d3]
xmsim() [0x815a225]
