/sw/cadence/XCELIUM2009/tools.lnx86/inca/bin/64bit/xmsim
Obtained 31 stack frames.
/sw/cadence/XCELIUM2009/tools.lnx86/inca/bin/64bit/../../../lib/64bit/libcbreakpad.so(_Z13use_backtracev+0x9d) [0x7f9a667b5ae9]
/sw/cadence/XCELIUM2009/tools.lnx86/inca/bin/64bit/../../../lib/64bit/libcbreakpad.so(cbpad_generate_dump_on_demand+0x66) [0x7f9a667b5e3c]
xmsim() [0x1793e5c]
xmsim(serror+0x95) [0x1795565]
xmsim() [0x1345b8d]
xmsim() [0x13591c4]
xmsim() [0x135fca2]
xmsim() [0x137226c]
xmsim() [0x1760f94]
xmsim() [0x136a783]
xmsim() [0xb4d127]
xmsim() [0xc4b892]
xmsim() [0x65e2c2]
xmsim() [0x65f11f]
xmsim() [0x660924]
xmsim() [0xa15c69]
xmsim(TclInvokeStringCommand+0x76) [0x10d8a56]
xmsim() [0x10dd8d7]
xmsim() [0x10dfe6a]
xmsim(Tcl_EvalEx+0x13) [0x10e0313]
xmsim() [0x10e04d8]
xmsim() [0x10e0729]
xmsim(Tcl_RecordAndEvalObj+0xb0) [0x11807a0]
xmsim(Tcl_RecordAndEval+0x37) [0x1180987]
xmsim() [0xa1a7e6]
xmsim() [0x5a19af]
xmsim() [0x5b1436]
xmsim(ncmain+0x9c) [0x5a3aec]
xmsim(main+0x10) [0x1fc852a]
/lib64/libc.so.6(__libc_start_main+0xf5) [0x7f9a66a11555]
xmsim() [0x530ab1]
