[INFO ] 2022-11-21 15:01:26,897 [com.cadence.mdv.imc.Main] [main] - Binding debug tools http on port: 37335
[ERROR] 2022-11-21 15:07:50,872 [com.cadence.ufi.gui.util.UFIExceptionHandler] [AWT-EventQueue-0] - Session not started. Parse error: Vsif parsing failed (/tmp/vmgr-vmanager.dragos.pascu.tDxd7xTH1.1669035546515/base-utils-service/171441.vsif:-1):session.unable_start_session_with_msg: Session not started. Parse error: Vsif parsing failed (/tmp/vmgr-vmanager.dragos.pascu.tDxd7xTH1.1669035546515/base-utils-service/171441.vsif:-1)
[ERROR] 2022-11-21 15:07:50,876 [com.cadence.ufi.gui.util.UFIExceptionHandler] [AWT-EventQueue-0] - Session not started. Parse error: Vsif parsing failed (/tmp/vmgr-vmanager.dragos.pascu.tDxd7xTH1.1669035546515/base-utils-service/171441.vsif:-1)
session.unable_start_session_with_msg: Session not started. Parse error: Vsif parsing failed (/tmp/vmgr-vmanager.dragos.pascu.tDxd7xTH1.1669035546515/base-utils-service/171441.vsif:-1)
	at com.cadence.mdv.services.runner.RoadRunner.startSession(RoadRunner.java:336)
	at sun.reflect.NativeMethodAccessorImpl.invoke0(Native Method)
	at sun.reflect.NativeMethodAccessorImpl.invoke(NativeMethodAccessorImpl.java:62)
	at sun.reflect.DelegatingMethodAccessorImpl.invoke(DelegatingMethodAccessorImpl.java:43)
	at java.lang.reflect.Method.invoke(Method.java:498)
	at org.springframework.aop.support.AopUtils.invokeJoinpointUsingReflection(AopUtils.java:333)
	at org.springframework.aop.framework.JdkDynamicAopProxy.invoke(JdkDynamicAopProxy.java:207)
	at com.sun.proxy.$Proxy106.startSession(Unknown Source)
	at com.cadence.mdv.services.SessionOperationsService.startSessionInternal(SessionOperationsService.java:1331)
	at com.cadence.mdv.services.SessionOperationsService.startSession(SessionOperationsService.java:1284)
	at com.cadence.mdv.services.SessionOperationsService.startSessionWithRerunData(SessionOperationsService.java:1147)
	at com.cadence.mdv.services.SessionOperationsService.doRerun0(SessionOperationsService.java:1119)
	at com.cadence.mdv.services.SessionOperationsService.rerunSession(SessionOperationsService.java:1042)
	at sun.reflect.NativeMethodAccessorImpl.invoke0(Native Method)
	at sun.reflect.NativeMethodAccessorImpl.invoke(NativeMethodAccessorImpl.java:62)
	at sun.reflect.DelegatingMethodAccessorImpl.invoke(DelegatingMethodAccessorImpl.java:43)
	at java.lang.reflect.Method.invoke(Method.java:498)
	at org.springframework.aop.support.AopUtils.invokeJoinpointUsingReflection(AopUtils.java:333)
	at org.springframework.aop.framework.ReflectiveMethodInvocation.invokeJoinpoint(ReflectiveMethodInvocation.java:190)
	at org.springframework.aop.framework.ReflectiveMethodInvocation.proceed(ReflectiveMethodInvocation.java:157)
	at org.springframework.aop.interceptor.ExposeInvocationInterceptor.invoke(ExposeInvocationInterceptor.java:92)
	at org.springframework.aop.framework.ReflectiveMethodInvocation.proceed(ReflectiveMethodInvocation.java:179)
	at org.springframework.aop.framework.JdkDynamicAopProxy.invoke(JdkDynamicAopProxy.java:213)
	at com.sun.proxy.$Proxy97.rerunSession(Unknown Source)
	at sun.reflect.NativeMethodAccessorImpl.invoke0(Native Method)
	at sun.reflect.NativeMethodAccessorImpl.invoke(NativeMethodAccessorImpl.java:62)
	at sun.reflect.DelegatingMethodAccessorImpl.invoke(DelegatingMethodAccessorImpl.java:43)
	at java.lang.reflect.Method.invoke(Method.java:498)
	at org.springframework.aop.support.AopUtils.invokeJoinpointUsingReflection(AopUtils.java:333)
	at org.springframework.aop.framework.JdkDynamicAopProxy.invoke(JdkDynamicAopProxy.java:207)
	at com.sun.proxy.$Proxy97.rerunSession(Unknown Source)
	at com.cadence.mdv.MDVContextServicesImpl.rerun(MDVContextServicesImpl.java:1057)
	at com.cadence.mdv.gui.actions.NGVActionManager$3$1.doWork(NGVActionManager.java:477)
	at com.cadence.ufi.gui.worker.GUFITaskExecutor.doInBackground(GUFITaskExecutor.java:69)
	at javax.swing.SwingWorker$1.call(SwingWorker.java:295)
	at java.util.concurrent.FutureTask.run(FutureTask.java:266)
	at javax.swing.SwingWorker.run(SwingWorker.java:334)
	at java.util.concurrent.Executors$RunnableAdapter.call(Executors.java:511)
	at java.util.concurrent.FutureTask.run(FutureTask.java:266)
	at java.util.concurrent.ThreadPoolExecutor.runWorker(ThreadPoolExecutor.java:1149)
	at java.util.concurrent.ThreadPoolExecutor$Worker.run(ThreadPoolExecutor.java:624)
	at java.lang.Thread.run(Thread.java:748)
[ERROR] 2022-11-21 15:08:26,056 [com.cadence.ufi.gui.util.UFIExceptionHandler] [AWT-EventQueue-0] - Session not started. Parse error: Vsif parsing failed (/tmp/vmgr-vmanager.dragos.pascu.tDxd7xTH1.1669035546515/base-utils-service/832495.vsif:-1):session.unable_start_session_with_msg: Session not started. Parse error: Vsif parsing failed (/tmp/vmgr-vmanager.dragos.pascu.tDxd7xTH1.1669035546515/base-utils-service/832495.vsif:-1)
[ERROR] 2022-11-21 15:08:26,059 [com.cadence.ufi.gui.util.UFIExceptionHandler] [AWT-EventQueue-0] - Session not started. Parse error: Vsif parsing failed (/tmp/vmgr-vmanager.dragos.pascu.tDxd7xTH1.1669035546515/base-utils-service/832495.vsif:-1)
session.unable_start_session_with_msg: Session not started. Parse error: Vsif parsing failed (/tmp/vmgr-vmanager.dragos.pascu.tDxd7xTH1.1669035546515/base-utils-service/832495.vsif:-1)
	at com.cadence.mdv.services.runner.RoadRunner.startSession(RoadRunner.java:336)
	at sun.reflect.NativeMethodAccessorImpl.invoke0(Native Method)
	at sun.reflect.NativeMethodAccessorImpl.invoke(NativeMethodAccessorImpl.java:62)
	at sun.reflect.DelegatingMethodAccessorImpl.invoke(DelegatingMethodAccessorImpl.java:43)
	at java.lang.reflect.Method.invoke(Method.java:498)
	at org.springframework.aop.support.AopUtils.invokeJoinpointUsingReflection(AopUtils.java:333)
	at org.springframework.aop.framework.JdkDynamicAopProxy.invoke(JdkDynamicAopProxy.java:207)
	at com.sun.proxy.$Proxy106.startSession(Unknown Source)
	at com.cadence.mdv.services.SessionOperationsService.startSessionInternal(SessionOperationsService.java:1331)
	at com.cadence.mdv.services.SessionOperationsService.startSession(SessionOperationsService.java:1284)
	at com.cadence.mdv.services.SessionOperationsService.startSessionWithRerunData(SessionOperationsService.java:1147)
	at com.cadence.mdv.services.SessionOperationsService.doRerun0(SessionOperationsService.java:1119)
	at com.cadence.mdv.services.SessionOperationsService.rerunSession(SessionOperationsService.java:1042)
	at sun.reflect.NativeMethodAccessorImpl.invoke0(Native Method)
	at sun.reflect.NativeMethodAccessorImpl.invoke(NativeMethodAccessorImpl.java:62)
	at sun.reflect.DelegatingMethodAccessorImpl.invoke(DelegatingMethodAccessorImpl.java:43)
	at java.lang.reflect.Method.invoke(Method.java:498)
	at org.springframework.aop.support.AopUtils.invokeJoinpointUsingReflection(AopUtils.java:333)
	at org.springframework.aop.framework.ReflectiveMethodInvocation.invokeJoinpoint(ReflectiveMethodInvocation.java:190)
	at org.springframework.aop.framework.ReflectiveMethodInvocation.proceed(ReflectiveMethodInvocation.java:157)
	at org.springframework.aop.interceptor.ExposeInvocationInterceptor.invoke(ExposeInvocationInterceptor.java:92)
	at org.springframework.aop.framework.ReflectiveMethodInvocation.proceed(ReflectiveMethodInvocation.java:179)
	at org.springframework.aop.framework.JdkDynamicAopProxy.invoke(JdkDynamicAopProxy.java:213)
	at com.sun.proxy.$Proxy97.rerunSession(Unknown Source)
	at sun.reflect.NativeMethodAccessorImpl.invoke0(Native Method)
	at sun.reflect.NativeMethodAccessorImpl.invoke(NativeMethodAccessorImpl.java:62)
	at sun.reflect.DelegatingMethodAccessorImpl.invoke(DelegatingMethodAccessorImpl.java:43)
	at java.lang.reflect.Method.invoke(Method.java:498)
	at org.springframework.aop.support.AopUtils.invokeJoinpointUsingReflection(AopUtils.java:333)
	at org.springframework.aop.framework.JdkDynamicAopProxy.invoke(JdkDynamicAopProxy.java:207)
	at com.sun.proxy.$Proxy97.rerunSession(Unknown Source)
	at com.cadence.mdv.MDVContextServicesImpl.rerun(MDVContextServicesImpl.java:1057)
	at com.cadence.mdv.gui.actions.NGVActionManager$4$1.doWork(NGVActionManager.java:578)
	at com.cadence.ufi.gui.worker.GUFITaskExecutor.doInBackground(GUFITaskExecutor.java:69)
	at javax.swing.SwingWorker$1.call(SwingWorker.java:295)
	at java.util.concurrent.FutureTask.run(FutureTask.java:266)
	at javax.swing.SwingWorker.run(SwingWorker.java:334)
	at java.util.concurrent.Executors$RunnableAdapter.call(Executors.java:511)
	at java.util.concurrent.FutureTask.run(FutureTask.java:266)
	at java.util.concurrent.ThreadPoolExecutor.runWorker(ThreadPoolExecutor.java:1149)
	at java.util.concurrent.ThreadPoolExecutor$Worker.run(ThreadPoolExecutor.java:624)
	at java.lang.Thread.run(Thread.java:748)
[INFO ] 2022-11-21 15:15:27,296 [com.cadence.mdv.imc.Main] [main] - Binding debug tools http on port: 43461
[ERROR] 2022-11-21 15:41:41,354 [com.cadence.ufi.gui.util.UFIExceptionHandler] [AWT-EventQueue-0] - Session not started. Vsif already exists: /home/dragos.pascu/Projects/ahb-arbiter-project/sim/regression/first_old.vsif:session.unable_start_session_with_msg: Session not started. Vsif already exists: /home/dragos.pascu/Projects/ahb-arbiter-project/sim/regression/first_old.vsif
[ERROR] 2022-11-21 15:41:41,449 [com.cadence.ufi.gui.util.UFIExceptionHandler] [AWT-EventQueue-0] - Session not started. Vsif already exists: /home/dragos.pascu/Projects/ahb-arbiter-project/sim/regression/first_old.vsif
session.unable_start_session_with_msg: Session not started. Vsif already exists: /home/dragos.pascu/Projects/ahb-arbiter-project/sim/regression/first_old.vsif
	at com.cadence.mdv.services.SessionOperationsService.getVsifPath(SessionOperationsService.java:1172)
	at com.cadence.mdv.services.SessionOperationsService.doRerun0(SessionOperationsService.java:1064)
	at com.cadence.mdv.services.SessionOperationsService.rerunSession(SessionOperationsService.java:1042)
	at sun.reflect.NativeMethodAccessorImpl.invoke0(Native Method)
	at sun.reflect.NativeMethodAccessorImpl.invoke(NativeMethodAccessorImpl.java:62)
	at sun.reflect.DelegatingMethodAccessorImpl.invoke(DelegatingMethodAccessorImpl.java:43)
	at java.lang.reflect.Method.invoke(Method.java:498)
	at org.springframework.aop.support.AopUtils.invokeJoinpointUsingReflection(AopUtils.java:333)
	at org.springframework.aop.framework.ReflectiveMethodInvocation.invokeJoinpoint(ReflectiveMethodInvocation.java:190)
	at org.springframework.aop.framework.ReflectiveMethodInvocation.proceed(ReflectiveMethodInvocation.java:157)
	at org.springframework.aop.interceptor.ExposeInvocationInterceptor.invoke(ExposeInvocationInterceptor.java:92)
	at org.springframework.aop.framework.ReflectiveMethodInvocation.proceed(ReflectiveMethodInvocation.java:179)
	at org.springframework.aop.framework.JdkDynamicAopProxy.invoke(JdkDynamicAopProxy.java:213)
	at com.sun.proxy.$Proxy97.rerunSession(Unknown Source)
	at sun.reflect.NativeMethodAccessorImpl.invoke0(Native Method)
	at sun.reflect.NativeMethodAccessorImpl.invoke(NativeMethodAccessorImpl.java:62)
	at sun.reflect.DelegatingMethodAccessorImpl.invoke(DelegatingMethodAccessorImpl.java:43)
	at java.lang.reflect.Method.invoke(Method.java:498)
	at org.springframework.aop.support.AopUtils.invokeJoinpointUsingReflection(AopUtils.java:333)
	at org.springframework.aop.framework.JdkDynamicAopProxy.invoke(JdkDynamicAopProxy.java:207)
	at com.sun.proxy.$Proxy97.rerunSession(Unknown Source)
	at com.cadence.mdv.gui.actions.NGVActionManager$2$1.doWork(NGVActionManager.java:271)
	at com.cadence.ufi.gui.worker.GUFITaskExecutor.doInBackground(GUFITaskExecutor.java:69)
	at javax.swing.SwingWorker$1.call(SwingWorker.java:295)
	at java.util.concurrent.FutureTask.run(FutureTask.java:266)
	at javax.swing.SwingWorker.run(SwingWorker.java:334)
	at java.util.concurrent.Executors$RunnableAdapter.call(Executors.java:511)
	at java.util.concurrent.FutureTask.run(FutureTask.java:266)
	at java.util.concurrent.ThreadPoolExecutor.runWorker(ThreadPoolExecutor.java:1149)
	at java.util.concurrent.ThreadPoolExecutor$Worker.run(ThreadPoolExecutor.java:624)
	at java.lang.Thread.run(Thread.java:748)
[ERROR] 2022-11-21 15:41:56,924 [com.cadence.ufi.gui.util.UFIExceptionHandler] [AWT-EventQueue-0] - Session not started. Vsif already exists: /home/dragos.pascu/Projects/ahb-arbiter-project/sim/regression/first_old.vsif:session.unable_start_session_with_msg: Session not started. Vsif already exists: /home/dragos.pascu/Projects/ahb-arbiter-project/sim/regression/first_old.vsif
[ERROR] 2022-11-21 15:41:56,924 [com.cadence.ufi.gui.util.UFIExceptionHandler] [AWT-EventQueue-0] - Session not started. Vsif already exists: /home/dragos.pascu/Projects/ahb-arbiter-project/sim/regression/first_old.vsif
session.unable_start_session_with_msg: Session not started. Vsif already exists: /home/dragos.pascu/Projects/ahb-arbiter-project/sim/regression/first_old.vsif
	at com.cadence.mdv.services.SessionOperationsService.getVsifPath(SessionOperationsService.java:1172)
	at com.cadence.mdv.services.SessionOperationsService.doRerun0(SessionOperationsService.java:1064)
	at com.cadence.mdv.services.SessionOperationsService.rerunSession(SessionOperationsService.java:1042)
	at sun.reflect.NativeMethodAccessorImpl.invoke0(Native Method)
	at sun.reflect.NativeMethodAccessorImpl.invoke(NativeMethodAccessorImpl.java:62)
	at sun.reflect.DelegatingMethodAccessorImpl.invoke(DelegatingMethodAccessorImpl.java:43)
	at java.lang.reflect.Method.invoke(Method.java:498)
	at org.springframework.aop.support.AopUtils.invokeJoinpointUsingReflection(AopUtils.java:333)
	at org.springframework.aop.framework.ReflectiveMethodInvocation.invokeJoinpoint(ReflectiveMethodInvocation.java:190)
	at org.springframework.aop.framework.ReflectiveMethodInvocation.proceed(ReflectiveMethodInvocation.java:157)
	at org.springframework.aop.interceptor.ExposeInvocationInterceptor.invoke(ExposeInvocationInterceptor.java:92)
	at org.springframework.aop.framework.ReflectiveMethodInvocation.proceed(ReflectiveMethodInvocation.java:179)
	at org.springframework.aop.framework.JdkDynamicAopProxy.invoke(JdkDynamicAopProxy.java:213)
	at com.sun.proxy.$Proxy97.rerunSession(Unknown Source)
	at sun.reflect.NativeMethodAccessorImpl.invoke0(Native Method)
	at sun.reflect.NativeMethodAccessorImpl.invoke(NativeMethodAccessorImpl.java:62)
	at sun.reflect.DelegatingMethodAccessorImpl.invoke(DelegatingMethodAccessorImpl.java:43)
	at java.lang.reflect.Method.invoke(Method.java:498)
	at org.springframework.aop.support.AopUtils.invokeJoinpointUsingReflection(AopUtils.java:333)
	at org.springframework.aop.framework.JdkDynamicAopProxy.invoke(JdkDynamicAopProxy.java:207)
	at com.sun.proxy.$Proxy97.rerunSession(Unknown Source)
	at com.cadence.mdv.gui.actions.NGVActionManager$2$1.doWork(NGVActionManager.java:271)
	at com.cadence.ufi.gui.worker.GUFITaskExecutor.doInBackground(GUFITaskExecutor.java:69)
	at javax.swing.SwingWorker$1.call(SwingWorker.java:295)
	at java.util.concurrent.FutureTask.run(FutureTask.java:266)
	at javax.swing.SwingWorker.run(SwingWorker.java:334)
	at java.util.concurrent.Executors$RunnableAdapter.call(Executors.java:511)
	at java.util.concurrent.FutureTask.run(FutureTask.java:266)
	at java.util.concurrent.ThreadPoolExecutor.runWorker(ThreadPoolExecutor.java:1149)
	at java.util.concurrent.ThreadPoolExecutor$Worker.run(ThreadPoolExecutor.java:624)
	at java.lang.Thread.run(Thread.java:748)
[ERROR] 2022-11-21 15:42:22,793 [com.cadence.ufi.gui.util.UFIExceptionHandler] [AWT-EventQueue-0] - Session not started. Vsif already exists: /home/dragos.pascu/Projects/ahb-arbiter-project/sim/regression/first_old.vsif:session.unable_start_session_with_msg: Session not started. Vsif already exists: /home/dragos.pascu/Projects/ahb-arbiter-project/sim/regression/first_old.vsif
[ERROR] 2022-11-21 15:42:22,793 [com.cadence.ufi.gui.util.UFIExceptionHandler] [AWT-EventQueue-0] - Session not started. Vsif already exists: /home/dragos.pascu/Projects/ahb-arbiter-project/sim/regression/first_old.vsif
session.unable_start_session_with_msg: Session not started. Vsif already exists: /home/dragos.pascu/Projects/ahb-arbiter-project/sim/regression/first_old.vsif
	at com.cadence.mdv.services.SessionOperationsService.getVsifPath(SessionOperationsService.java:1172)
	at com.cadence.mdv.services.SessionOperationsService.doRerun0(SessionOperationsService.java:1064)
	at com.cadence.mdv.services.SessionOperationsService.rerunSession(SessionOperationsService.java:1042)
	at sun.reflect.NativeMethodAccessorImpl.invoke0(Native Method)
	at sun.reflect.NativeMethodAccessorImpl.invoke(NativeMethodAccessorImpl.java:62)
	at sun.reflect.DelegatingMethodAccessorImpl.invoke(DelegatingMethodAccessorImpl.java:43)
	at java.lang.reflect.Method.invoke(Method.java:498)
	at org.springframework.aop.support.AopUtils.invokeJoinpointUsingReflection(AopUtils.java:333)
	at org.springframework.aop.framework.ReflectiveMethodInvocation.invokeJoinpoint(ReflectiveMethodInvocation.java:190)
	at org.springframework.aop.framework.ReflectiveMethodInvocation.proceed(ReflectiveMethodInvocation.java:157)
	at org.springframework.aop.interceptor.ExposeInvocationInterceptor.invoke(ExposeInvocationInterceptor.java:92)
	at org.springframework.aop.framework.ReflectiveMethodInvocation.proceed(ReflectiveMethodInvocation.java:179)
	at org.springframework.aop.framework.JdkDynamicAopProxy.invoke(JdkDynamicAopProxy.java:213)
	at com.sun.proxy.$Proxy97.rerunSession(Unknown Source)
	at sun.reflect.NativeMethodAccessorImpl.invoke0(Native Method)
	at sun.reflect.NativeMethodAccessorImpl.invoke(NativeMethodAccessorImpl.java:62)
	at sun.reflect.DelegatingMethodAccessorImpl.invoke(DelegatingMethodAccessorImpl.java:43)
	at java.lang.reflect.Method.invoke(Method.java:498)
	at org.springframework.aop.support.AopUtils.invokeJoinpointUsingReflection(AopUtils.java:333)
	at org.springframework.aop.framework.JdkDynamicAopProxy.invoke(JdkDynamicAopProxy.java:207)
	at com.sun.proxy.$Proxy97.rerunSession(Unknown Source)
	at com.cadence.mdv.MDVContextServicesImpl.rerun(MDVContextServicesImpl.java:1057)
	at com.cadence.mdv.gui.actions.NGVActionManager$3$1.doWork(NGVActionManager.java:477)
	at com.cadence.ufi.gui.worker.GUFITaskExecutor.doInBackground(GUFITaskExecutor.java:69)
	at javax.swing.SwingWorker$1.call(SwingWorker.java:295)
	at java.util.concurrent.FutureTask.run(FutureTask.java:266)
	at javax.swing.SwingWorker.run(SwingWorker.java:334)
	at java.util.concurrent.Executors$RunnableAdapter.call(Executors.java:511)
	at java.util.concurrent.FutureTask.run(FutureTask.java:266)
	at java.util.concurrent.ThreadPoolExecutor.runWorker(ThreadPoolExecutor.java:1149)
	at java.util.concurrent.ThreadPoolExecutor$Worker.run(ThreadPoolExecutor.java:624)
	at java.lang.Thread.run(Thread.java:748)
[ERROR] 2022-11-21 15:42:33,434 [com.cadence.ufi.gui.util.UFIExceptionHandler] [AWT-EventQueue-0] - Session not started. Vsif already exists: /home/dragos.pascu/Projects/ahb-arbiter-project/sim/regression/first.vsif:session.unable_start_session_with_msg: Session not started. Vsif already exists: /home/dragos.pascu/Projects/ahb-arbiter-project/sim/regression/first.vsif
[ERROR] 2022-11-21 15:42:33,434 [com.cadence.ufi.gui.util.UFIExceptionHandler] [AWT-EventQueue-0] - Session not started. Vsif already exists: /home/dragos.pascu/Projects/ahb-arbiter-project/sim/regression/first.vsif
session.unable_start_session_with_msg: Session not started. Vsif already exists: /home/dragos.pascu/Projects/ahb-arbiter-project/sim/regression/first.vsif
	at com.cadence.mdv.services.SessionOperationsService.getVsifPath(SessionOperationsService.java:1172)
	at com.cadence.mdv.services.SessionOperationsService.doRerun0(SessionOperationsService.java:1064)
	at com.cadence.mdv.services.SessionOperationsService.rerunSession(SessionOperationsService.java:1042)
	at sun.reflect.NativeMethodAccessorImpl.invoke0(Native Method)
	at sun.reflect.NativeMethodAccessorImpl.invoke(NativeMethodAccessorImpl.java:62)
	at sun.reflect.DelegatingMethodAccessorImpl.invoke(DelegatingMethodAccessorImpl.java:43)
	at java.lang.reflect.Method.invoke(Method.java:498)
	at org.springframework.aop.support.AopUtils.invokeJoinpointUsingReflection(AopUtils.java:333)
	at org.springframework.aop.framework.ReflectiveMethodInvocation.invokeJoinpoint(ReflectiveMethodInvocation.java:190)
	at org.springframework.aop.framework.ReflectiveMethodInvocation.proceed(ReflectiveMethodInvocation.java:157)
	at org.springframework.aop.interceptor.ExposeInvocationInterceptor.invoke(ExposeInvocationInterceptor.java:92)
	at org.springframework.aop.framework.ReflectiveMethodInvocation.proceed(ReflectiveMethodInvocation.java:179)
	at org.springframework.aop.framework.JdkDynamicAopProxy.invoke(JdkDynamicAopProxy.java:213)
	at com.sun.proxy.$Proxy97.rerunSession(Unknown Source)
	at sun.reflect.NativeMethodAccessorImpl.invoke0(Native Method)
	at sun.reflect.NativeMethodAccessorImpl.invoke(NativeMethodAccessorImpl.java:62)
	at sun.reflect.DelegatingMethodAccessorImpl.invoke(DelegatingMethodAccessorImpl.java:43)
	at java.lang.reflect.Method.invoke(Method.java:498)
	at org.springframework.aop.support.AopUtils.invokeJoinpointUsingReflection(AopUtils.java:333)
	at org.springframework.aop.framework.JdkDynamicAopProxy.invoke(JdkDynamicAopProxy.java:207)
	at com.sun.proxy.$Proxy97.rerunSession(Unknown Source)
	at com.cadence.mdv.MDVContextServicesImpl.rerun(MDVContextServicesImpl.java:1057)
	at com.cadence.mdv.gui.actions.NGVActionManager$3$1.doWork(NGVActionManager.java:477)
	at com.cadence.ufi.gui.worker.GUFITaskExecutor.doInBackground(GUFITaskExecutor.java:69)
	at javax.swing.SwingWorker$1.call(SwingWorker.java:295)
	at java.util.concurrent.FutureTask.run(FutureTask.java:266)
	at javax.swing.SwingWorker.run(SwingWorker.java:334)
	at java.util.concurrent.Executors$RunnableAdapter.call(Executors.java:511)
	at java.util.concurrent.FutureTask.run(FutureTask.java:266)
	at java.util.concurrent.ThreadPoolExecutor.runWorker(ThreadPoolExecutor.java:1149)
	at java.util.concurrent.ThreadPoolExecutor$Worker.run(ThreadPoolExecutor.java:624)
	at java.lang.Thread.run(Thread.java:748)
[INFO ] 2022-11-21 15:45:33,628 [com.cadence.mdv.imc.Main] [main] - Binding debug tools http on port: 37480
[ERROR] 2022-11-21 16:10:16,220 [com.cadence.ufi.gui.util.UFIExceptionHandler] [AWT-EventQueue-0] - Rerun failed: no runs to rerun:rerun.failed_no_runs: Rerun failed: no runs to rerun
[ERROR] 2022-11-21 16:10:16,230 [com.cadence.ufi.gui.util.UFIExceptionHandler] [AWT-EventQueue-0] - Rerun failed: no runs to rerun
rerun.failed_no_runs: Rerun failed: no runs to rerun
	at com.cadence.mdv.gui.actions.NGVActionManager$5$1.doWork(NGVActionManager.java:661)
	at com.cadence.ufi.gui.worker.GUFITaskExecutor.doInBackground(GUFITaskExecutor.java:69)
	at javax.swing.SwingWorker$1.call(SwingWorker.java:295)
	at java.util.concurrent.FutureTask.run(FutureTask.java:266)
	at javax.swing.SwingWorker.run(SwingWorker.java:334)
	at java.util.concurrent.Executors$RunnableAdapter.call(Executors.java:511)
	at java.util.concurrent.FutureTask.run(FutureTask.java:266)
	at java.util.concurrent.ThreadPoolExecutor.runWorker(ThreadPoolExecutor.java:1149)
	at java.util.concurrent.ThreadPoolExecutor$Worker.run(ThreadPoolExecutor.java:624)
	at java.lang.Thread.run(Thread.java:748)
[ERROR] 2022-11-21 16:10:26,538 [com.cadence.ufi.gui.util.UFIExceptionHandler] [AWT-EventQueue-0] - Session not started. Vsif already exists: /home/dragos.pascu/Projects/ahb-arbiter-project/sim/regression/first.vsif:session.unable_start_session_with_msg: Session not started. Vsif already exists: /home/dragos.pascu/Projects/ahb-arbiter-project/sim/regression/first.vsif
[ERROR] 2022-11-21 16:10:26,538 [com.cadence.ufi.gui.util.UFIExceptionHandler] [AWT-EventQueue-0] - Session not started. Vsif already exists: /home/dragos.pascu/Projects/ahb-arbiter-project/sim/regression/first.vsif
session.unable_start_session_with_msg: Session not started. Vsif already exists: /home/dragos.pascu/Projects/ahb-arbiter-project/sim/regression/first.vsif
	at com.cadence.mdv.services.SessionOperationsService.getVsifPath(SessionOperationsService.java:1172)
	at com.cadence.mdv.services.SessionOperationsService.doRerun0(SessionOperationsService.java:1064)
	at com.cadence.mdv.services.SessionOperationsService.rerunSession(SessionOperationsService.java:1042)
	at sun.reflect.NativeMethodAccessorImpl.invoke0(Native Method)
	at sun.reflect.NativeMethodAccessorImpl.invoke(NativeMethodAccessorImpl.java:62)
	at sun.reflect.DelegatingMethodAccessorImpl.invoke(DelegatingMethodAccessorImpl.java:43)
	at java.lang.reflect.Method.invoke(Method.java:498)
	at org.springframework.aop.support.AopUtils.invokeJoinpointUsingReflection(AopUtils.java:333)
	at org.springframework.aop.framework.ReflectiveMethodInvocation.invokeJoinpoint(ReflectiveMethodInvocation.java:190)
	at org.springframework.aop.framework.ReflectiveMethodInvocation.proceed(ReflectiveMethodInvocation.java:157)
	at org.springframework.aop.interceptor.ExposeInvocationInterceptor.invoke(ExposeInvocationInterceptor.java:92)
	at org.springframework.aop.framework.ReflectiveMethodInvocation.proceed(ReflectiveMethodInvocation.java:179)
	at org.springframework.aop.framework.JdkDynamicAopProxy.invoke(JdkDynamicAopProxy.java:213)
	at com.sun.proxy.$Proxy97.rerunSession(Unknown Source)
	at sun.reflect.NativeMethodAccessorImpl.invoke0(Native Method)
	at sun.reflect.NativeMethodAccessorImpl.invoke(NativeMethodAccessorImpl.java:62)
	at sun.reflect.DelegatingMethodAccessorImpl.invoke(DelegatingMethodAccessorImpl.java:43)
	at java.lang.reflect.Method.invoke(Method.java:498)
	at org.springframework.aop.support.AopUtils.invokeJoinpointUsingReflection(AopUtils.java:333)
	at org.springframework.aop.framework.JdkDynamicAopProxy.invoke(JdkDynamicAopProxy.java:207)
	at com.sun.proxy.$Proxy97.rerunSession(Unknown Source)
	at com.cadence.mdv.MDVContextServicesImpl.rerun(MDVContextServicesImpl.java:1057)
	at com.cadence.mdv.gui.actions.NGVActionManager$3$1.doWork(NGVActionManager.java:477)
	at com.cadence.ufi.gui.worker.GUFITaskExecutor.doInBackground(GUFITaskExecutor.java:69)
	at javax.swing.SwingWorker$1.call(SwingWorker.java:295)
	at java.util.concurrent.FutureTask.run(FutureTask.java:266)
	at javax.swing.SwingWorker.run(SwingWorker.java:334)
	at java.util.concurrent.Executors$RunnableAdapter.call(Executors.java:511)
	at java.util.concurrent.FutureTask.run(FutureTask.java:266)
	at java.util.concurrent.ThreadPoolExecutor.runWorker(ThreadPoolExecutor.java:1149)
	at java.util.concurrent.ThreadPoolExecutor$Worker.run(ThreadPoolExecutor.java:624)
	at java.lang.Thread.run(Thread.java:748)
