Operating system: Linux
                  0.0.0 Linux 3.10.0-1160.el7.x86_64 #1 SMP Mon Oct 19 16:18:59 UTC 2020 x86_64
CPU: x86
     GenuineIntel family 15 model 6 stepping 1
     2 CPUs

GPU: UNKNOWN

Crash reason:  DUMP_REQUESTED
Crash address: 0xf72f28b1
Process uptime: not available

Thread 0 (crashed)
 0  libcbreakpad.so + 0x298b1
    eip = 0xf72f28b1   esp = 0x0083849e   ebp = 0xf6ced848   ebx = 0xf7323000
    esi = 0xf7323000   edi = 0xf6ced8f8   eax = 0x00000000   ecx = 0x00000001
    edx = 0x00000000   efl = 0xf72d123c
    Found by: given as instruction pointer in context
 1  libcbreakpad.so + 0x27b74
    eip = 0xf72f0b74   esp = 0xf6ced850   ebp = 0xf6ced998
    Found by: previous frame's frame pointer
 2  xmsim + 0x12f80b8
    eip = 0x093400b8   esp = 0xf6ced9a0   ebp = 0xf6cedc78
    Found by: previous frame's frame pointer
 3  linux-gate.so + 0x410
    eip = 0xf770d410   esp = 0xf6cedc80   ebp = 0xf67bb928
    Found by: previous frame's frame pointer

Loaded modules:
0x08048000 - 0x0a91dfff  xmsim  ???  (main)  (WARNING: No symbols, xmsim, EAA95EAA59A2E8172BA8ECA4D9455B370)
0xf1699000 - 0xf1bb4fff  libucis.so  ???
0xf1bb5000 - 0xf1bf0fff  libucis.so  ???
0xf38d6000 - 0xf38fbfff  libtbbmalloc.so.2  ???
0xf390e000 - 0xf3951fff  libtbb.so.2  ???
0xf4759000 - 0xf47bdfff  libuvmapi_sv.so  ???
0xf47be000 - 0xf47c0fff  libuvmapi_sv.so  ???
0xf47c1000 - 0xf483afff  libuvmapi_generic.so  ???
0xf483b000 - 0xf483dfff  libuvmapi_generic.so  ???
0xf486f000 - 0xf488afff  libtbbshm.so  ???
0xf48b0000 - 0xf48c5fff  libz_sh.so  ???
0xf48c6000 - 0xf48c8fff  libz_sh.so  ???
0xf48ca000 - 0xf48d0fff  gconv-modules.cache  ???
0xf48d1000 - 0xf48e0fff  waves.dsn  ???
0xf4970000 - 0xf4974fff  libuvmdpi.so  ???
0xf4975000 - 0xf498cfff  libsdi-verilog-nld.so  ???
0xf498d000 - 0xf49abfff  libsdi2-sst2-nld.so  ???
0xf49ac000 - 0xf4a2efff  libdwapi.so  ???
0xf4a72000 - 0xf596dfff  librnc.so  ???
0xf688b000 - 0xf68aafff  libml_uvm.so  ???
0xf6d37000 - 0xf6d49fff  libbz2.so.1.0.6  ???
0xf6d4a000 - 0xf6d73fff  liblzma.so.5.2.2  ???
0xf6d74000 - 0xf6d8afff  libz.so.1.2.7  ???
0xf6d8b000 - 0xf6da5fff  libelf-0.176.so  ???
0xf6da6000 - 0xf6dabfff  libattr.so.1.1.0  ???
0xf6dac000 - 0xf6e06fff  libdw-0.176.so  ???
0xf6e07000 - 0xf6e0ffff  librt-2.17.so  ???
0xf6e10000 - 0xf6e15fff  libcap.so.2.22  ???
0xf6e16000 - 0xf6e2afff  libnss_myhostname.so.2  ???
0xf6e2b000 - 0xf6e41fff  libresolv-2.17.so  ???
0xf6e44000 - 0xf6e4afff  libnss_dns-2.17.so  ???
0xf6e4b000 - 0xf6fe8fff  libStrapNC.so  ???
0xf6fe9000 - 0xf7014fff  libStrapNC.so  ???
0xf7022000 - 0xf70b4fff  libdcapi.so  ???
0xf70b6000 - 0xf70c2fff  libnss_files-2.17.so  ???
0xf70c9000 - 0xf72c8fff  locale-archive  ???
0xf72c9000 - 0xf7324fff  libcbreakpad.so  ???  (WARNING: No symbols, libcbreakpad.so, 6E56DF193ADE225080C65A5DC0FED4950)
0xf732f000 - 0xf74f2fff  libc-2.17.so  ???
0xf74f3000 - 0xf74f6fff  libc-2.17.so  ???
0xf74fa000 - 0xf7515fff  libgcc_s.so.1  ???
0xf7516000 - 0xf768cfff  libstdc++.so.6.0.22  ???
0xf7691000 - 0xf76d2fff  libm-2.17.so  ???
0xf76d3000 - 0xf76d7fff  libdl-2.17.so  ???
0xf76d8000 - 0xf76f0fff  libpthread-2.17.so  ???
0xf76f3000 - 0xf76f6fff  _sv_export.so (deleted)  ???
0xf76f7000 - 0xf7700fff  libuvmpli.so  ???
0xf7701000 - 0xf770afff  libunicovdirmgr.so  ???
0xf770d000 - 0xf770dfff  linux-gate.so  ???  (WARNING: No symbols, linux-gate.so, C3A96142D3A8551E62073FD6433023210)
0xf770e000 - 0xf7731fff  ld-2.17.so  ???

******BACKTRACE*****
vserror [0x93400b8]
serror [0x93415aa]
sv_seghandler [0x86714af]
sss_load_trg_data [0x86f807a]
sss_trdrv_type [0x86eeab7]
ssl_net_type [0x87f19d5]
cov_tog_isvalid_net [0x8df14fa]
cov_tog_dump_vlog_helper [0x8dfbcca]
cov_tog_dump [0x8dfd1cd]
cov_data_create_instance.part.48 [0x8e3697a]
sslu_traverse_scopes [0x8889f8a]
sslu_traverse_scopes [0x888a8b9]
traverseAllDut.constprop.51 [0x8e1c25d]
cov_data_dump [0x8e385dd]
cover_dump [0x82798fc]
nc_prepare_to_exit [0x81e018d]
nc_fini0 [0x81e0864]
Tcl_Exit [0x8cfb632]
exit_command [0x81fb2fc]
cmd_wrapper [0x85abe52]
TclInvokeStringCommand [0x8c6c81c]
Dispatch [0x8c6c2a5]
TclNRRunCallbacks [0x8c71c33]
Tcl_EvalObjv [0x8c71cad]
TclEvalEx [0x8c74253]
Tcl_EvalEx [0x8c746ae]
Tcl_Eval [0x8c74701]
cmd_tcl_run [0x85b01f6]
wrap_cmd_tcl_run [0x81ceaa6]
xncmain [0x81de3ad]
ncmain [0x81d0c12]
main [0x9ac27d8]
_start [0x815a225]
******BACKTRACE END*****