#
# There is insufficient memory for the Java Runtime Environment to continue.
# Native memory allocation (mmap) failed to map 219152384 bytes for committing reserved memory.
# Possible reasons:
#   The system is out of physical RAM or swap space
#   The process is running with CompressedOops enabled, and the Java Heap may be blocking the growth of the native heap
# Possible solutions:
#   Reduce memory load on the system
#   Increase physical memory or swap space
#   Check if swap backing store is full
#   Decrease Java heap size (-Xmx/-Xms)
#   Decrease number of Java threads
#   Decrease Java thread stack sizes (-Xss)
#   Set larger code cache with -XX:ReservedCodeCacheSize=
#   JVM is running with Unscaled Compressed Oops mode in which the Java heap is
#     placed in the first 4GB address space. The Java Heap base address is the
#     maximum limit for the native heap growth. Please use -XX:HeapBaseMinAddress
#     to set the Java Heap base and to place the Java Heap above 4GB virtual address.
# This output file may be truncated or incomplete.
#
#  Out of Memory Error (os_linux.cpp:2749), pid=7105, tid=0x00007f08e8fff700
#
# JRE version: OpenJDK Runtime Environment (8.0) (build 1.8.0-internal-phz_2019_01_28_17_55-b00)
# Java VM: OpenJDK 64-Bit Server VM (25.71-b00 mixed mode linux-amd64 compressed oops)
# Failed to write core dump. Core dumps have been disabled. To enable core dumping, try "ulimit -c unlimited" before starting Java again
#

---------------  T H R E A D  ---------------

Current thread (0x00007f08f807e800):  VMThread [stack: 0x00007f08e8f00000,0x00007f08e9000000] [id=7109]

Stack: [0x00007f08e8f00000,0x00007f08e9000000],  sp=0x00007f08e8ffe490,  free space=1017k
Native frames: (J=compiled Java code, j=interpreted, Vv=VM code, C=native code)
V  [libjvm.so+0xa406a0]  VMError::report_and_die()+0x160
V  [libjvm.so+0x4b8387]  report_vm_out_of_memory(char const*, int, unsigned long, VMErrorType, char const*)+0x67
V  [libjvm.so+0x897118]  os::pd_commit_memory(char*, unsigned long, unsigned long, bool)+0xd8
V  [libjvm.so+0x88e9df]  os::commit_memory(char*, unsigned long, unsigned long, bool)+0x1f
V  [libjvm.so+0x90a8ce]  PSVirtualSpace::expand_by(unsigned long)+0x4e
V  [libjvm.so+0x90bb6b]  PSYoungGen::resize(unsigned long, unsigned long)+0xdb
V  [libjvm.so+0x908373]  PSScavenge::invoke_no_policy()+0x1503
V  [libjvm.so+0x901389]  PSParallelCompact::invoke(bool)+0x49
V  [libjvm.so+0x43c233]  CollectedHeap::collect_as_vm_thread(GCCause::Cause)+0x143
V  [libjvm.so+0xa41a79]  VM_CollectForMetadataAllocation::doit()+0x149
V  [libjvm.so+0xa471f7]  VM_Operation::evaluate()+0x47
V  [libjvm.so+0xa44ac8]  VMThread::evaluate_operation(VM_Operation*) [clone .constprop.30]+0xd8
V  [libjvm.so+0xa45d76]  VMThread::loop()+0x246
V  [libjvm.so+0xa46262]  VMThread::run()+0x72
V  [libjvm.so+0x894772]  java_start(Thread*)+0xf2

VM_Operation (0x00007f08ffd82e10): CollectForMetadataAllocation, mode: safepoint, requested by thread 0x00007f08f8015000


---------------  P R O C E S S  ---------------

Java Threads: ( => current thread )
  0x00007f08f9409800 JavaThread "process reaper" daemon [_thread_blocked, id=7157, stack(0x00007f08b007c000,0x00007f08b00b5000)]
  0x00007f08f848c800 JavaThread "TimerQueue" daemon [_thread_blocked, id=7134, stack(0x00007f08a5902000,0x00007f08a5df0000)]
  0x00007f08f83f9000 JavaThread "AWT-EventQueue-0" [_thread_blocked, id=7133, stack(0x00007f08a5df0000,0x00007f08a62de000)]
  0x00007f08f8826000 JavaThread "AWT-Shutdown" [_thread_blocked, id=7132, stack(0x00007f08a62de000,0x00007f08a67cc000)]
  0x00007f08f8e50800 JavaThread "AWT-XAWT" daemon [_thread_blocked, id=7127, stack(0x00007f08b1b43000,0x00007f08b2031000)]
  0x00007f08f8e2f800 JavaThread "Java2D Disposer" daemon [_thread_blocked, id=7125, stack(0x00007f08b2442000,0x00007f08b2930000)]
  0x00007f08f8bda800 JavaThread "FileWatchdog" daemon [_thread_blocked, id=7123, stack(0x00007f08c82b7000,0x00007f08c87a5000)]
  0x00007f08f80c5800 JavaThread "Service Thread" daemon [_thread_blocked, id=7115, stack(0x00007f08c93cd000,0x00007f08c98bb000)]
  0x00007f08f80c2800 JavaThread "C1 CompilerThread1" daemon [_thread_blocked, id=7114, stack(0x00007f08c98bc000,0x00007f08c99bc000)]
  0x00007f08f80bf800 JavaThread "C2 CompilerThread0" daemon [_thread_blocked, id=7113, stack(0x00007f08c99bd000,0x00007f08c9abd000)]
  0x00007f08f80be000 JavaThread "Signal Dispatcher" daemon [_thread_blocked, id=7112, stack(0x00007f08e8035000,0x00007f08e8523000)]
  0x00007f08f808a800 JavaThread "Finalizer" daemon [_thread_blocked, id=7111, stack(0x00007f08e8523000,0x00007f08e8a11000)]
  0x00007f08f8088000 JavaThread "Reference Handler" daemon [_thread_blocked, id=7110, stack(0x00007f08e8a11000,0x00007f08e8eff000)]
  0x00007f08f8015000 JavaThread "main" [_thread_blocked, id=7106, stack(0x00007f08ff89a000,0x00007f08ffd88000)]

Other Threads:
=>0x00007f08f807e800 VMThread [stack: 0x00007f08e8f00000,0x00007f08e9000000] [id=7109]
  0x00007f08f80c8000 WatcherThread [stack: 0x00007f08c92cd000,0x00007f08c93cd000] [id=7116]

VM state:at safepoint (normal execution)

VM Mutex/Monitor currently owned by a thread:  ([mutex/lock_event])
[0x00007f08f8011e60] Threads_lock - owner thread: 0x00007f08f807e800
[0x00007f08f8012360] Heap_lock - owner thread: 0x00007f08f8015000

heap address: 0x0000000080000000, size: 2048 MB, Compressed Oops mode: 32-bit
Narrow klass base: 0x0000000000000000, Narrow klass shift: 3
Compressed class space size: 1073741824 Address: 0x0000000100000000

Heap:
 PSYoungGen      total 450560K, used 20249K [0x00000000d5580000, 0x00000000f2b80000, 0x0000000100000000)
  eden space 419840K, 0% used [0x00000000d5580000,0x00000000d5580000,0x00000000eef80000)
  from space 30720K, 65% used [0x00000000eef80000,0x00000000f0346430,0x00000000f0d80000)
  to   space 27648K, 0% used [0x00000000f1080000,0x00000000f1080000,0x00000000f2b80000)
 ParOldGen       total 175104K, used 42096K [0x0000000080000000, 0x000000008ab00000, 0x00000000d5580000)
  object space 175104K, 24% used [0x0000000080000000,0x000000008291c268,0x000000008ab00000)
 Metaspace       used 35074K, capacity 35374K, committed 35828K, reserved 1081344K
  class space    used 4093K, capacity 4205K, committed 4272K, reserved 1048576K

Card table byte_map: [0x00007f08fdbf0000,0x00007f08fdff1000] byte_map_base: 0x00007f08fd7f0000

Marking Bits: (ParMarkBitMap*) 0x00007f0900f9b5c0
 Begin Bits: [0x00007f08e0000000, 0x00007f08e2000000)
 End Bits:   [0x00007f08e2000000, 0x00007f08e4000000)

Polling page: 0x00007f0901bdd000

CodeCache: size=245760Kb used=12075Kb max_used=12087Kb free=233684Kb
 bounds [0x00007f08e9000000, 0x00007f08e9be0000, 0x00007f08f8000000]
 total_blobs=4148 nmethods=3485 adapters=576
 compilation: enabled

Compilation events (10 events):
Event: 23.854 Thread 0x00007f08f80c2800 3792   !   3       javax.swing.TimerQueue::addTimer (82 bytes)
Event: 23.855 Thread 0x00007f08f80c2800 nmethod 3792 0x00007f08e9bd2ed0 code [0x00007f08e9bd30a0, 0x00007f08e9bd3698]
Event: 23.904 Thread 0x00007f08f80c2800 3793       3       java.util.PriorityQueue::poll (64 bytes)
Event: 23.905 Thread 0x00007f08f80c2800 nmethod 3793 0x00007f08e9bd3910 code [0x00007f08e9bd3ac0, 0x00007f08e9bd3f58]
Event: 23.905 Thread 0x00007f08f80c2800 3794       3       javax.swing.Timer::post (36 bytes)
Event: 23.905 Thread 0x00007f08f80c2800 nmethod 3794 0x00007f08e9bd4150 code [0x00007f08e9bd4300, 0x00007f08e9bd4938]
Event: 23.905 Thread 0x00007f08f80c2800 3795       3       javax.swing.TimerQueue$DelayedTimer::setTime (6 bytes)
Event: 23.905 Thread 0x00007f08f80c2800 nmethod 3795 0x00007f08e9bd4b50 code [0x00007f08e9bd4ca0, 0x00007f08e9bd4e10]
Event: 24.167 Thread 0x00007f08f80bf800 3796       4       java.util.jar.Attributes$Name::hashCode (24 bytes)
Event: 24.176 Thread 0x00007f08f80bf800 nmethod 3796 0x00007f08e9bd8610 code [0x00007f08e9bd8760, 0x00007f08e9bd8a18]

GC Heap History (10 events):
Event: 17.379 GC heap after
Heap after GC invocations=7 (full 1):
 PSYoungGen      total 208384K, used 12283K [0x00000000d5580000, 0x00000000e3b80000, 0x0000000100000000)
  eden space 189440K, 0% used [0x00000000d5580000,0x00000000d5580000,0x00000000e0e80000)
  from space 18944K, 64% used [0x00000000e2900000,0x00000000e34fee70,0x00000000e3b80000)
  to   space 23040K, 0% used [0x00000000e0e80000,0x00000000e0e80000,0x00000000e2500000)
 ParOldGen       total 175104K, used 29074K [0x0000000080000000, 0x000000008ab00000, 0x00000000d5580000)
  object space 175104K, 16% used [0x0000000080000000,0x0000000081c648c8,0x000000008ab00000)
 Metaspace       used 33818K, capacity 34176K, committed 34864K, reserved 1079296K
  class space    used 3949K, capacity 4042K, committed 4144K, reserved 1048576K
}
Event: 17.809 GC heap before
{Heap before GC invocations=8 (full 1):
 PSYoungGen      total 208384K, used 201723K [0x00000000d5580000, 0x00000000e3b80000, 0x0000000100000000)
  eden space 189440K, 100% used [0x00000000d5580000,0x00000000e0e80000,0x00000000e0e80000)
  from space 18944K, 64% used [0x00000000e2900000,0x00000000e34fee70,0x00000000e3b80000)
  to   space 23040K, 0% used [0x00000000e0e80000,0x00000000e0e80000,0x00000000e2500000)
 ParOldGen       total 175104K, used 29074K [0x0000000080000000, 0x000000008ab00000, 0x00000000d5580000)
  object space 175104K, 16% used [0x0000000080000000,0x0000000081c648c8,0x000000008ab00000)
 Metaspace       used 33818K, capacity 34176K, committed 34864K, reserved 1079296K
  class space    used 3949K, capacity 4042K, committed 4144K, reserved 1048576K
Event: 17.832 GC heap after
Heap after GC invocations=8 (full 1):
 PSYoungGen      total 212480K, used 13284K [0x00000000d5580000, 0x00000000e9800000, 0x0000000100000000)
  eden space 189440K, 0% used [0x00000000d5580000,0x00000000d5580000,0x00000000e0e80000)
  from space 23040K, 57% used [0x00000000e0e80000,0x00000000e1b79210,0x00000000e2500000)
  to   space 21504K, 0% used [0x00000000e8300000,0x00000000e8300000,0x00000000e9800000)
 ParOldGen       total 175104K, used 29082K [0x0000000080000000, 0x000000008ab00000, 0x00000000d5580000)
  object space 175104K, 16% used [0x0000000080000000,0x0000000081c668c8,0x000000008ab00000)
 Metaspace       used 33818K, capacity 34176K, committed 34864K, reserved 1079296K
  class space    used 3949K, capacity 4042K, committed 4144K, reserved 1048576K
}
Event: 18.097 GC heap before
{Heap before GC invocations=9 (full 1):
 PSYoungGen      total 212480K, used 202724K [0x00000000d5580000, 0x00000000e9800000, 0x0000000100000000)
  eden space 189440K, 100% used [0x00000000d5580000,0x00000000e0e80000,0x00000000e0e80000)
  from space 23040K, 57% used [0x00000000e0e80000,0x00000000e1b79210,0x00000000e2500000)
  to   space 21504K, 0% used [0x00000000e8300000,0x00000000e8300000,0x00000000e9800000)
 ParOldGen       total 175104K, used 29082K [0x0000000080000000, 0x000000008ab00000, 0x00000000d5580000)
  object space 175104K, 16% used [0x0000000080000000,0x0000000081c668c8,0x000000008ab00000)
 Metaspace       used 34140K, capacity 34464K, committed 35120K, reserved 1081344K
  class space    used 3991K, capacity 4074K, committed 4144K, reserved 1048576K
Event: 18.438 GC heap after
Heap after GC invocations=9 (full 1):
 PSYoungGen      total 306176K, used 21089K [0x00000000d5580000, 0x00000000edc00000, 0x0000000100000000)
  eden space 284672K, 0% used [0x00000000d5580000,0x00000000d5580000,0x00000000e6b80000)
  from space 21504K, 98% used [0x00000000e8300000,0x00000000e9798730,0x00000000e9800000)
  to   space 24064K, 0% used [0x00000000e6b80000,0x00000000e6b80000,0x00000000e8300000)
 ParOldGen       total 175104K, used 29090K [0x0000000080000000, 0x000000008ab00000, 0x00000000d5580000)
  object space 175104K, 16% used [0x0000000080000000,0x0000000081c688c8,0x000000008ab00000)
 Metaspace       used 34140K, capacity 34464K, committed 35120K, reserved 1081344K
  class space    used 3991K, capacity 4074K, committed 4144K, reserved 1048576K
}
Event: 22.132 GC heap before
{Heap before GC invocations=10 (full 1):
 PSYoungGen      total 306176K, used 305761K [0x00000000d5580000, 0x00000000edc00000, 0x0000000100000000)
  eden space 284672K, 100% used [0x00000000d5580000,0x00000000e6b80000,0x00000000e6b80000)
  from space 21504K, 98% used [0x00000000e8300000,0x00000000e9798730,0x00000000e9800000)
  to   space 24064K, 0% used [0x00000000e6b80000,0x00000000e6b80000,0x00000000e8300000)
 ParOldGen       total 175104K, used 29090K [0x0000000080000000, 0x000000008ab00000, 0x00000000d5580000)
  object space 175104K, 16% used [0x0000000080000000,0x0000000081c688c8,0x000000008ab00000)
 Metaspace       used 34149K, capacity 34464K, committed 35120K, reserved 1081344K
  class space    used 3991K, capacity 4074K, committed 4144K, reserved 1048576K
Event: 22.190 GC heap after
Heap after GC invocations=10 (full 1):
 PSYoungGen      total 308736K, used 24052K [0x00000000d5580000, 0x00000000f2c00000, 0x0000000100000000)
  eden space 284672K, 0% used [0x00000000d5580000,0x00000000d5580000,0x00000000e6b80000)
  from space 24064K, 99% used [0x00000000e6b80000,0x00000000e82fd220,0x00000000e8300000)
  to   space 28160K, 0% used [0x00000000f1080000,0x00000000f1080000,0x00000000f2c00000)
 ParOldGen       total 175104K, used 31922K [0x0000000080000000, 0x000000008ab00000, 0x00000000d5580000)
  object space 175104K, 18% used [0x0000000080000000,0x0000000081f2ca68,0x000000008ab00000)
 Metaspace       used 34149K, capacity 34464K, committed 35120K, reserved 1081344K
  class space    used 3991K, capacity 4074K, committed 4144K, reserved 1048576K
}
Event: 23.978 GC heap before
{Heap before GC invocations=11 (full 1):
 PSYoungGen      total 308736K, used 191087K [0x00000000d5580000, 0x00000000f2c00000, 0x0000000100000000)
  eden space 284672K, 58% used [0x00000000d5580000,0x00000000df89e9e8,0x00000000e6b80000)
  from space 24064K, 99% used [0x00000000e6b80000,0x00000000e82fd220,0x00000000e8300000)
  to   space 28160K, 0% used [0x00000000f1080000,0x00000000f1080000,0x00000000f2c00000)
 ParOldGen       total 175104K, used 31922K [0x0000000080000000, 0x000000008ab00000, 0x00000000d5580000)
  object space 175104K, 18% used [0x0000000080000000,0x0000000081f2ca68,0x000000008ab00000)
 Metaspace       used 34701K, capacity 35022K, committed 35624K, reserved 1081344K
  class space    used 4048K, capacity 4173K, committed 4272K, reserved 1048576K
Event: 24.043 GC heap after
Heap after GC invocations=11 (full 1):
 PSYoungGen      total 447488K, used 27016K [0x00000000d5580000, 0x00000000f2b80000, 0x0000000100000000)
  eden space 419840K, 0% used [0x00000000d5580000,0x00000000d5580000,0x00000000eef80000)
  from space 27648K, 97% used [0x00000000f1080000,0x00000000f2ae2130,0x00000000f2b80000)
  to   space 30720K, 0% used [0x00000000eef80000,0x00000000eef80000,0x00000000f0d80000)
 ParOldGen       total 175104K, used 35087K [0x0000000080000000, 0x000000008ab00000, 0x00000000d5580000)
  object space 175104K, 20% used [0x0000000080000000,0x0000000082243c88,0x000000008ab00000)
 Metaspace       used 34701K, capacity 35022K, committed 35624K, reserved 1081344K
  class space    used 4048K, capacity 4173K, committed 4272K, reserved 1048576K
}
Event: 24.189 GC heap before
{Heap before GC invocations=12 (full 1):
 PSYoungGen      total 447488K, used 35530K [0x00000000d5580000, 0x00000000f2b80000, 0x0000000100000000)
  eden space 419840K, 2% used [0x00000000d5580000,0x00000000d5dd0790,0x00000000eef80000)
  from space 27648K, 97% used [0x00000000f1080000,0x00000000f2ae2130,0x00000000f2b80000)
  to   space 30720K, 0% used [0x00000000eef80000,0x00000000eef80000,0x00000000f0d80000)
 ParOldGen       total 175104K, used 35087K [0x0000000080000000, 0x000000008ab00000, 0x00000000d5580000)
  object space 175104K, 20% used [0x0000000080000000,0x0000000082243c88,0x000000008ab00000)
 Metaspace       used 35074K, capacity 35374K, committed 35828K, reserved 1081344K
  class space    used 4093K, capacity 4205K, committed 4272K, reserved 1048576K

Deoptimization events (10 events):
Event: 14.913 Thread 0x00007f08f8015000 Uncommon trap: reason=class_check action=maybe_recompile pc=0x00007f08e934585c method=java.util.HashMap.putVal(ILjava/lang/Object;Ljava/lang/Object;ZZ)Ljava/lang/Object; @ 203
Event: 14.914 Thread 0x00007f08f8015000 Uncommon trap: reason=class_check action=maybe_recompile pc=0x00007f08e934585c method=java.util.HashMap.putVal(ILjava/lang/Object;Ljava/lang/Object;ZZ)Ljava/lang/Object; @ 203
Event: 15.907 Thread 0x00007f08f8015000 Uncommon trap: reason=unstable_if action=reinterpret pc=0x00007f08e9803668 method=java.util.concurrent.ConcurrentHashMap.get(Ljava/lang/Object;)Ljava/lang/Object; @ 76
Event: 16.213 Thread 0x00007f08f8015000 Uncommon trap: reason=unstable_if action=reinterpret pc=0x00007f08e910a258 method=java.lang.Long.valueOf(J)Ljava/lang/Long; @ 5
Event: 16.549 Thread 0x00007f08f8015000 Uncommon trap: reason=predicate action=maybe_recompile pc=0x00007f08e9813960 method=java.lang.String.regionMatches(ZILjava/lang/String;II)Z @ 63
Event: 16.632 Thread 0x00007f08f8015000 Uncommon trap: reason=unstable_if action=reinterpret pc=0x00007f08e99d475c method=java.lang.Class.searchMethods([Ljava/lang/reflect/Method;Ljava/lang/String;[Ljava/lang/Class;)Ljava/lang/reflect/Method; @ 47
Event: 16.921 Thread 0x00007f08f8015000 Uncommon trap: reason=predicate action=maybe_recompile pc=0x00007f08e9a3ba40 method=java.util.Arrays.binarySearch0([Ljava/lang/Object;IILjava/lang/Object;Ljava/util/Comparator;)I @ 28
Event: 17.408 Thread 0x00007f08f808a800 Uncommon trap: reason=unstable_if action=reinterpret pc=0x00007f08e9994a58 method=java.lang.ref.Finalizer.remove()V @ 10
Event: 17.892 Thread 0x00007f08f8015000 Uncommon trap: reason=unstable_if action=reinterpret pc=0x00007f08e9acd1f0 method=com.cadence.ufi.model.UFIEntityDescriptor.validateAttribute(Lcom/cadence/ufi/model/attributes/IUFIAttributeDescriptor;Ljava/util/Map;)V @ 239
Event: 23.357 Thread 0x00007f08f8015000 Uncommon trap: reason=unstable_if action=reinterpret pc=0x00007f08e9abc2a0 method=java.lang.Class.getSimpleName()Ljava/lang/String; @ 105

Classes redefined (0 events):
No events

Internal exceptions (10 events):
Event: 23.731 Thread 0x00007f08f8015000 Exception <a 'java/lang/ClassNotFoundException': com/cadence/mdv/util/IAttrValueViewFormatConverterCustomizer> (0x00000000def503f0) thrown at [/home/phz/OS_LINUX2/OpenJDK8uRepo/hotspot/src/share/vm/classfile/systemDictionary.cpp, line 210]
Event: 23.733 Thread 0x00007f08f8015000 Exception <a 'java/lang/ClassNotFoundException': com/cadence/mdv/util/ThirdPartyProcessBeanInfo> (0x00000000def81d80) thrown at [/home/phz/OS_LINUX2/OpenJDK8uRepo/hotspot/src/share/vm/classfile/systemDictionary.cpp, line 210]
Event: 23.733 Thread 0x00007f08f8015000 Exception <a 'java/lang/ClassNotFoundException': com/cadence/mdv/util/ThirdPartyProcessCustomizer> (0x00000000defab0c0) thrown at [/home/phz/OS_LINUX2/OpenJDK8uRepo/hotspot/src/share/vm/classfile/systemDictionary.cpp, line 210]
Event: 23.737 Thread 0x00007f08f8015000 Exception <a 'java/lang/ClassNotFoundException': com/cadence/mdv/services/compaction/SessionCompactionUtilsBeanInfo> (0x00000000df00d1c8) thrown at [/home/phz/OS_LINUX2/OpenJDK8uRepo/hotspot/src/share/vm/classfile/systemDictionary.cpp, line 210]
Event: 23.737 Thread 0x00007f08f8015000 Exception <a 'java/lang/ClassNotFoundException': com/cadence/mdv/services/compaction/SessionCompactionUtilsCustomizer> (0x00000000df0428b8) thrown at [/home/phz/OS_LINUX2/OpenJDK8uRepo/hotspot/src/share/vm/classfile/systemDictionary.cpp, line 210]
Event: 23.748 Thread 0x00007f08f8015000 Exception <a 'java/lang/ClassNotFoundException': com/cadence/ufi/util/settings/UFISettingsServicesBeanInfo> (0x00000000df3876b0) thrown at [/home/phz/OS_LINUX2/OpenJDK8uRepo/hotspot/src/share/vm/classfile/systemDictionary.cpp, line 210]
Event: 23.749 Thread 0x00007f08f8015000 Exception <a 'java/lang/ClassNotFoundException': com/cadence/ufi/util/settings/UFISettingsServicesCustomizer> (0x00000000df3b7f80) thrown at [/home/phz/OS_LINUX2/OpenJDK8uRepo/hotspot/src/share/vm/classfile/systemDictionary.cpp, line 210]
Event: 23.749 Thread 0x00007f08f8015000 Exception <a 'java/lang/ClassNotFoundException': com/cadence/ufi/util/settings/IUFISettingsServiceCustomizer> (0x00000000df3ecfd0) thrown at [/home/phz/OS_LINUX2/OpenJDK8uRepo/hotspot/src/share/vm/classfile/systemDictionary.cpp, line 210]
Event: 23.753 Thread 0x00007f08f8015000 Exception <a 'java/lang/ClassNotFoundException': com/cadence/mdv/bl/impl/core/blNative/DbLockerBeanInfo> (0x00000000df423318) thrown at [/home/phz/OS_LINUX2/OpenJDK8uRepo/hotspot/src/share/vm/classfile/systemDictionary.cpp, line 210]
Event: 23.753 Thread 0x00007f08f8015000 Exception <a 'java/lang/ClassNotFoundException': com/cadence/mdv/bl/impl/core/blNative/DbLockerCustomizer> (0x00000000df451600) thrown at [/home/phz/OS_LINUX2/OpenJDK8uRepo/hotspot/src/share/vm/classfile/systemDictionary.cpp, line 210]

Events (10 events):
Event: 24.184 loading class com/cadence/mdv/model/MDVExpressionBase done
Event: 24.185 loading class com/cadence/mdv/model/MDVExprCoverageTableBase
Event: 24.185 loading class com/cadence/mdv/model/MDVExprCoverageTableBase done
Event: 24.186 loading class com/cadence/mdv/model/MDVTopExpression
Event: 24.186 loading class com/cadence/mdv/model/MDVTopExpression done
Event: 24.188 loading class com/cadence/mdv/model/PlanMDVAnalysisTopExpression
Event: 24.188 loading class com/cadence/mdv/model/PlanMDVAnalysisTopExpression done
Event: 24.188 loading class com/cadence/mdv/model/VplanOnTheFlyPerspective
Event: 24.188 loading class com/cadence/mdv/model/VplanOnTheFlyPerspective done
Event: 24.189 Executing VM operation: CollectForMetadataAllocation


Dynamic libraries:
00400000-00401000 r-xp 00000000 00:29 27827                              /sw/cadence/VMANAGER2009/tools.lnx86/openjre1.8.0-64b/bin/java
00600000-00601000 r--p 00000000 00:29 27827                              /sw/cadence/VMANAGER2009/tools.lnx86/openjre1.8.0-64b/bin/java
00601000-00602000 rw-p 00001000 00:29 27827                              /sw/cadence/VMANAGER2009/tools.lnx86/openjre1.8.0-64b/bin/java
00e88000-00ec4000 rw-p 00000000 00:00 0                                  [heap]
80000000-8ab00000 rw-p 00000000 00:00 0 
8ab00000-d5580000 ---p 00000000 00:00 0 
d5580000-f2b80000 rw-p 00000000 00:00 0 
ffc80000-100000000 ---p 00000000 00:00 0 
100000000-10042c000 rw-p 00000000 00:00 0 
10042c000-140000000 ---p 00000000 00:00 0 
7f089b027000-7f089b0f8000 rw-p 00000000 00:00 0 
7f089b0f8000-7f089b227000 ---p 00000000 00:00 0 
7f089b227000-7f089b427000 rw-p 00000000 00:00 0 
7f089b427000-7f089b627000 rw-p 00000000 00:00 0 
7f089b627000-7f089b798000 r-xp 00000000 00:29 19309                      /sw/cadence/VMANAGER2009/tools.lnx86/vmgr/runner/linux64/libstdc++.so.6
7f089b798000-7f089b998000 ---p 00171000 00:29 19309                      /sw/cadence/VMANAGER2009/tools.lnx86/vmgr/runner/linux64/libstdc++.so.6
7f089b998000-7f089b9a2000 r--p 00171000 00:29 19309                      /sw/cadence/VMANAGER2009/tools.lnx86/vmgr/runner/linux64/libstdc++.so.6
7f089b9a2000-7f089b9a4000 rw-p 0017b000 00:29 19309                      /sw/cadence/VMANAGER2009/tools.lnx86/vmgr/runner/linux64/libstdc++.so.6
7f089b9a4000-7f089b9a8000 rw-p 00000000 00:00 0 
7f089b9a8000-7f089b9bf000 r-xp 00000000 fd:00 100889                     /usr/lib64/libnsl-2.17.so
7f089b9bf000-7f089bbbe000 ---p 00017000 fd:00 100889                     /usr/lib64/libnsl-2.17.so
7f089bbbe000-7f089bbbf000 r--p 00016000 fd:00 100889                     /usr/lib64/libnsl-2.17.so
7f089bbbf000-7f089bbc0000 rw-p 00017000 fd:00 100889                     /usr/lib64/libnsl-2.17.so
7f089bbc0000-7f089bbc2000 rw-p 00000000 00:00 0 
7f089bbc2000-7f089bbdb000 r-xp 00000000 00:29 100063                     /sw/cadence/XCELIUM2009/tools.lnx86/lib/64bit/libz_sh.so
7f089bbdb000-7f089bdda000 ---p 00019000 00:29 100063                     /sw/cadence/XCELIUM2009/tools.lnx86/lib/64bit/libz_sh.so
7f089bdda000-7f089bddb000 r--p 00018000 00:29 100063                     /sw/cadence/XCELIUM2009/tools.lnx86/lib/64bit/libz_sh.so
7f089bddb000-7f089bddc000 rw-p 00019000 00:29 100063                     /sw/cadence/XCELIUM2009/tools.lnx86/lib/64bit/libz_sh.so
7f089bddc000-7f089bdfb000 r-xp 00000000 00:29 100057                     /sw/cadence/XCELIUM2009/tools.lnx86/lib/64bit/libcdsCommon_sh.so
7f089bdfb000-7f089bffa000 ---p 0001f000 00:29 100057                     /sw/cadence/XCELIUM2009/tools.lnx86/lib/64bit/libcdsCommon_sh.so
7f089bffa000-7f089bffb000 r--p 0001e000 00:29 100057                     /sw/cadence/XCELIUM2009/tools.lnx86/lib/64bit/libcdsCommon_sh.so
7f089bffb000-7f089bffc000 rw-p 0001f000 00:29 100057                     /sw/cadence/XCELIUM2009/tools.lnx86/lib/64bit/libcdsCommon_sh.so
7f089bffc000-7f089c000000 rw-p 00000000 00:00 0 
7f089c000000-7f089c03e000 rw-p 00000000 00:00 0 
7f089c03e000-7f08a0000000 ---p 00000000 00:00 0 
7f08a0000000-7f08a0021000 rw-p 00000000 00:00 0 
7f08a0021000-7f08a4000000 ---p 00000000 00:00 0 
7f08a4068000-7f08a407e000 r-xp 00000000 fd:00 64857                      /tmp/vmgr-imc.dragos.pascu.5JmE6Ufl1.1668597608673/jna/jna7156523732126094670.tmp (deleted)
7f08a407e000-7f08a417d000 ---p 00016000 fd:00 64857                      /tmp/vmgr-imc.dragos.pascu.5JmE6Ufl1.1668597608673/jna/jna7156523732126094670.tmp (deleted)
7f08a417d000-7f08a417f000 rw-p 00015000 fd:00 64857                      /tmp/vmgr-imc.dragos.pascu.5JmE6Ufl1.1668597608673/jna/jna7156523732126094670.tmp (deleted)
7f08a417f000-7f08a4c6d000 r-xp 00000000 00:29 19294                      /sw/cadence/VMANAGER2009/tools.lnx86/vmgr/lib/64bit/libimc_nc1.so
7f08a4c6d000-7f08a4e6d000 ---p 00aee000 00:29 19294                      /sw/cadence/VMANAGER2009/tools.lnx86/vmgr/lib/64bit/libimc_nc1.so
7f08a4e6d000-7f08a4ed7000 r--p 00aee000 00:29 19294                      /sw/cadence/VMANAGER2009/tools.lnx86/vmgr/lib/64bit/libimc_nc1.so
7f08a4ed7000-7f08a4eeb000 rw-p 00b58000 00:29 19294                      /sw/cadence/VMANAGER2009/tools.lnx86/vmgr/lib/64bit/libimc_nc1.so
7f08a4eeb000-7f08a50f8000 rw-p 00000000 00:00 0 
7f08a50f8000-7f08a52f8000 rw-p 00000000 00:00 0 
7f08a52f8000-7f08a54f8000 rw-p 00000000 00:00 0 
7f08a54f8000-7f08a5500000 r-xp 00000000 00:29 27912                      /sw/cadence/VMANAGER2009/tools.lnx86/openjre1.8.0-64b/lib/amd64/libmanagement.so
7f08a5500000-7f08a5700000 ---p 00008000 00:29 27912                      /sw/cadence/VMANAGER2009/tools.lnx86/openjre1.8.0-64b/lib/amd64/libmanagement.so
7f08a5700000-7f08a5701000 r--p 00008000 00:29 27912                      /sw/cadence/VMANAGER2009/tools.lnx86/openjre1.8.0-64b/lib/amd64/libmanagement.so
7f08a5701000-7f08a5702000 rw-p 00009000 00:29 27912                      /sw/cadence/VMANAGER2009/tools.lnx86/openjre1.8.0-64b/lib/amd64/libmanagement.so
7f08a5702000-7f08a5902000 rw-p 00000000 00:00 0 
7f08a5902000-7f08a5905000 ---p 00000000 00:00 0 
7f08a5905000-7f08a5df0000 rw-p 00000000 00:00 0 
7f08a5df0000-7f08a5df3000 ---p 00000000 00:00 0 
7f08a5df3000-7f08a62de000 rw-p 00000000 00:00 0 
7f08a62de000-7f08a62e1000 ---p 00000000 00:00 0 
7f08a62e1000-7f08a67cc000 rw-p 00000000 00:00 0 
7f08a67cc000-7f08a6838000 r-xp 00000000 00:29 27934                      /sw/cadence/VMANAGER2009/tools.lnx86/openjre1.8.0-64b/lib/amd64/liblcms.so
7f08a6838000-7f08a6a37000 ---p 0006c000 00:29 27934                      /sw/cadence/VMANAGER2009/tools.lnx86/openjre1.8.0-64b/lib/amd64/liblcms.so
7f08a6a37000-7f08a6a39000 r--p 0006b000 00:29 27934                      /sw/cadence/VMANAGER2009/tools.lnx86/openjre1.8.0-64b/lib/amd64/liblcms.so
7f08a6a39000-7f08a6a3c000 rw-p 0006d000 00:29 27934                      /sw/cadence/VMANAGER2009/tools.lnx86/openjre1.8.0-64b/lib/amd64/liblcms.so
7f08a6a3c000-7f08a6a3d000 rw-p 00000000 00:00 0 
7f08a6a3d000-7f08a6a77000 r-xp 00000000 00:29 27911                      /sw/cadence/VMANAGER2009/tools.lnx86/openjre1.8.0-64b/lib/amd64/libjpeg.so
7f08a6a77000-7f08a6c77000 ---p 0003a000 00:29 27911                      /sw/cadence/VMANAGER2009/tools.lnx86/openjre1.8.0-64b/lib/amd64/libjpeg.so
7f08a6c77000-7f08a6c78000 r--p 0003a000 00:29 27911                      /sw/cadence/VMANAGER2009/tools.lnx86/openjre1.8.0-64b/lib/amd64/libjpeg.so
7f08a6c78000-7f08a6c79000 rw-p 0003b000 00:29 27911                      /sw/cadence/VMANAGER2009/tools.lnx86/openjre1.8.0-64b/lib/amd64/libjpeg.so
7f08a6c79000-7f08a6e79000 rw-p 00000000 00:00 0 
7f08a6e79000-7f08a6e7c000 ---p 00000000 00:00 0 
7f08a6e7c000-7f08a7567000 rw-p 00000000 00:00 0 
7f08a7567000-7f08a758c000 r-xp 00000000 fd:00 84456                      /usr/lib64/liblzma.so.5.2.2
7f08a758c000-7f08a778b000 ---p 00025000 fd:00 84456                      /usr/lib64/liblzma.so.5.2.2
7f08a778b000-7f08a778c000 r--p 00024000 fd:00 84456                      /usr/lib64/liblzma.so.5.2.2
7f08a778c000-7f08a778d000 rw-p 00025000 fd:00 84456                      /usr/lib64/liblzma.so.5.2.2
7f08a778d000-7f08a77a4000 r-xp 00000000 fd:00 153570                     /usr/lib64/libelf-0.176.so
7f08a77a4000-7f08a79a3000 ---p 00017000 fd:00 153570                     /usr/lib64/libelf-0.176.so
7f08a79a3000-7f08a79a4000 r--p 00016000 fd:00 153570                     /usr/lib64/libelf-0.176.so
7f08a79a4000-7f08a79a5000 rw-p 00017000 fd:00 153570                     /usr/lib64/libelf-0.176.so
7f08a79a5000-7f08a79a9000 r-xp 00000000 fd:00 153649                     /usr/lib64/libattr.so.1.1.0
7f08a79a9000-7f08a7ba8000 ---p 00004000 fd:00 153649                     /usr/lib64/libattr.so.1.1.0
7f08a7ba8000-7f08a7ba9000 r--p 00003000 fd:00 153649                     /usr/lib64/libattr.so.1.1.0
7f08a7ba9000-7f08a7baa000 rw-p 00004000 fd:00 153649                     /usr/lib64/libattr.so.1.1.0
7f08a7baa000-7f08a7bf8000 r-xp 00000000 fd:00 1289017                    /usr/lib64/libdw-0.176.so
7f08a7bf8000-7f08a7df8000 ---p 0004e000 fd:00 1289017                    /usr/lib64/libdw-0.176.so
7f08a7df8000-7f08a7dfa000 r--p 0004e000 fd:00 1289017                    /usr/lib64/libdw-0.176.so
7f08a7dfa000-7f08a7dfb000 rw-p 00050000 fd:00 1289017                    /usr/lib64/libdw-0.176.so
7f08a7dfb000-7f08a7dff000 r-xp 00000000 fd:00 153653                     /usr/lib64/libcap.so.2.22
7f08a7dff000-7f08a7ffe000 ---p 00004000 fd:00 153653                     /usr/lib64/libcap.so.2.22
7f08a7ffe000-7f08a7fff000 r--p 00003000 fd:00 153653                     /usr/lib64/libcap.so.2.22
7f08a7fff000-7f08a8000000 rw-p 00004000 fd:00 153653                     /usr/lib64/libcap.so.2.22
7f08a8000000-7f08a8021000 rw-p 00000000 00:00 0 
7f08a8021000-7f08ac000000 ---p 00000000 00:00 0 
7f08ac000000-7f08ac021000 rw-p 00000000 00:00 0 
7f08ac021000-7f08b0000000 ---p 00000000 00:00 0 
7f08b007a000-7f08b007c000 rw-p 00000000 00:00 0 
7f08b007c000-7f08b007f000 ---p 00000000 00:00 0 
7f08b007f000-7f08b00b5000 rw-p 00000000 00:00 0 
7f08b00b5000-7f08b014e000 rw-s 00000000 00:04 753676                     /SYSV00000000 (deleted)
7f08b014e000-7f08b0151000 r--s 00000000 fd:00 18358834                   /usr/lib/fontconfig/cache/dfa35342-9ca0-425d-8ff4-00b48bdbcf46-le64.cache-7
7f08b0151000-7f08b0153000 r--s 00000000 fd:00 18358833                   /usr/lib/fontconfig/cache/64f1b23e-32cd-4117-85c4-0ede4569e70b-le64.cache-7
7f08b0153000-7f08b0155000 r--s 00000000 fd:00 18358832                   /usr/lib/fontconfig/cache/8f40a1c1-e326-4f26-8dbc-4ed9ae32c844-le64.cache-7
7f08b0155000-7f08b0167000 r-xp 00000000 fd:00 84468                      /usr/lib64/libnss_myhostname.so.2
7f08b0167000-7f08b0366000 ---p 00012000 fd:00 84468                      /usr/lib64/libnss_myhostname.so.2
7f08b0366000-7f08b0369000 r--p 00011000 fd:00 84468                      /usr/lib64/libnss_myhostname.so.2
7f08b0369000-7f08b036a000 rw-p 00014000 fd:00 84468                      /usr/lib64/libnss_myhostname.so.2
7f08b036a000-7f08b0380000 r-xp 00000000 fd:00 100907                     /usr/lib64/libresolv-2.17.so
7f08b0380000-7f08b0580000 ---p 00016000 fd:00 100907                     /usr/lib64/libresolv-2.17.so
7f08b0580000-7f08b0581000 r--p 00016000 fd:00 100907                     /usr/lib64/libresolv-2.17.so
7f08b0581000-7f08b0582000 rw-p 00017000 fd:00 100907                     /usr/lib64/libresolv-2.17.so
7f08b0582000-7f08b0584000 rw-p 00000000 00:00 0 
7f08b0584000-7f08b058a000 r-xp 00000000 fd:00 100895                     /usr/lib64/libnss_dns-2.17.so
7f08b058a000-7f08b0789000 ---p 00006000 fd:00 100895                     /usr/lib64/libnss_dns-2.17.so
7f08b0789000-7f08b078a000 r--p 00005000 fd:00 100895                     /usr/lib64/libnss_dns-2.17.so
7f08b078a000-7f08b078b000 rw-p 00006000 fd:00 100895                     /usr/lib64/libnss_dns-2.17.so
7f08b078b000-7f08b07b4000 r-xp 00000000 fd:00 153384                     /usr/lib64/libpng15.so.15.13.0
7f08b07b4000-7f08b09b4000 ---p 00029000 fd:00 153384                     /usr/lib64/libpng15.so.15.13.0
7f08b09b4000-7f08b09b5000 r--p 00029000 fd:00 153384                     /usr/lib64/libpng15.so.15.13.0
7f08b09b5000-7f08b09b6000 rw-p 0002a000 fd:00 153384                     /usr/lib64/libpng15.so.15.13.0
7f08b09b6000-7f08b09c5000 r-xp 00000000 fd:00 153411                     /usr/lib64/libbz2.so.1.0.6
7f08b09c5000-7f08b0bc4000 ---p 0000f000 fd:00 153411                     /usr/lib64/libbz2.so.1.0.6
7f08b0bc4000-7f08b0bc5000 r--p 0000e000 fd:00 153411                     /usr/lib64/libbz2.so.1.0.6
7f08b0bc5000-7f08b0bc6000 rw-p 0000f000 fd:00 153411                     /usr/lib64/libbz2.so.1.0.6
7f08b0bc6000-7f08b0bdb000 r-xp 00000000 fd:00 84454                      /usr/lib64/libz.so.1.2.7
7f08b0bdb000-7f08b0dda000 ---p 00015000 fd:00 84454                      /usr/lib64/libz.so.1.2.7
7f08b0dda000-7f08b0ddb000 r--p 00014000 fd:00 84454                      /usr/lib64/libz.so.1.2.7
7f08b0ddb000-7f08b0ddc000 rw-p 00015000 fd:00 84454                      /usr/lib64/libz.so.1.2.7
7f08b0ddc000-7f08b0df2000 r-xp 00000000 00:29 129918                     /sw/cadence/XCELIUM2009/tools.lnx86/lib/64bit/libgcc_s.so.1
7f08b0df2000-7f08b0ff1000 ---p 00016000 00:29 129918                     /sw/cadence/XCELIUM2009/tools.lnx86/lib/64bit/libgcc_s.so.1
7f08b0ff1000-7f08b0ff2000 r--p 00015000 00:29 129918                     /sw/cadence/XCELIUM2009/tools.lnx86/lib/64bit/libgcc_s.so.1
7f08b0ff2000-7f08b0ff3000 rw-p 00016000 00:29 129918                     /sw/cadence/XCELIUM2009/tools.lnx86/lib/64bit/libgcc_s.so.1
7f08b0ff3000-7f08b10aa000 r-xp 00000000 fd:00 978468                     /usr/lib64/libfreetype.so.6.14.0
7f08b10aa000-7f08b12aa000 ---p 000b7000 fd:00 978468                     /usr/lib64/libfreetype.so.6.14.0
7f08b12aa000-7f08b12b1000 r--p 000b7000 fd:00 978468                     /usr/lib64/libfreetype.so.6.14.0
7f08b12b1000-7f08b12b2000 rw-p 000be000 fd:00 978468                     /usr/lib64/libfreetype.so.6.14.0
7f08b12b2000-7f08b1314000 r-xp 00000000 00:29 27904                      /sw/cadence/VMANAGER2009/tools.lnx86/openjre1.8.0-64b/lib/amd64/libfontmanager.so
7f08b1314000-7f08b1514000 ---p 00062000 00:29 27904                      /sw/cadence/VMANAGER2009/tools.lnx86/openjre1.8.0-64b/lib/amd64/libfontmanager.so
7f08b1514000-7f08b1517000 r--p 00062000 00:29 27904                      /sw/cadence/VMANAGER2009/tools.lnx86/openjre1.8.0-64b/lib/amd64/libfontmanager.so
7f08b1517000-7f08b1518000 rw-p 00065000 00:29 27904                      /sw/cadence/VMANAGER2009/tools.lnx86/openjre1.8.0-64b/lib/amd64/libfontmanager.so
7f08b1518000-7f08b1719000 rw-p 00000000 00:00 0 
7f08b1719000-7f08b1730000 r-xp 00000000 00:29 27940                      /sw/cadence/VMANAGER2009/tools.lnx86/openjre1.8.0-64b/lib/amd64/libnet.so
7f08b1730000-7f08b192f000 ---p 00017000 00:29 27940                      /sw/cadence/VMANAGER2009/tools.lnx86/openjre1.8.0-64b/lib/amd64/libnet.so
7f08b192f000-7f08b1930000 r--p 00016000 00:29 27940                      /sw/cadence/VMANAGER2009/tools.lnx86/openjre1.8.0-64b/lib/amd64/libnet.so
7f08b1930000-7f08b1931000 rw-p 00017000 00:29 27940                      /sw/cadence/VMANAGER2009/tools.lnx86/openjre1.8.0-64b/lib/amd64/libnet.so
7f08b1931000-7f08b1942000 r-xp 00000000 00:29 27959                      /sw/cadence/VMANAGER2009/tools.lnx86/openjre1.8.0-64b/lib/amd64/libnio.so
7f08b1942000-7f08b1b41000 ---p 00011000 00:29 27959                      /sw/cadence/VMANAGER2009/tools.lnx86/openjre1.8.0-64b/lib/amd64/libnio.so
7f08b1b41000-7f08b1b42000 r--p 00010000 00:29 27959                      /sw/cadence/VMANAGER2009/tools.lnx86/openjre1.8.0-64b/lib/amd64/libnio.so
7f08b1b42000-7f08b1b43000 rw-p 00011000 00:29 27959                      /sw/cadence/VMANAGER2009/tools.lnx86/openjre1.8.0-64b/lib/amd64/libnio.so
7f08b1b43000-7f08b1b46000 ---p 00000000 00:00 0 
7f08b1b46000-7f08b2031000 rw-p 00000000 00:00 0 
7f08b2031000-7f08b2036000 r-xp 00000000 fd:00 153850                     /usr/lib64/libXfixes.so.3.1.0
7f08b2036000-7f08b2235000 ---p 00005000 fd:00 153850                     /usr/lib64/libXfixes.so.3.1.0
7f08b2235000-7f08b2236000 r--p 00004000 fd:00 153850                     /usr/lib64/libXfixes.so.3.1.0
7f08b2236000-7f08b2237000 rw-p 00005000 fd:00 153850                     /usr/lib64/libXfixes.so.3.1.0
7f08b2237000-7f08b2240000 r-xp 00000000 fd:00 153875                     /usr/lib64/libXcursor.so.1.0.2
7f08b2240000-7f08b2440000 ---p 00009000 fd:00 153875                     /usr/lib64/libXcursor.so.1.0.2
7f08b2440000-7f08b2441000 r--p 00009000 fd:00 153875                     /usr/lib64/libXcursor.so.1.0.2
7f08b2441000-7f08b2442000 rw-p 0000a000 fd:00 153875                     /usr/lib64/libXcursor.so.1.0.2
7f08b2442000-7f08b2445000 ---p 00000000 00:00 0 
7f08b2445000-7f08b2930000 rw-p 00000000 00:00 0 
7f08b2930000-7f08b2932000 r-xp 00000000 fd:00 153786                     /usr/lib64/libXau.so.6.0.0
7f08b2932000-7f08b2b32000 ---p 00002000 fd:00 153786                     /usr/lib64/libXau.so.6.0.0
7f08b2b32000-7f08b2b33000 r--p 00002000 fd:00 153786                     /usr/lib64/libXau.so.6.0.0
7f08b2b33000-7f08b2b34000 rw-p 00003000 fd:00 153786                     /usr/lib64/libXau.so.6.0.0
7f08b2b34000-7f08b2b5b000 r-xp 00000000 fd:00 153838                     /usr/lib64/libxcb.so.1.1.0
7f08b2b5b000-7f08b2d5a000 ---p 00027000 fd:00 153838                     /usr/lib64/libxcb.so.1.1.0
7f08b2d5a000-7f08b2d5b000 r--p 00026000 fd:00 153838                     /usr/lib64/libxcb.so.1.1.0
7f08b2d5b000-7f08b2d5c000 rw-p 00027000 fd:00 153838                     /usr/lib64/libxcb.so.1.1.0
7f08b2d5c000-7f08b2d6b000 r-xp 00000000 fd:00 153852                     /usr/lib64/libXi.so.6.1.0
7f08b2d6b000-7f08b2f6a000 ---p 0000f000 fd:00 153852                     /usr/lib64/libXi.so.6.1.0
7f08b2f6a000-7f08b2f6b000 r--p 0000e000 fd:00 153852                     /usr/lib64/libXi.so.6.1.0
7f08b2f6b000-7f08b2f6c000 rw-p 0000f000 fd:00 153852                     /usr/lib64/libXi.so.6.1.0
7f08b2f6c000-7f08b2f71000 r-xp 00000000 fd:00 153867                     /usr/lib64/libXtst.so.6.1.0
7f08b2f71000-7f08b3170000 ---p 00005000 fd:00 153867                     /usr/lib64/libXtst.so.6.1.0
7f08b3170000-7f08b3171000 r--p 00004000 fd:00 153867                     /usr/lib64/libXtst.so.6.1.0
7f08b3171000-7f08b3172000 rw-p 00005000 fd:00 153867                     /usr/lib64/libXtst.so.6.1.0
7f08b3172000-7f08b317b000 r-xp 00000000 fd:00 153863                     /usr/lib64/libXrender.so.1.3.0
7f08b317b000-7f08b337b000 ---p 00009000 fd:00 153863                     /usr/lib64/libXrender.so.1.3.0
7f08b337b000-7f08b337c000 r--p 00009000 fd:00 153863                     /usr/lib64/libXrender.so.1.3.0
7f08b337c000-7f08b337d000 rw-p 0000a000 fd:00 153863                     /usr/lib64/libXrender.so.1.3.0
7f08b337d000-7f08b34b5000 r-xp 00000000 fd:00 153842                     /usr/lib64/libX11.so.6.3.0
7f08b34b5000-7f08b36b5000 ---p 00138000 fd:00 153842                     /usr/lib64/libX11.so.6.3.0
7f08b36b5000-7f08b36b6000 r--p 00138000 fd:00 153842                     /usr/lib64/libX11.so.6.3.0
7f08b36b6000-7f08b36bb000 rw-p 00139000 fd:00 153842                     /usr/lib64/libX11.so.6.3.0
7f08b36bb000-7f08b36cc000 r-xp 00000000 fd:00 153845                     /usr/lib64/libXext.so.6.4.0
7f08b36cc000-7f08b38cb000 ---p 00011000 fd:00 153845                     /usr/lib64/libXext.so.6.4.0
7f08b38cb000-7f08b38cc000 r--p 00010000 fd:00 153845                     /usr/lib64/libXext.so.6.4.0
7f08b38cc000-7f08b38cd000 rw-p 00011000 fd:00 153845                     /usr/lib64/libXext.so.6.4.0
7f08b38cd000-7f08b392b000 r-xp 00000000 00:29 27895                      /sw/cadence/VMANAGER2009/tools.lnx86/openjre1.8.0-64b/lib/amd64/libawt_xawt.so
7f08b392b000-7f08b3b2a000 ---p 0005e000 00:29 27895                      /sw/cadence/VMANAGER2009/tools.lnx86/openjre1.8.0-64b/lib/amd64/libawt_xawt.so
7f08b3b2a000-7f08b3b2b000 r--p 0005d000 00:29 27895                      /sw/cadence/VMANAGER2009/tools.lnx86/openjre1.8.0-64b/lib/amd64/libawt_xawt.so
7f08b3b2b000-7f08b3b2e000 rw-p 0005e000 00:29 27895                      /sw/cadence/VMANAGER2009/tools.lnx86/openjre1.8.0-64b/lib/amd64/libawt_xawt.so
7f08b3b2e000-7f08b3b30000 rw-p 00000000 00:00 0 
7f08b3b30000-7f08b3bd0000 r-xp 00000000 00:29 27917                      /sw/cadence/VMANAGER2009/tools.lnx86/openjre1.8.0-64b/lib/amd64/libawt.so
7f08b3bd0000-7f08b3dcf000 ---p 000a0000 00:29 27917                      /sw/cadence/VMANAGER2009/tools.lnx86/openjre1.8.0-64b/lib/amd64/libawt.so
7f08b3dcf000-7f08b3dd0000 r--p 0009f000 00:29 27917                      /sw/cadence/VMANAGER2009/tools.lnx86/openjre1.8.0-64b/lib/amd64/libawt.so
7f08b3dd0000-7f08b3ddb000 rw-p 000a0000 00:29 27917                      /sw/cadence/VMANAGER2009/tools.lnx86/openjre1.8.0-64b/lib/amd64/libawt.so
7f08b3ddb000-7f08b4000000 rw-p 00000000 00:00 0 
7f08b4000000-7f08b4021000 rw-p 00000000 00:00 0 
7f08b4021000-7f08b8000000 ---p 00000000 00:00 0 
7f08b8000000-7f08b8021000 rw-p 00000000 00:00 0 
7f08b8021000-7f08bc000000 ---p 00000000 00:00 0 
7f08bc000000-7f08bd8d2000 rw-p 00000000 00:00 0 
7f08bd8d2000-7f08c0000000 ---p 00000000 00:00 0 
7f08c0000000-7f08c0586000 rw-p 00000000 00:00 0 
7f08c0586000-7f08c4000000 ---p 00000000 00:00 0 
7f08c4000000-7f08c4021000 rw-p 00000000 00:00 0 
7f08c4021000-7f08c8000000 ---p 00000000 00:00 0 
7f08c8000000-7f08c8001000 rwxp 00000000 00:00 0 
7f08c8001000-7f08c8019000 r--s 00000000 fd:00 18358831                   /usr/lib/fontconfig/cache/9c224efb-382d-4b5e-b334-570244fb18ff-le64.cache-7
7f08c8019000-7f08c8024000 r--s 00000000 fd:00 18358830                   /usr/lib/fontconfig/cache/f3f92330-cc3b-4f32-b86e-77e1eb12cef3-le64.cache-7
7f08c8024000-7f08c8026000 r--s 00000000 fd:00 18358829                   /usr/lib/fontconfig/cache/6f3ef4a1-c0a3-4c4b-bd2d-27b729850ed0-le64.cache-7
7f08c8026000-7f08c8029000 r--s 00000000 fd:00 18358828                   /usr/lib/fontconfig/cache/109e768a-1cad-480e-8e33-42bd45e27b71-le64.cache-7
7f08c8029000-7f08c802a000 r--s 00000000 fd:00 18358827                   /usr/lib/fontconfig/cache/95fb8e21-095e-413d-8c28-25df36746cd1-le64.cache-7
7f08c802a000-7f08c802b000 r--s 00000000 fd:00 18358826                   /usr/lib/fontconfig/cache/89c8e324-08ca-45bd-8286-281f3ffab77a-le64.cache-7
7f08c802b000-7f08c802c000 r--s 00000000 fd:00 18358825                   /usr/lib/fontconfig/cache/67fba7ad-5038-42b3-9358-2095225c7d54-le64.cache-7
7f08c802c000-7f08c802d000 r--s 00000000 fd:00 18358824                   /usr/lib/fontconfig/cache/16c99319-47b5-4986-8513-cf1b5a7eec24-le64.cache-7
7f08c802d000-7f08c8030000 r--s 00000000 fd:00 18358823                   /usr/lib/fontconfig/cache/b8690f4c-ac62-4fd5-be80-05b8806e6463-le64.cache-7
7f08c8030000-7f08c8031000 r--s 00000000 fd:00 18358822                   /usr/lib/fontconfig/cache/fa358401-fe1d-431c-8768-d7f958b26ad0-le64.cache-7
7f08c8031000-7f08c8035000 r--s 00000000 fd:00 18358821                   /usr/lib/fontconfig/cache/e0a12f30-9106-4576-9d97-f025c5662e50-le64.cache-7
7f08c8035000-7f08c8039000 r--s 00000000 fd:00 18358820                   /usr/lib/fontconfig/cache/fda268d3-bdb0-43b9-9571-62ac61f63539-le64.cache-7
7f08c8039000-7f08c803c000 r--s 00000000 fd:00 18358819                   /usr/lib/fontconfig/cache/fc739b70-0158-438a-90a6-2b8871338a7e-le64.cache-7
7f08c803c000-7f08c803d000 r--s 00000000 fd:00 18358818                   /usr/lib/fontconfig/cache/dd46001e-82e8-4dad-b980-408ec3e4debb-le64.cache-7
7f08c803d000-7f08c803e000 r--s 00000000 fd:00 18358817                   /usr/lib/fontconfig/cache/b4c58e13-0f7a-473b-9d08-4e23c3ffea53-le64.cache-7
7f08c803e000-7f08c803f000 r--s 00000000 fd:00 18358816                   /usr/lib/fontconfig/cache/08b6b129-58f8-410b-b433-cf7c958b6936-le64.cache-7
7f08c803f000-7f08c8040000 r--s 00000000 fd:00 18358235                   /usr/lib/fontconfig/cache/941fbeb2-9730-4538-97ca-deeae474b6e6-le64.cache-7
7f08c8040000-7f08c8041000 r--s 00000000 fd:00 18358233                   /usr/lib/fontconfig/cache/1d731e57-6146-40aa-9e73-e8bc4a6c7a08-le64.cache-7
7f08c8041000-7f08c8042000 r--s 00000000 fd:00 18358232                   /usr/lib/fontconfig/cache/45d431f3-2485-455b-852b-a785c4c627b6-le64.cache-7
7f08c8042000-7f08c8043000 r--s 00000000 fd:00 18358231                   /usr/lib/fontconfig/cache/e7b05a17-4f2e-4063-a51d-1127b0dcf1d4-le64.cache-7
7f08c8043000-7f08c8044000 r--s 00000000 fd:00 18358230                   /usr/lib/fontconfig/cache/0cfcfbf4-ddba-43f6-9610-cc72ca022347-le64.cache-7
7f08c8044000-7f08c8045000 r--s 00000000 fd:00 18358229                   /usr/lib/fontconfig/cache/a4c44964-edc0-4b37-8ba5-6d6f6ab4ef46-le64.cache-7
7f08c8045000-7f08c8046000 r--s 00000000 fd:00 18358228                   /usr/lib/fontconfig/cache/54cbe346-d19b-44de-bdf6-9bd63253a7d5-le64.cache-7
7f08c8046000-7f08c8047000 r--s 00000000 fd:00 18358227                   /usr/lib/fontconfig/cache/bea806ab-cc73-4bbf-af31-77962068dd69-le64.cache-7
7f08c8047000-7f08c8048000 r--s 00000000 fd:00 18358226                   /usr/lib/fontconfig/cache/07e50b8c-8314-48fa-bb16-9768342ac4d3-le64.cache-7
7f08c8048000-7f08c8049000 r--s 00000000 fd:00 18358225                   /usr/lib/fontconfig/cache/0cf267ac-c3c2-416f-be7c-6513f5702dc0-le64.cache-7
7f08c8049000-7f08c804a000 r--s 00000000 fd:00 18358224                   /usr/lib/fontconfig/cache/89be7c61-2e0a-41f4-a8c3-c47b57a77922-le64.cache-7
7f08c804a000-7f08c804f000 r--s 00000000 fd:00 18358223                   /usr/lib/fontconfig/cache/30bfafef-8958-4ebc-9888-9f161435b55c-le64.cache-7
7f08c804f000-7f08c8051000 r--s 00000000 fd:00 18358222                   /usr/lib/fontconfig/cache/d337bb6a-8401-41e5-9e05-cde235f26758-le64.cache-7
7f08c8051000-7f08c8052000 r--s 00000000 fd:00 18358221                   /usr/lib/fontconfig/cache/19cd6057-fdf3-4d47-9560-d4f1d7adc19c-le64.cache-7
7f08c8052000-7f08c8054000 r--s 00000000 fd:00 18358220                   /usr/lib/fontconfig/cache/259ad87c-98f4-48fa-b426-233147ef1d85-le64.cache-7
7f08c8054000-7f08c8056000 r--s 00000000 fd:00 18358219                   /usr/lib/fontconfig/cache/7deb4486-2a7c-4d17-87ba-a68e74c3533d-le64.cache-7
7f08c8056000-7f08c8058000 r--s 00000000 fd:00 18358218                   /usr/lib/fontconfig/cache/3f410826-577b-458e-93b8-71c8921a458c-le64.cache-7
7f08c8058000-7f08c8060000 r--s 00000000 fd:00 18358217                   /usr/lib/fontconfig/cache/4f6fdace-6393-4725-8137-964667e6bcc6-le64.cache-7
7f08c8060000-7f08c806b000 r--s 00000000 fd:00 18358216                   /usr/lib/fontconfig/cache/5ca86044-a974-44e8-8749-5f5a1c4ba477-le64.cache-7
7f08c806b000-7f08c8073000 r--s 00000000 fd:00 18358215                   /usr/lib/fontconfig/cache/5dd49417-a6d3-47d9-803d-8479de90ffa2-le64.cache-7
7f08c8073000-7f08c8075000 r--s 00000000 fd:00 18358214                   /usr/lib/fontconfig/cache/6982a167-162e-40b8-8c26-72f84c7a4f50-le64.cache-7
7f08c8075000-7f08c807a000 r--s 00000000 fd:00 18358835                   /usr/lib/fontconfig/cache/6ead6ac2-4f50-4812-8f5c-b518b6067eb0-le64.cache-7
7f08c807a000-7f08c807e000 r--s 000a1000 00:29 27843                      /sw/cadence/VMANAGER2009/tools.lnx86/openjre1.8.0-64b/lib/jsse.jar
7f08c807e000-7f08c8091000 r--s 00346000 00:29 27965                      /sw/cadence/VMANAGER2009/tools.lnx86/openjre1.8.0-64b/lib/resources.jar
7f08c8091000-7f08c80ad000 r--s 00393000 00:29 27855                      /sw/cadence/VMANAGER2009/tools.lnx86/openjre1.8.0-64b/lib/ext/cldrdata.jar
7f08c80ad000-7f08c80b7000 r--s 00116000 00:29 27852                      /sw/cadence/VMANAGER2009/tools.lnx86/openjre1.8.0-64b/lib/ext/localedata.jar
7f08c80b7000-7f08c82b7000 rw-p 00000000 00:00 0 
7f08c82b7000-7f08c82ba000 ---p 00000000 00:00 0 
7f08c82ba000-7f08c87a5000 rw-p 00000000 00:00 0 
7f08c87a5000-7f08c8836000 r--s 013bb000 00:29 61213                      /sw/cadence/VMANAGER2009/tools.lnx86/vmgr/openjavafx/java/jfxrt-1.0.0.jar
7f08c8836000-7f08c8837000 r--s 00009000 00:29 61810                      /sw/cadence/VMANAGER2009/tools.lnx86/vmgr/openjavafx/java/jfxswt-1.0.0.jar
7f08c8837000-7f08c8839000 r--s 00005000 00:29 61854                      /sw/cadence/VMANAGER2009/tools.lnx86/vmgr/central/slf4j-api-1.6.1.jar
7f08c8839000-7f08c883c000 r--s 0001a000 00:29 61218                      /sw/cadence/VMANAGER2009/tools.lnx86/vmgr/central/javax.el-2.2.4.jar
7f08c883c000-7f08c8844000 r--s 00041000 00:29 61850                      /sw/cadence/VMANAGER2009/tools.lnx86/vmgr/central/central-utils.jar
7f08c8844000-7f08c8859000 r--s 000e6000 00:29 61862                      /sw/cadence/VMANAGER2009/tools.lnx86/vmgr/central/LmApi-12.04-b018.jar
7f08c8859000-7f08c885b000 r--s 0000e000 00:29 61871                      /sw/cadence/VMANAGER2009/tools.lnx86/vmgr/central/classmate-1.3.0.jar
7f08c885b000-7f08c885d000 r--s 00007000 00:29 61879                      /sw/cadence/VMANAGER2009/tools.lnx86/vmgr/central/javax.websocket-api-1.0.jar
7f08c885d000-7f08c8862000 r--s 00048000 00:29 61872                      /sw/cadence/VMANAGER2009/tools.lnx86/vmgr/central/dom4j-1.6.1.jar
7f08c8862000-7f08c886e000 r--s 000d8000 00:29 61856                      /sw/cadence/VMANAGER2009/tools.lnx86/vmgr/central/postgresql-42.2.11.jar
7f08c886e000-7f08c886f000 r--s 00000000 00:29 61860                      /sw/cadence/VMANAGER2009/tools.lnx86/vmgr/central/javax.inject-1.jar
7f08c886f000-7f08c889a000 r--s 001f5000 00:29 61858                      /sw/cadence/VMANAGER2009/tools.lnx86/vmgr/central/guava-16.0.1.jar
7f08c889a000-7f08c889c000 r--s 00006000 00:29 61878                      /sw/cadence/VMANAGER2009/tools.lnx86/vmgr/central/javax.transaction-api-1.2.jar
7f08c889c000-7f08c889e000 r--s 00000000 00:29 61861                      /sw/cadence/VMANAGER2009/tools.lnx86/vmgr/central/aopalliance-1.0.jar
7f08c889e000-7f08c891b000 r--s 005e3000 00:29 61864                      /sw/cadence/VMANAGER2009/tools.lnx86/vmgr/central/hibernate-core-5.2.12.Final.jar
7f08c891b000-7f08c891d000 r--s 00005000 00:29 61851                      /sw/cadence/VMANAGER2009/tools.lnx86/vmgr/central/central-framework-common.jar
7f08c891d000-7f08c891e000 r--s 00002000 00:29 61217                      /sw/cadence/VMANAGER2009/tools.lnx86/vmgr/central/slf4j-log4j12-1.6.1.jar
7f08c891e000-7f08c8929000 r--s 00072000 00:29 61880                      /sw/cadence/VMANAGER2009/tools.lnx86/vmgr/central/sshj-0.27.0.jar
7f08c8929000-7f08c8933000 r--s 000ae000 00:29 61873                      /sw/cadence/VMANAGER2009/tools.lnx86/vmgr/central/javassist-3.20.0-GA.jar
7f08c8933000-7f08c8938000 r--s 00068000 00:29 61870                      /sw/cadence/VMANAGER2009/tools.lnx86/vmgr/central/antlr-2.7.7.jar
7f08c8938000-7f08c893a000 r--s 0000f000 00:29 61868                      /sw/cadence/VMANAGER2009/tools.lnx86/vmgr/central/jboss-logging-3.3.0.Final.jar
7f08c893a000-7f08c8941000 r--s 00058000 00:29 61863                      /sw/cadence/VMANAGER2009/tools.lnx86/vmgr/central/commons-lang3-3.2.1.jar
7f08c8941000-7f08c897a000 r--s 0032b000 00:29 61876                      /sw/cadence/VMANAGER2009/tools.lnx86/vmgr/central/jetty-all-9.4.14.v20181114-uber-cdns.jar
7f08c897a000-7f08c897d000 r--s 00015000 00:29 61877                      /sw/cadence/VMANAGER2009/tools.lnx86/vmgr/central/javax.servlet-api-3.1.0.jar
7f08c897d000-7f08c8980000 r--s 00010000 00:29 61865                      /sw/cadence/VMANAGER2009/tools.lnx86/vmgr/central/hibernate-commons-annotations-5.0.1.Final.jar
7f08c8980000-7f08c898d000 r--s 00090000 00:29 61857                      /sw/cadence/VMANAGER2009/tools.lnx86/vmgr/central/guice-4.0-beta5.jar
7f08c898d000-7f08c898f000 r--s 0000e000 00:29 61883                      /sw/cadence/VMANAGER2009/tools.lnx86/vmgr/central/eddsa-0.2.0.jar
7f08c898f000-7f08c8998000 r--s 0006f000 00:29 61855                      /sw/cadence/VMANAGER2009/tools.lnx86/vmgr/central/log4j-1.2.17.jar
7f08c8998000-7f08c899c000 r--s 00019000 00:29 61859                      /sw/cadence/VMANAGER2009/tools.lnx86/vmgr/central/concurrentlinkedhashmap-lru-1.4.jar
7f08c899c000-7f08c89f4000 r--s 003a7000 00:29 61881                      /sw/cadence/VMANAGER2009/tools.lnx86/vmgr/central/bcprov-jdk15on-1.60.jar
7f08c89f4000-7f08c89f8000 r--s 0000c000 00:29 61874                      /sw/cadence/VMANAGER2009/tools.lnx86/vmgr/central/validation-api-1.1.0.Final.jar
7f08c89f8000-7f08c89fc000 r--s 0014b000 00:29 61852                      /sw/cadence/VMANAGER2009/tools.lnx86/vmgr/central/jna-3.4.0-aix.jar
7f08c89fc000-7f08c89ff000 r--s 00023000 00:29 61853                      /sw/cadence/VMANAGER2009/tools.lnx86/vmgr/central/HikariCP-3.4.2.jar
7f08c89ff000-7f08c8a10000 r--s 000a1000 00:29 61867                      /sw/cadence/VMANAGER2009/tools.lnx86/vmgr/central/hibernate-validator-5.3.4.Final.jar
7f08c8a10000-7f08c8a12000 r--s 00010000 00:29 61869                      /sw/cadence/VMANAGER2009/tools.lnx86/vmgr/central/datasource-proxy-1.0.jar
7f08c8a12000-7f08c8a17000 r--s 00017000 00:29 61866                      /sw/cadence/VMANAGER2009/tools.lnx86/vmgr/central/hibernate-jpa-2.1-api-1.0.0.Final.jar
7f08c8a17000-7f08c8a19000 r--s 00008000 00:29 61875                      /sw/cadence/VMANAGER2009/tools.lnx86/vmgr/central/javax.el-api-2.2.4.jar
7f08c8a19000-7f08c8a2c000 r--s 000b0000 00:29 61882                      /sw/cadence/VMANAGER2009/tools.lnx86/vmgr/central/bcpkix-jdk15on-1.60.jar
7f08c8a2c000-7f08c8a39000 r--s 000af000 00:29 57060                      /sw/cadence/VMANAGER2009/tools.lnx86/vmgr/java/httpclient-4.5.6.jar
7f08c8a39000-7f08c8a6e000 r--s 003a9000 00:29 57023                      /sw/cadence/VMANAGER2009/tools.lnx86/vmgr/java/backend.jar
7f08c8a6e000-7f08c8a7b000 r--s 00071000 00:29 57044                      /sw/cadence/VMANAGER2009/tools.lnx86/vmgr/java/noa-libre.jar
7f08c8a7b000-7f08c8a7f000 r--s 0001c000 00:29 54218                      /sw/cadence/VMANAGER2009/tools.lnx86/vmgr/java/javax.ws.rs-api-2.1.jar
7f08c8a7f000-7f08c8a83000 r--s 00020000 00:29 57100                      /sw/cadence/VMANAGER2009/tools.lnx86/vmgr/java/swagger-models-1.5.15.jar
7f08c8a83000-7f08c8a86000 r--s 0000a000 00:29 57088                      /sw/cadence/VMANAGER2009/tools.lnx86/vmgr/java/cache-api-1.0.0.jar
7f08c8a86000-7f08c8a89000 r--s 00024000 00:29 57055                      /sw/cadence/VMANAGER2009/tools.lnx86/vmgr/java/commons-io.jar
7f08c8a89000-7f08c8a8b000 r--s 00008000 00:29 57140                      /sw/cadence/VMANAGER2009/tools.lnx86/vmgr/java/jersey-bean-validation-2.26.jar
7f08c8a8b000-7f08c8afb000 r--s 00643000 00:29 57107                      /sw/cadence/VMANAGER2009/tools.lnx86/vmgr/java/groovy-all.jar
7f08c8afb000-7f08c8afd000 r--s 00005000 00:29 57094                      /sw/cadence/VMANAGER2009/tools.lnx86/vmgr/java/okta-jwt-verifier-impl-0.4.0.jar
7f08c8afd000-7f08c8aff000 r--s 00002000 00:29 57149                      /sw/cadence/VMANAGER2009/tools.lnx86/vmgr/java/spring-bridge-2.5.0-b42.jar
7f08c8aff000-7f08c8b00000 r--s 00007000 00:29 57155                      /sw/cadence/VMANAGER2009/tools.lnx86/vmgr/java/jackson-jaxrs-base-2.9.4.jar
7f08c8b00000-7f08c8b3e000 r--s 0025d000 00:29 57131                      /sw/cadence/VMANAGER2009/tools.lnx86/vmgr/java/xmlbeans-2.6.0.jar
7f08c8b3e000-7f08c8b42000 r--s 0003c000 00:29 57056                      /sw/cadence/VMANAGER2009/tools.lnx86/vmgr/java/commons-lang.jar
7f08c8b42000-7f08c8b43000 r--s 0000a000 00:29 57071                      /sw/cadence/VMANAGER2009/tools.lnx86/vmgr/java/asm-3.1.jar
7f08c8b43000-7f08c8b47000 r--s 00051000 00:29 57019                      /sw/cadence/VMANAGER2009/tools.lnx86/vmgr/java/bootstrap.jar
7f08c8b47000-7f08c8b4a000 r--s 00019000 00:29 54216                      /sw/cadence/VMANAGER2009/tools.lnx86/vmgr/java/framework-bl.jar
7f08c8b4a000-7f08c8b62000 r--s 00144000 00:29 57047                      /sw/cadence/VMANAGER2009/tools.lnx86/vmgr/java/activemq-client-5.14.4.jar
7f08c8b62000-7f08c8b64000 r--s 0000b000 00:29 57045                      /sw/cadence/VMANAGER2009/tools.lnx86/vmgr/java/officebean.jar
7f08c8b64000-7f08c8b68000 r--s 0004b000 00:29 54219                      /sw/cadence/VMANAGER2009/tools.lnx86/vmgr/java/jackson-core-2.9.4.jar
7f08c8b68000-7f08c8b6a000 r--s 00006000 00:29 57053                      /sw/cadence/VMANAGER2009/tools.lnx86/vmgr/java/commons-cli.jar
7f08c8b6a000-7f08c8b6d000 r--s 00018000 00:29 57048                      /sw/cadence/VMANAGER2009/tools.lnx86/vmgr/java/activemq-stomp-5.14.4.jar
7f08c8b6d000-7f08c8b72000 r--s 00029000 00:29 57146                      /sw/cadence/VMANAGER2009/tools.lnx86/vmgr/java/hk2-api-2.5.0-b42.jar
7f08c8b72000-7f08c8b74000 r--s 00000000 00:29 57091                      /sw/cadence/VMANAGER2009/tools.lnx86/vmgr/java/minlog-1.2.jar
7f08c8b74000-7f08c8b7b000 r--s 0003e000 00:29 57070                      /sw/cadence/VMANAGER2009/tools.lnx86/vmgr/java/cglib-2.2.jar
7f08c8b7b000-7f08c8b7c000 r--s 00002000 00:29 57133                      /sw/cadence/VMANAGER2009/tools.lnx86/vmgr/java/indexed-file-reader-1.0.jar
7f08c8b7c000-7f08c8c4f000 r--s 009ea000 00:29 57087                      /sw/cadence/VMANAGER2009/tools.lnx86/vmgr/java/hazelcast-4.0.jar
7f08c8c4f000-7f08c8c50000 r--s 00001000 00:29 57106                      /sw/cadence/VMANAGER2009/tools.lnx86/vmgr/java/key-tool-j8-2.0.0.jar
7f08c8c50000-7f08c8c61000 r--s 0014c000 00:29 57121                      /sw/cadence/VMANAGER2009/tools.lnx86/vmgr/java/jfreechart-1.0.13.jar
7f08c8c61000-7f08c8c64000 r--s 00019000 00:29 57102                      /sw/cadence/VMANAGER2009/tools.lnx86/vmgr/java/swagger-core-1.5.15.jar
7f08c8c64000-7f08c8c66000 r--s 00005000 00:29 57160                      /sw/cadence/VMANAGER2009/tools.lnx86/vmgr/java/javax.annotation-api-1.2.jar
7f08c8c66000-7f08c8c87000 r--s 00183000 00:29 57167                      /sw/cadence/VMANAGER2009/tools.lnx86/vmgr/java/jena-core.jar
7f08c8c87000-7f08c8c89000 r--s 00009000 00:29 57098                      /sw/cadence/VMANAGER2009/tools.lnx86/vmgr/java/okta-commons-lang-1.1.0.jar
7f08c8c89000-7f08c8cb4000 r--s 00213000 00:29 57166                      /sw/cadence/VMANAGER2009/tools.lnx86/vmgr/java/jena-arg.jar
7f08c8cb4000-7f08c8cb6000 r--s 0000e000 00:29 57059                      /sw/cadence/VMANAGER2009/tools.lnx86/vmgr/java/commons-logging-1.2.jar
7f08c8cb6000-7f08c8cb7000 r--s 00003000 00:29 57156                      /sw/cadence/VMANAGER2009/tools.lnx86/vmgr/java/jackson-jaxrs-json-provider-2.9.4.jar
7f08c8cb7000-7f08c8cb9000 r--s 00010000 00:29 57103                      /sw/cadence/VMANAGER2009/tools.lnx86/vmgr/java/swagger-jaxrs-1.5.15.jar
7f08c8cb9000-7f08c8cc1000 r--s 00601000 00:29 57021                      /sw/cadence/VMANAGER2009/tools.lnx86/vmgr/java/safety.jar
7f08c8cc1000-7f08c8ce5000 r--s 0015e000 00:29 57015                      /sw/cadence/VMANAGER2009/tools.lnx86/vmgr/java/framework-common.jar
7f08c8ce5000-7f08c8cfd000 r--s 00115000 00:29 57111                      /sw/cadence/VMANAGER2009/tools.lnx86/vmgr/java/xerces-impl.jar
7f08c8cfd000-7f08c8d40000 r--s 0041b000 00:29 57026                      /sw/cadence/VMANAGER2009/tools.lnx86/vmgr/java/common.jar
7f08c8d40000-7f08c8d42000 r--s 0000d000 00:29 57168                      /sw/cadence/VMANAGER2009/tools.lnx86/vmgr/java/java-rdfa.jar
7f08c8d42000-7f08c8d45000 r--s 00029000 00:29 54217                      /sw/cadence/VMANAGER2009/tools.lnx86/vmgr/java/httpasyncclient-4.1.4.jar
7f08c8d45000-7f08c8d47000 r--s 0000b000 00:29 57038                      /sw/cadence/VMANAGER2009/tools.lnx86/vmgr/java/throughput.jar
7f08c8d47000-7f08c8d4e000 r--s 0004e000 00:29 57115                      /sw/cadence/VMANAGER2009/tools.lnx86/vmgr/java/antlr4-runtime-4.3.jar
7f08c8d4e000-7f08c8d61000 r--s 000ce000 00:29 57137                      /sw/cadence/VMANAGER2009/tools.lnx86/vmgr/java/jersey-server-2.26.jar
7f08c8d61000-7f08c8d63000 r--s 00003000 00:29 57067                      /sw/cadence/VMANAGER2009/tools.lnx86/vmgr/java/geronimo-j2ee-management_1.1_spec-1.0.1.jar
7f08c8d63000-7f08c8d65000 r--s 00001000 00:29 57065                      /sw/cadence/VMANAGER2009/tools.lnx86/vmgr/java/spiffy-0.05.jar
7f08c8d65000-7f08c8d77000 r--s 000b9000 00:29 57117                      /sw/cadence/VMANAGER2009/tools.lnx86/vmgr/java/jaxb-impl-2.1.2.jar
7f08c8d77000-7f08c8d8d000 r--s 000f9000 00:29 57083                      /sw/cadence/VMANAGER2009/tools.lnx86/vmgr/java/spring-core-4.3.1.RELEASE.jar
7f08c8d8d000-7f08c8d90000 r--s 00015000 00:29 57033                      /sw/cadence/VMANAGER2009/tools.lnx86/vmgr/java/drm-control.jar
7f08c8d90000-7f08c8dfe000 r--s 00846000 00:29 57030                      /sw/cadence/VMANAGER2009/tools.lnx86/vmgr/java/gui.jar
7f08c8dfe000-7f08c8e01000 r--s 0000d000 00:29 57142                      /sw/cadence/VMANAGER2009/tools.lnx86/vmgr/java/jersey-hk2-2.26.jar
7f08c8e01000-7f08c8e02000 r--s 00007000 00:29 57108                      /sw/cadence/VMANAGER2009/tools.lnx86/vmgr/java/jcommando-2.1-cadence.jar
7f08c8e02000-7f08c8e2e000 r--s 00268000 00:29 57128                      /sw/cadence/VMANAGER2009/tools.lnx86/vmgr/java/poi-3.17.jar
7f08c8e2e000-7f08c8e33000 r--s 00037000 00:29 57127                      /sw/cadence/VMANAGER2009/tools.lnx86/vmgr/java/bsh-1.3.0.jar
7f08c8e33000-7f08c8e66000 r--s 0045a000 00:29 57046                      /sw/cadence/VMANAGER2009/tools.lnx86/vmgr/java/Saxon-HE.jar
7f08c8e66000-7f08c8eff000 r--s 00709000 00:29 57074                      /sw/cadence/VMANAGER2009/tools.lnx86/vmgr/java/jide-3.5.1.jar
7f08c8eff000-7f08c8f09000 r--s 00078000 00:29 57017                      /sw/cadence/VMANAGER2009/tools.lnx86/vmgr/java/metrics-impl.jar
7f08c8f09000-7f08c8f0a000 r--s 00000000 00:29 57024                      /sw/cadence/VMANAGER2009/tools.lnx86/vmgr/java/impl-util.jar
7f08c8f0a000-7f08c8f0f000 r--s 00038000 00:29 57049                      /sw/cadence/VMANAGER2009/tools.lnx86/vmgr/java/gtx-swing-plugin-20.09-SNAPSHOT.jar
7f08c8f0f000-7f08c8f26000 r--s 000fc000 00:29 57136                      /sw/cadence/VMANAGER2009/tools.lnx86/vmgr/java/jersey-common-2.26.jar
7f08c8f26000-7f08c8f2e000 r--s 00075000 00:29 57125                      /sw/cadence/VMANAGER2009/tools.lnx86/vmgr/java/mail-1.4.5.jar
7f08c8f2e000-7f08c8f40000 r--s 0011b000 00:29 57042                      /sw/cadence/VMANAGER2009/tools.lnx86/vmgr/java/icepdf-viewer-6.3.2.jar
7f08c8f40000-7f08c8f51000 r--s 001d3000 00:29 57069                      /sw/cadence/VMANAGER2009/tools.lnx86/vmgr/java/unboundid-ldapsdk-3.2.0.jar
7f08c8f51000-7f08c8f56000 r--s 00029000 00:29 57080                      /sw/cadence/VMANAGER2009/tools.lnx86/vmgr/java/spring-context-support-4.3.1.RELEASE.jar
7f08c8f56000-7f08c8f58000 r--s 00007000 00:29 57161                      /sw/cadence/VMANAGER2009/tools.lnx86/vmgr/java/rmi-1.0.0.jar
7f08c8f58000-7f08c8f5a000 r--s 00004000 00:29 57141                      /sw/cadence/VMANAGER2009/tools.lnx86/vmgr/java/jersey-spring4-2.26.jar
7f08c8f5a000-7f08c8f5c000 r--s 00002000 00:29 57029                      /sw/cadence/VMANAGER2009/tools.lnx86/vmgr/java/cli-app.jar
7f08c8f5c000-7f08c8f5e000 r--s 00004000 00:29 57101                      /sw/cadence/VMANAGER2009/tools.lnx86/vmgr/java/swagger-annotations-1.5.15.jar
7f08c8f5e000-7f08c8f8c000 r--s 00422000 00:29 57073                      /sw/cadence/VMANAGER2009/tools.lnx86/vmgr/java/derby.jar
7f08c8f8c000-7f08c8f8e000 r--s 00005000 00:29 57113                      /sw/cadence/VMANAGER2009/tools.lnx86/vmgr/java/xpp3_min-1.1.4c.jar
7f08c8f8e000-7f08c8f91000 r--s 00010000 00:29 57018                      /sw/cadence/VMANAGER2009/tools.lnx86/vmgr/java/runner-impl.jar
7f08c8f91000-7f08c8f95000 r--s 00029000 00:29 57138                      /sw/cadence/VMANAGER2009/tools.lnx86/vmgr/java/jersey-client-2.26.jar
7f08c8f95000-7f08c8f97000 r--s 0000d000 00:29 57064                      /sw/cadence/VMANAGER2009/tools.lnx86/vmgr/java/supercsv-1.52.jar
7f08c8f97000-7f08c8faa000 r--s 00136000 00:29 57151                      /sw/cadence/VMANAGER2009/tools.lnx86/vmgr/java/jackson-databind-2.9.4.jar
7f08c8faa000-7f08c8fb1000 r--s 0001e000 00:29 57025                      /sw/cadence/VMANAGER2009/tools.lnx86/vmgr/java/backend-api.jar
7f08c8fb1000-7f08c8fb3000 r--s 0000f000 00:29 57096                      /sw/cadence/VMANAGER2009/tools.lnx86/vmgr/java/jjwt-impl-0.10.5.jar
7f08c8fb3000-7f08c8fcc000 r--s 001e3000 00:29 57037                      /sw/cadence/VMANAGER2009/tools.lnx86/vmgr/java/fmeda.jar
7f08c8fcc000-7f08c8fd4000 r--s 00050000 00:29 57040                      /sw/cadence/VMANAGER2009/tools.lnx86/vmgr/java/icepdf-pro-6.3.2.jar
7f08c8fd4000-7f08c8fda000 r--s 0004f000 00:29 57075                      /sw/cadence/VMANAGER2009/tools.lnx86/vmgr/java/apache-log4j-extras-1.1.jar
7f08c8fda000-7f08c8feb000 r--s 000b5000 00:29 57086                      /sw/cadence/VMANAGER2009/tools.lnx86/vmgr/java/spring-web-4.3.1.RELEASE.jar
7f08c8feb000-7f08c8ff4000 r--s 00054000 00:29 57077                      /sw/cadence/VMANAGER2009/tools.lnx86/vmgr/java/spring-aop-4.3.1.RELEASE.jar
7f08c8ff4000-7f08c8ff5000 r--s 00001000 00:29 57093                      /sw/cadence/VMANAGER2009/tools.lnx86/vmgr/java/okta-jwt-verifier-0.4.0.jar
7f08c8ff5000-7f08c8ff7000 r--s 0000b000 00:29 57162                      /sw/cadence/VMANAGER2009/tools.lnx86/vmgr/java/hawtbuf-1.11.jar
7f08c8ff7000-7f08c9005000 r--s 000ab000 00:29 57078                      /sw/cadence/VMANAGER2009/tools.lnx86/vmgr/java/spring-beans-4.3.1.RELEASE.jar
7f08c9005000-7f08c901c000 r--s 000d6000 00:29 57116                      /sw/cadence/VMANAGER2009/tools.lnx86/vmgr/java/caffeine-2.3.1.jar
7f08c901c000-7f08c9021000 r--s 00036000 00:29 57058                      /sw/cadence/VMANAGER2009/tools.lnx86/vmgr/java/commons-compress.jar
7f08c9021000-7f08c904a000 r--s 00511000 00:29 57124                      /sw/cadence/VMANAGER2009/tools.lnx86/vmgr/java/jtcl-2.6.0.jar
7f08c904a000-7f08c904b000 r--s 00003000 00:29 57035                      /sw/cadence/VMANAGER2009/tools.lnx86/vmgr/java/jobs-manager-launcher.jar
7f08c904b000-7f08c904d000 r--s 00007000 00:29 57154                      /sw/cadence/VMANAGER2009/tools.lnx86/vmgr/java/jackson-module-jaxb-annotations-2.9.4.jar
7f08c904d000-7f08c905a000 r--s 00081000 00:29 57076                      /sw/cadence/VMANAGER2009/tools.lnx86/vmgr/java/prefuse-beta-20071021.jar
7f08c905a000-7f08c905d000 r--s 0000e000 00:29 57152                      /sw/cadence/VMANAGER2009/tools.lnx86/vmgr/java/jackson-annotations-2.9.4.jar
7f08c905d000-7f08c9064000 r--s 0007d000 00:29 57031                      /sw/cadence/VMANAGER2009/tools.lnx86/vmgr/java/imc.jar
7f08c9064000-7f08c9067000 r--s 0001c000 00:29 57122                      /sw/cadence/VMANAGER2009/tools.lnx86/vmgr/java/jcalendar-1.3.2.jar
7f08c9067000-7f08c9070000 r--s 00089000 00:29 57164                      /sw/cadence/VMANAGER2009/tools.lnx86/vmgr/java/simple-odf.jar
7f08c9070000-7f08c9073000 r--s 00010000 00:29 57095                      /sw/cadence/VMANAGER2009/tools.lnx86/vmgr/java/jjwt-api-0.10.5.jar
7f08c9073000-7f08c9076000 r--s 0000e000 00:29 57144                      /sw/cadence/VMANAGER2009/tools.lnx86/vmgr/java/jersey-media-multipart-2.26.jar
7f08c9076000-7f08c907e000 r--s 0005d000 00:29 57089                      /sw/cadence/VMANAGER2009/tools.lnx86/vmgr/java/kryo-shaded-4.0.2.jar
7f08c907e000-7f08c9080000 r--s 00004000 00:29 57063                      /sw/cadence/VMANAGER2009/tools.lnx86/vmgr/java/jamon-runtime-2.3.0.jar
7f08c9080000-7f08c9087000 r--s 0003f000 00:29 57051                      /sw/cadence/VMANAGER2009/tools.lnx86/vmgr/java/commons-codec-1.10.jar
7f08c9087000-7f08c9089000 r--s 00001000 00:29 57157                      /sw/cadence/VMANAGER2009/tools.lnx86/vmgr/java/jackson-module-parameter-names-2.9.4.jar
7f08c9089000-7f08c908b000 r--s 00016000 00:29 57159                      /sw/cadence/VMANAGER2009/tools.lnx86/vmgr/java/jackson-datatype-jsr310-2.9.4.jar
7f08c908b000-7f08c9096000 r--s 0005f000 00:29 57114                      /sw/cadence/VMANAGER2009/tools.lnx86/vmgr/java/xstream-1.3.1.jar
7f08c9096000-7f08c9098000 r--s 00000000 00:29 57097                      /sw/cadence/VMANAGER2009/tools.lnx86/vmgr/java/jjwt-jackson-0.10.5.jar
7f08c9098000-7f08c90b0000 r--s 002c2000 00:29 57020                      /sw/cadence/VMANAGER2009/tools.lnx86/vmgr/java/frontend.jar
7f08c90b0000-7f08c90b2000 r--s 0000d000 00:29 57139                      /sw/cadence/VMANAGER2009/tools.lnx86/vmgr/java/jersey-media-json-jackson-2.26.jar
7f08c90b2000-7f08c90c7000 r--s 00202000 00:29 57123                      /sw/cadence/VMANAGER2009/tools.lnx86/vmgr/java/HTMLEditorEnterprise-20.0.0.jar
7f08c90c7000-7f08c90d4000 r--s 00153000 00:29 57039                      /sw/cadence/VMANAGER2009/tools.lnx86/vmgr/java/icepdf-core-6.3.2.jar
7f08c90d4000-7f08c90d8000 r--s 00010000 00:29 57153                      /sw/cadence/VMANAGER2009/tools.lnx86/vmgr/java/jackson-module-jsonSchema-2.9.4.jar
7f08c90d8000-7f08c90dd000 r--s 0003c000 00:29 57081                      /sw/cadence/VMANAGER2009/tools.lnx86/vmgr/java/spring-expression-4.3.1.RELEASE.jar
7f08c90dd000-7f08c90e1000 r--s 00031000 00:29 57052                      /sw/cadence/VMANAGER2009/tools.lnx86/vmgr/java/jline.jar
7f08c90e1000-7f08c913d000 r--s 0124d000 00:29 57014                      /sw/cadence/VMANAGER2009/tools.lnx86/vmgr/java/framework-gui.jar
7f08c913d000-7f08c9141000 r--s 0001e000 00:29 57147                      /sw/cadence/VMANAGER2009/tools.lnx86/vmgr/java/hk2-utils-2.5.0-b42.jar
7f08c9141000-7f08c91fc000 r--s 004ec000 00:29 57130                      /sw/cadence/VMANAGER2009/tools.lnx86/vmgr/java/poi-ooxml-schemas-3.17.jar
7f08c91fc000-7f08c9200000 r--s 0014b000 00:29 57072                      /sw/cadence/VMANAGER2009/tools.lnx86/vmgr/java/jna-3.4.0-aix.jar
7f08c9200000-7f08c9210000 r--s 000a8000 00:29 57132                      /sw/cadence/VMANAGER2009/tools.lnx86/vmgr/java/commons-collections4-4.1.jar
7f08c9210000-7f08c9212000 r--s 00009000 00:29 57022                      /sw/cadence/VMANAGER2009/tools.lnx86/vmgr/java/perspec.jar
7f08c9212000-7f08c9214000 r--s 00003000 00:29 57134                      /sw/cadence/VMANAGER2009/tools.lnx86/vmgr/java/jersey-container-servlet-2.26.jar
7f08c9214000-7f08c9218000 r--s 0002e000 00:29 57034                      /sw/cadence/VMANAGER2009/tools.lnx86/vmgr/java/jobs-manager.jar
7f08c9218000-7f08c9222000 r--s 0005f000 00:29 57082                      /sw/cadence/VMANAGER2009/tools.lnx86/vmgr/java/spring-jdbc-4.3.1.RELEASE.jar
7f08c9222000-7f08c9226000 r--s 00028000 00:29 57057                      /sw/cadence/VMANAGER2009/tools.lnx86/vmgr/java/commons-validator-1.4.0.jar
7f08c9226000-7f08c9229000 r--s 00017000 00:29 57092                      /sw/cadence/VMANAGER2009/tools.lnx86/vmgr/java/kryo-serializers-0.41.jar
7f08c9229000-7f08c922b000 r--s 00007000 00:29 57158                      /sw/cadence/VMANAGER2009/tools.lnx86/vmgr/java/jackson-datatype-jdk8-2.9.4.jar
7f08c922b000-7f08c922e000 r--s 0001f000 00:29 57169                      /sw/cadence/VMANAGER2009/tools.lnx86/vmgr/java/jena-iri.jar
7f08c922e000-7f08c9232000 r--s 0002b000 00:29 57148                      /sw/cadence/VMANAGER2009/tools.lnx86/vmgr/java/hk2-locator-2.5.0-b42.jar
7f08c9232000-7f08c9239000 r--s 002db000 00:29 57041                      /sw/cadence/VMANAGER2009/tools.lnx86/vmgr/java/icepdf-pro-intl-6.3.2.jar
7f08c9239000-7f08c924c000 r--s 00157000 00:29 57129                      /sw/cadence/VMANAGER2009/tools.lnx86/vmgr/java/poi-ooxml-3.17.jar
7f08c924c000-7f08c924d000 r--s 00001000 00:29 57099                      /sw/cadence/VMANAGER2009/tools.lnx86/vmgr/java/okta-config-check-1.1.0.jar
7f08c924d000-7f08c9250000 r--s 0000f000 00:29 57143                      /sw/cadence/VMANAGER2009/tools.lnx86/vmgr/java/jersey-entity-filtering-2.26.jar
7f08c9250000-7f08c9269000 r--s 000fc000 00:29 57079                      /sw/cadence/VMANAGER2009/tools.lnx86/vmgr/java/spring-context-4.3.1.RELEASE.jar
7f08c9269000-7f08c9270000 r--s 00049000 00:29 57061                      /sw/cadence/VMANAGER2009/tools.lnx86/vmgr/java/httpcore-4.4.10.jar
7f08c9270000-7f08c9272000 r--s 0000b000 00:29 57090                      /sw/cadence/VMANAGER2009/tools.lnx86/vmgr/java/objenesis-2.4.jar
7f08c9272000-7f08c9283000 r--s 000d2000 00:29 57126                      /sw/cadence/VMANAGER2009/tools.lnx86/vmgr/java/liquibase.jar
7f08c9283000-7f08c9284000 r--s 00001000 00:29 57150                      /sw/cadence/VMANAGER2009/tools.lnx86/vmgr/java/javax.inject-2.5.0-b42.jar
7f08c9284000-7f08c92cc000 r--s 00301000 00:29 57163                      /sw/cadence/VMANAGER2009/tools.lnx86/vmgr/java/odfdom-java.jar
7f08c92cc000-7f08c92cd000 ---p 00000000 00:00 0 
7f08c92cd000-7f08c93cd000 rw-p 00000000 00:00 0 
7f08c93cd000-7f08c93d0000 ---p 00000000 00:00 0 
7f08c93d0000-7f08c98bb000 rw-p 00000000 00:00 0 
7f08c98bb000-7f08c98bf000 ---p 00000000 00:00 0 
7f08c98bf000-7f08c99bc000 rw-p 00000000 00:00 0 
7f08c99bc000-7f08c99c0000 ---p 00000000 00:00 0 
7f08c99c0000-7f08c9abd000 rw-p 00000000 00:00 0 
7f08c9abd000-7f08d0000000 r--p 00000000 fd:00 100876                     /usr/lib/locale/locale-archive
7f08d0000000-7f08d0021000 rw-p 00000000 00:00 0 
7f08d0021000-7f08d4000000 ---p 00000000 00:00 0 
7f08d4000000-7f08d4021000 rw-p 00000000 00:00 0 
7f08d4021000-7f08d8000000 ---p 00000000 00:00 0 
7f08d8000000-7f08d8284000 rw-p 00000000 00:00 0 
7f08d8284000-7f08dc000000 ---p 00000000 00:00 0 
7f08dc000000-7f08dc021000 rw-p 00000000 00:00 0 
7f08dc021000-7f08e0000000 ---p 00000000 00:00 0 
7f08e0000000-7f08e4000000 rw-p 00000000 00:00 0 
7f08e4000000-7f08e4021000 rw-p 00000000 00:00 0 
7f08e4021000-7f08e8000000 ---p 00000000 00:00 0 
7f08e8000000-7f08e8001000 r--s 00009000 00:29 57104                      /sw/cadence/VMANAGER2009/tools.lnx86/vmgr/java/jackson-dataformat-yaml-2.8.7.jar
7f08e8001000-7f08e8003000 r--s 00010000 00:29 57036                      /sw/cadence/VMANAGER2009/tools.lnx86/vmgr/java/cactus.jar
7f08e8003000-7f08e800b000 r--s 00028000 00:29 57112                      /sw/cadence/VMANAGER2009/tools.lnx86/vmgr/java/xml-apis-1.3.04.jar
7f08e800b000-7f08e8013000 r--s 00059000 00:29 57110                      /sw/cadence/VMANAGER2009/tools.lnx86/vmgr/java/hessian-4.0.38.jar
7f08e8013000-7f08e8018000 r--s 00036000 00:29 57032                      /sw/cadence/VMANAGER2009/tools.lnx86/vmgr/java/server-utils.jar
7f08e8018000-7f08e801e000 r--s 00046000 00:29 57120                      /sw/cadence/VMANAGER2009/tools.lnx86/vmgr/java/jcommon-1.0.6.jar
7f08e801e000-7f08e8024000 r--s 00044000 00:29 57170                      /sw/cadence/VMANAGER2009/tools.lnx86/vmgr/java/commons-jxpath.jar
7f08e8024000-7f08e802f000 r--s 0006a000 00:29 57085                      /sw/cadence/VMANAGER2009/tools.lnx86/vmgr/java/spring-orm-4.3.1.RELEASE.jar
7f08e802f000-7f08e8035000 r--s 00023000 00:29 57118                      /sw/cadence/VMANAGER2009/tools.lnx86/vmgr/java/jaxb2-basics-runtime-0.11.1.jar
7f08e8035000-7f08e8038000 ---p 00000000 00:00 0 
7f08e8038000-7f08e8523000 rw-p 00000000 00:00 0 
7f08e8523000-7f08e8526000 ---p 00000000 00:00 0 
7f08e8526000-7f08e8a11000 rw-p 00000000 00:00 0 
7f08e8a11000-7f08e8a14000 ---p 00000000 00:00 0 
7f08e8a14000-7f08e8eff000 rw-p 00000000 00:00 0 
7f08e8eff000-7f08e8f00000 ---p 00000000 00:00 0 
7f08e8f00000-7f08e9000000 rw-p 00000000 00:00 0 
7f08e9000000-7f08e9be0000 rwxp 00000000 00:00 0 
7f08e9be0000-7f08f8000000 ---p 00000000 00:00 0 
7f08f8000000-7f08f99d9000 rw-p 00000000 00:00 0 
7f08f99d9000-7f08fc000000 ---p 00000000 00:00 0 
7f08fc000000-7f08fc001000 r--s 00003000 00:29 57068                      /sw/cadence/VMANAGER2009/tools.lnx86/vmgr/java/geronimo-jta_1.1_spec-1.1.1.jar
7f08fc001000-7f08fc003000 r--s 00003000 00:29 57016                      /sw/cadence/VMANAGER2009/tools.lnx86/vmgr/java/metrics-api.jar
7f08fc003000-7f08fc00a000 r--s 0009b000 00:29 57028                      /sw/cadence/VMANAGER2009/tools.lnx86/vmgr/java/cli-engine.jar
7f08fc00a000-7f08fc012000 r--s 0003a000 00:29 57084                      /sw/cadence/VMANAGER2009/tools.lnx86/vmgr/java/spring-tx-4.3.1.RELEASE.jar
7f08fc012000-7f08fc031000 r--s 00224000 00:29 57171                      /sw/cadence/VMANAGER2009/tools.lnx86/vmgr/java/jooq.jar
7f08fc031000-7f08fc033000 r--s 00006000 00:29 57066                      /sw/cadence/VMANAGER2009/tools.lnx86/vmgr/java/geronimo-jms_1.1_spec-1.1.1.jar
7f08fc033000-7f08fc038000 r--s 00034000 00:29 57050                      /sw/cadence/VMANAGER2009/tools.lnx86/vmgr/java/commons-beanutils.jar
7f08fc038000-7f08fc03f000 r--s 0003f000 00:29 57105                      /sw/cadence/VMANAGER2009/tools.lnx86/vmgr/java/snakeyaml-1.18.jar
7f08fc03f000-7f08fc04d000 r--s 0007f000 00:29 57054                      /sw/cadence/VMANAGER2009/tools.lnx86/vmgr/java/commons-collections.jar
7f08fc04d000-7f08fc066000 r--s 001bf000 00:29 57109                      /sw/cadence/VMANAGER2009/tools.lnx86/vmgr/java/aspectjweaver-1.8.13.jar
7f08fc066000-7f08fc9ff000 rw-p 00000000 00:00 0 
7f08fc9ff000-7f08fcbce000 r--s 03c37000 00:29 27845                      /sw/cadence/VMANAGER2009/tools.lnx86/openjre1.8.0-64b/lib/rt.jar
7f08fcbce000-7f08fd844000 rw-p 00000000 00:00 0 
7f08fd844000-7f08fd845000 ---p 00000000 00:00 0 
7f08fd845000-7f08fd99b000 rw-p 00000000 00:00 0 
7f08fd99b000-7f08fdbf0000 ---p 00000000 00:00 0 
7f08fdbf0000-7f08fdc46000 rw-p 00000000 00:00 0 
7f08fdc46000-7f08fde9a000 ---p 00000000 00:00 0 
7f08fde9a000-7f08fdf86000 rw-p 00000000 00:00 0 
7f08fdf86000-7f08fdff0000 ---p 00000000 00:00 0 
7f08fdff0000-7f08fe021000 rw-p 00000000 00:00 0 
7f08fe021000-7f08fe3b1000 ---p 00000000 00:00 0 
7f08fe3b1000-7f08fe3cc000 r-xp 00000000 00:29 27935                      /sw/cadence/VMANAGER2009/tools.lnx86/openjre1.8.0-64b/lib/amd64/libzip.so
7f08fe3cc000-7f08fe5cb000 ---p 0001b000 00:29 27935                      /sw/cadence/VMANAGER2009/tools.lnx86/openjre1.8.0-64b/lib/amd64/libzip.so
7f08fe5cb000-7f08fe5cc000 r--p 0001a000 00:29 27935                      /sw/cadence/VMANAGER2009/tools.lnx86/openjre1.8.0-64b/lib/amd64/libzip.so
7f08fe5cc000-7f08fe5cd000 rw-p 0001b000 00:29 27935                      /sw/cadence/VMANAGER2009/tools.lnx86/openjre1.8.0-64b/lib/amd64/libzip.so
7f08fe5cd000-7f08fee38000 r--s 00000000 fd:00 192442                     /var/lib/sss/mc/passwd
7f08fee38000-7f08fee40000 r-xp 00000000 fd:00 1288294                    /usr/lib64/libnss_sss.so.2
7f08fee40000-7f08ff03f000 ---p 00008000 fd:00 1288294                    /usr/lib64/libnss_sss.so.2
7f08ff03f000-7f08ff040000 r--p 00007000 fd:00 1288294                    /usr/lib64/libnss_sss.so.2
7f08ff040000-7f08ff041000 rw-p 00008000 fd:00 1288294                    /usr/lib64/libnss_sss.so.2
7f08ff041000-7f08ff04d000 r-xp 00000000 fd:00 100897                     /usr/lib64/libnss_files-2.17.so
7f08ff04d000-7f08ff24c000 ---p 0000c000 fd:00 100897                     /usr/lib64/libnss_files-2.17.so
7f08ff24c000-7f08ff24d000 r--p 0000b000 fd:00 100897                     /usr/lib64/libnss_files-2.17.so
7f08ff24d000-7f08ff24e000 rw-p 0000c000 fd:00 100897                     /usr/lib64/libnss_files-2.17.so
7f08ff24e000-7f08ff254000 rw-p 00000000 00:00 0 
7f08ff254000-7f08ff280000 r-xp 00000000 00:29 27903                      /sw/cadence/VMANAGER2009/tools.lnx86/openjre1.8.0-64b/lib/amd64/libjava.so
7f08ff280000-7f08ff47f000 ---p 0002c000 00:29 27903                      /sw/cadence/VMANAGER2009/tools.lnx86/openjre1.8.0-64b/lib/amd64/libjava.so
7f08ff47f000-7f08ff480000 r--p 0002b000 00:29 27903                      /sw/cadence/VMANAGER2009/tools.lnx86/openjre1.8.0-64b/lib/amd64/libjava.so
7f08ff480000-7f08ff482000 rw-p 0002c000 00:29 27903                      /sw/cadence/VMANAGER2009/tools.lnx86/openjre1.8.0-64b/lib/amd64/libjava.so
7f08ff482000-7f08ff48f000 r-xp 00000000 00:29 27889                      /sw/cadence/VMANAGER2009/tools.lnx86/openjre1.8.0-64b/lib/amd64/libverify.so
7f08ff48f000-7f08ff68e000 ---p 0000d000 00:29 27889                      /sw/cadence/VMANAGER2009/tools.lnx86/openjre1.8.0-64b/lib/amd64/libverify.so
7f08ff68e000-7f08ff690000 r--p 0000c000 00:29 27889                      /sw/cadence/VMANAGER2009/tools.lnx86/openjre1.8.0-64b/lib/amd64/libverify.so
7f08ff690000-7f08ff691000 rw-p 0000e000 00:29 27889                      /sw/cadence/VMANAGER2009/tools.lnx86/openjre1.8.0-64b/lib/amd64/libverify.so
7f08ff691000-7f08ff698000 r-xp 00000000 fd:00 100910                     /usr/lib64/librt-2.17.so
7f08ff698000-7f08ff897000 ---p 00007000 fd:00 100910                     /usr/lib64/librt-2.17.so
7f08ff897000-7f08ff898000 r--p 00006000 fd:00 100910                     /usr/lib64/librt-2.17.so
7f08ff898000-7f08ff899000 rw-p 00007000 fd:00 100910                     /usr/lib64/librt-2.17.so
7f08ff899000-7f08ff89d000 ---p 00000000 00:00 0 
7f08ff89d000-7f08ffd88000 rw-p 00000000 00:00 0 
7f08ffd88000-7f08ffe89000 r-xp 00000000 fd:00 100887                     /usr/lib64/libm-2.17.so
7f08ffe89000-7f0900088000 ---p 00101000 fd:00 100887                     /usr/lib64/libm-2.17.so
7f0900088000-7f0900089000 r--p 00100000 fd:00 100887                     /usr/lib64/libm-2.17.so
7f0900089000-7f090008a000 rw-p 00101000 fd:00 100887                     /usr/lib64/libm-2.17.so
7f090008a000-7f0900ccb000 r-xp 00000000 00:29 27951                      /sw/cadence/VMANAGER2009/tools.lnx86/openjre1.8.0-64b/lib/amd64/server/libjvm.so
7f0900ccb000-7f0900eca000 ---p 00c41000 00:29 27951                      /sw/cadence/VMANAGER2009/tools.lnx86/openjre1.8.0-64b/lib/amd64/server/libjvm.so
7f0900eca000-7f0900f5f000 r--p 00c40000 00:29 27951                      /sw/cadence/VMANAGER2009/tools.lnx86/openjre1.8.0-64b/lib/amd64/server/libjvm.so
7f0900f5f000-7f0900f88000 rw-p 00cd5000 00:29 27951                      /sw/cadence/VMANAGER2009/tools.lnx86/openjre1.8.0-64b/lib/amd64/server/libjvm.so
7f0900f88000-7f0900fb8000 rw-p 00000000 00:00 0 
7f0900fb8000-7f090117c000 r-xp 00000000 fd:00 84432                      /usr/lib64/libc-2.17.so
7f090117c000-7f090137b000 ---p 001c4000 fd:00 84432                      /usr/lib64/libc-2.17.so
7f090137b000-7f090137f000 r--p 001c3000 fd:00 84432                      /usr/lib64/libc-2.17.so
7f090137f000-7f0901381000 rw-p 001c7000 fd:00 84432                      /usr/lib64/libc-2.17.so
7f0901381000-7f0901386000 rw-p 00000000 00:00 0 
7f0901386000-7f0901388000 r-xp 00000000 fd:00 100885                     /usr/lib64/libdl-2.17.so
7f0901388000-7f0901588000 ---p 00002000 fd:00 100885                     /usr/lib64/libdl-2.17.so
7f0901588000-7f0901589000 r--p 00002000 fd:00 100885                     /usr/lib64/libdl-2.17.so
7f0901589000-7f090158a000 rw-p 00003000 fd:00 100885                     /usr/lib64/libdl-2.17.so
7f090158a000-7f09015a1000 r-xp 00000000 00:29 27946                      /sw/cadence/VMANAGER2009/tools.lnx86/openjre1.8.0-64b/lib/amd64/jli/libjli.so
7f09015a1000-7f09017a0000 ---p 00017000 00:29 27946                      /sw/cadence/VMANAGER2009/tools.lnx86/openjre1.8.0-64b/lib/amd64/jli/libjli.so
7f09017a0000-7f09017a1000 r--p 00016000 00:29 27946                      /sw/cadence/VMANAGER2009/tools.lnx86/openjre1.8.0-64b/lib/amd64/jli/libjli.so
7f09017a1000-7f09017a2000 rw-p 00017000 00:29 27946                      /sw/cadence/VMANAGER2009/tools.lnx86/openjre1.8.0-64b/lib/amd64/jli/libjli.so
7f09017a2000-7f09017b9000 r-xp 00000000 fd:00 100905                     /usr/lib64/libpthread-2.17.so
7f09017b9000-7f09019b8000 ---p 00017000 fd:00 100905                     /usr/lib64/libpthread-2.17.so
7f09019b8000-7f09019b9000 r--p 00016000 fd:00 100905                     /usr/lib64/libpthread-2.17.so
7f09019b9000-7f09019ba000 rw-p 00017000 fd:00 100905                     /usr/lib64/libpthread-2.17.so
7f09019ba000-7f09019be000 rw-p 00000000 00:00 0 
7f09019be000-7f09019e0000 r-xp 00000000 fd:00 100878                     /usr/lib64/ld-2.17.so
7f09019e0000-7f09019e1000 r--s 00000000 00:29 57027                      /sw/cadence/VMANAGER2009/tools.lnx86/vmgr/java/cli-api.jar
7f09019e1000-7f09019e3000 r--s 0000e000 00:29 57145                      /sw/cadence/VMANAGER2009/tools.lnx86/vmgr/java/mimepull-1.9.6.jar
7f09019e3000-7f09019f3000 r--s 000d2000 00:29 57119                      /sw/cadence/VMANAGER2009/tools.lnx86/vmgr/java/freemarker-2.3.18.jar
7f09019f3000-7f0901abf000 rw-p 00000000 00:00 0 
7f0901abf000-7f0901ac0000 ---p 00000000 00:00 0 
7f0901ac0000-7f0901bc5000 rw-p 00000000 00:00 0 
7f0901bc5000-7f0901bc6000 r--s 00003000 00:29 57165                      /sw/cadence/VMANAGER2009/tools.lnx86/vmgr/java/rdf.rdfa.jar
7f0901bc6000-7f0901bce000 r--s 00052000 00:29 57062                      /sw/cadence/VMANAGER2009/tools.lnx86/vmgr/java/httpcore-nio-4.4.10.jar
7f0901bce000-7f0901bd2000 r--s 00021000 00:29 57043                      /sw/cadence/VMANAGER2009/tools.lnx86/vmgr/java/jbig2-imageio-3.0.0-1.jar
7f0901bd2000-7f0901bd4000 r--s 0000d000 00:29 57135                      /sw/cadence/VMANAGER2009/tools.lnx86/vmgr/java/jersey-container-servlet-core-2.26.jar
7f0901bd4000-7f0901bdc000 rw-s 00000000 fd:00 11231595                   /tmp/hsperfdata_dragos.pascu/7105
7f0901bdc000-7f0901bdd000 rw-p 00000000 00:00 0 
7f0901bdd000-7f0901bde000 ---p 00000000 00:00 0 
7f0901bde000-7f0901bdf000 rw-p 00000000 00:00 0 
7f0901bdf000-7f0901be0000 r--p 00021000 fd:00 100878                     /usr/lib64/ld-2.17.so
7f0901be0000-7f0901be1000 rw-p 00022000 fd:00 100878                     /usr/lib64/ld-2.17.so
7f0901be1000-7f0901be2000 rw-p 00000000 00:00 0 
7fff09b3a000-7fff09b5c000 rw-p 00000000 00:00 0                          [stack]
7fff09b6f000-7fff09b71000 r-xp 00000000 00:00 0                          [vdso]
ffffffffff600000-ffffffffff601000 r-xp 00000000 00:00 0                  [vsyscall]

VM Arguments:
jvm_args: -Xms256m -XX:ThreadStackSize=5048 -Xss5048k -Xmx2048m -XX:+CrashOnOutOfMemoryError -Djava.util.prefs.systemRoot=/home/dragos.pascu -Dfile.encoding=UTF-8 -XX:CompileCommand=quiet -XX:CompileCommand=exclude,javax/swing/text/GlyphView,getBreakSpot -Dprism.order=sw -Dsun.java2d.xrender=false -Dsun.java2d.pmoffscreen=false -Dawt.useSystemAAFontSettings=setting -Dsun.awt.disablegrab=true 
java_command: com.cadence.mdv.imc.Main -environment /tmp/vmgr.7068 -metrics_only -load ./cov_work/scope/test_sv987968632
java_class_path (initial): /sw/cadence/VMANAGER2009/tools.lnx86/vmgr/java/jersey-container-servlet-core-2.26.jar:/sw/cadence/VMANAGER2009/tools.lnx86/vmgr/java/freemarker-2.3.18.jar:/sw/cadence/VMANAGER2009/tools.lnx86/vmgr/java/jbig2-imageio-3.0.0-1.jar:/sw/cadence/VMANAGER2009/tools.lnx86/vmgr/java/httpcore-nio-4.4.10.jar:/sw/cadence/VMANAGER2009/tools.lnx86/vmgr/java/aspectjweaver-1.8.13.jar:/sw/cadence/VMANAGER2009/tools.lnx86/vmgr/java/commons-collections.jar:/sw/cadence/VMANAGER2009/tools.lnx86/vmgr/java/snakeyaml-1.18.jar:/sw/cadence/VMANAGER2009/tools.lnx86/vmgr/java/rdf.rdfa.jar:/sw/cadence/VMANAGER2009/tools.lnx86/vmgr/java/commons-beanutils.jar:/sw/cadence/VMANAGER2009/tools.lnx86/vmgr/java/mimepull-1.9.6.jar:/sw/cadence/VMANAGER2009/tools.lnx86/vmgr/java/geronimo-jms_1.1_spec-1.1.1.jar:/sw/cadence/VMANAGER2009/tools.lnx86/vmgr/java/jooq.jar:/sw/cadence/VMANAGER2009/tools.lnx86/vmgr/java/spring-tx-4.3.1.RELEASE.jar:/sw/cadence/VMANAGER2009/tools.lnx86/vmgr/java/cli-engine.jar:/sw/cadence/VMANAGER2009/tools.lnx86/vmgr/java/jaxb2-basics-runtime-0.11.1.jar:/sw/cadence/VMANAGER2009/tools.lnx86/vmgr/java/spring-orm-4.3.1.RELEASE.jar:/sw/cadence/VMANAGER2009/tools.lnx86/vmgr/java/commons-jxpath.jar:/sw/cadence/VMANAGER2009/tools.lnx86/vmgr/java/metrics-api.jar:/sw/cadence/VMANAGER2009/tools.lnx86/vmgr/java/jcommon-1.0.6.jar:/sw/cadence/VMANAGER2009/tools.lnx86/vmgr/java/cli-api.jar:/sw/cadence/VMANAGER2009/tools.lnx86/vmgr/java/odfdom-java.jar:/sw/cadence/VMANAGER2009/tools.lnx86/vmgr/java/server-utils.jar:/sw/cadence/VMANAGER2009/tools.lnx86/vmgr/java/geronimo-jta_1.1_spec-1.1.1.jar:/sw/cadence/VMANAGER2009/tools.lnx86/vmgr/java/hessian-4.0.38.jar:/sw/cadence/VMANAGER2009/tools.lnx86/vmgr/java/xml-apis-1.3.04.jar:/sw/cadence/VMANAGER2009/tools.lnx86/vmgr/java/cactus.jar:/sw/cadence/VMANAGER2009/tools.lnx86/vmgr/java/jackson-dataformat-yaml-2.8.7.jar:/sw/cadence/VMANAGER2009/tools.lnx86/vmgr/java/javax.inject-2.5.0-b42.jar:/sw/cadence/VMANAGER2009/tools.lnx86
Launcher Type: SUN_STANDARD

Environment Variables:
CLASSPATH=/sw/cadence/VMANAGER2009/tools.lnx86/vmgr/java/*:/sw/cadence/VMANAGER2009/share/java:/sw/cadence/VMANAGER2009/tools.lnx86/vmgr/central/*:/sw/cadence/VMANAGER2009/tools.lnx86/vmgr/openjavafx/java/*
PATH=/sw/flow:/sw/cadence/VMANAGER2009/tools/bin:/sw/cadence/VMANAGER2009/tools/dfII/bin/:/sw/cadence/XCELIUM2009/tools/bin:/sw/cadence/XCELIUM2009/tools/dfII/bin/:/usr/lib/qt-3.3/bin:/usr/local/bin:/bin:/usr/bin:/usr/local/sbin:/usr/sbin
LD_LIBRARY_PATH=/sw/cadence/VMANAGER2009/tools.lnx86/vmgr/openjavafx/lib64:/sw/cadence/VMANAGER2009/tools.lnx86/vmgr/runner/lib/64bit:/sw/cadence/VMANAGER2009/tools.lnx86/vmgr/runner/lib/64bit/vm::/sw/cadence/XCELIUM2009/tools.lnx86/lib/64bit:/sw/cadence/VMANAGER2009/tools.lnx86/lib/64bit:
SHELL=/bin/bash
DISPLAY=:1

Signal Handlers:
SIGSEGV: [libjvm.so+0xa41120], sa_mask[0]=11111111011111111101111111111110, sa_flags=SA_RESTART|SA_SIGINFO
SIGBUS: [libjvm.so+0xa41120], sa_mask[0]=11111111011111111101111111111110, sa_flags=SA_RESTART|SA_SIGINFO
SIGFPE: [libjvm.so+0x892710], sa_mask[0]=11111111011111111101111111111110, sa_flags=SA_RESTART|SA_SIGINFO
SIGPIPE: [libjvm.so+0x892710], sa_mask[0]=11111111011111111101111111111110, sa_flags=SA_RESTART|SA_SIGINFO
SIGXFSZ: [libjvm.so+0x892710], sa_mask[0]=11111111011111111101111111111110, sa_flags=SA_RESTART|SA_SIGINFO
SIGILL: [libjvm.so+0x892710], sa_mask[0]=11111111011111111101111111111110, sa_flags=SA_RESTART|SA_SIGINFO
SIGUSR1: SIG_DFL, sa_mask[0]=00000000000000000000000000000000, sa_flags=none
SIGUSR2: [libjvm.so+0x8925e0], sa_mask[0]=00000000000000000000000000000000, sa_flags=SA_RESTART|SA_SIGINFO
SIGHUP: [libjvm.so+0x892c10], sa_mask[0]=11111111011111111101111111111110, sa_flags=SA_RESTART|SA_SIGINFO
SIGINT: [libjvm.so+0x892c10], sa_mask[0]=11111111011111111101111111111110, sa_flags=SA_RESTART|SA_SIGINFO
SIGTERM: [libjvm.so+0x892c10], sa_mask[0]=11111111011111111101111111111110, sa_flags=SA_RESTART|SA_SIGINFO
SIGQUIT: [libjvm.so+0x892c10], sa_mask[0]=11111111011111111101111111111110, sa_flags=SA_RESTART|SA_SIGINFO


---------------  S Y S T E M  ---------------

OS:CentOS Linux release 7.9.2009 (Core)

uname:Linux 3.10.0-1160.el7.x86_64 #1 SMP Mon Oct 19 16:18:59 UTC 2020 x86_64
libc:glibc 2.17 NPTL 2.17 
rlimit: STACK 8192k, CORE 0k, NPROC 4096, NOFILE 4096, AS infinity
load average:4.84 1.81 1.08

/proc/meminfo:
MemTotal:        3880164 kB
MemFree:          114876 kB
MemAvailable:      38300 kB
Buffers:               0 kB
Cached:           104204 kB
SwapCached:        17088 kB
Active:          2523376 kB
Inactive:         929412 kB
Active(anon):    2496364 kB
Inactive(anon):   901772 kB
Active(file):      27012 kB
Inactive(file):    27640 kB
Unevictable:           0 kB
Mlocked:               0 kB
SwapTotal:       1679356 kB
SwapFree:          15776 kB
Dirty:                40 kB
Writeback:            80 kB
AnonPages:       3332020 kB
Mapped:            53804 kB
Shmem:             49064 kB
Slab:              78512 kB
SReclaimable:      32744 kB
SUnreclaim:        45768 kB
KernelStack:       13568 kB
PageTables:        67660 kB
NFS_Unstable:          0 kB
Bounce:                0 kB
WritebackTmp:          0 kB
CommitLimit:     3619436 kB
Committed_AS:   11815232 kB
VmallocTotal:   34359738367 kB
VmallocUsed:       30808 kB
VmallocChunk:   34359685116 kB
Percpu:              872 kB
HardwareCorrupted:     0 kB
AnonHugePages:     83968 kB
CmaTotal:              0 kB
CmaFree:               0 kB
HugePages_Total:       0
HugePages_Free:        0
HugePages_Rsvd:        0
HugePages_Surp:        0
Hugepagesize:       2048 kB
DirectMap4k:       83816 kB
DirectMap2M:     4110336 kB

container (cgroup) information:
container_type: cgroupv1
cpu_cpuset_cpus: 0-1
cpu_memory_nodes: 0
active_processor_count: 2
cpu_quota: -1
cpu_period: 100000
cpu_shares: -1
memory_limit_in_bytes: -1
memory_and_swap_limit_in_bytes: -1
memory_soft_limit_in_bytes: -1
memory_usage_in_bytes: 3525910528
memory_max_usage_in_bytes: 0


CPU:total 2 (initial active 2) (2 cores per cpu, 1 threads per core) family 15 model 6 stepping 1, cmov, cx8, fxsr, mmx, sse, sse2, sse3, tsc

/proc/cpuinfo:
processor	: 0
vendor_id	: GenuineIntel
cpu family	: 15
model		: 6
model name	: Common KVM processor
stepping	: 1
microcode	: 0x1
cpu MHz		: 2499.996
cache size	: 16384 KB
physical id	: 0
siblings	: 2
core id		: 0
cpu cores	: 2
apicid		: 0
initial apicid	: 0
fpu		: yes
fpu_exception	: yes
cpuid level	: 13
wp		: yes
flags		: fpu vme de pse tsc msr pae mce cx8 apic sep mtrr pge mca cmov pat pse36 clflush mmx fxsr sse sse2 ht syscall nx lm constant_tsc nopl xtopology eagerfpu pni cx16 x2apic hypervisor lahf_lm
bogomips	: 4999.99
clflush size	: 64
cache_alignment	: 128
address sizes	: 40 bits physical, 48 bits virtual
power management:

processor	: 1
vendor_id	: GenuineIntel
cpu family	: 15
model		: 6
model name	: Common KVM processor
stepping	: 1
microcode	: 0x1
cpu MHz		: 2499.996
cache size	: 16384 KB
physical id	: 0
siblings	: 2
core id		: 1
cpu cores	: 2
apicid		: 1
initial apicid	: 1
fpu		: yes
fpu_exception	: yes
cpuid level	: 13
wp		: yes
flags		: fpu vme de pse tsc msr pae mce cx8 apic sep mtrr pge mca cmov pat pse36 clflush mmx fxsr sse sse2 ht syscall nx lm constant_tsc nopl xtopology eagerfpu pni cx16 x2apic hypervisor lahf_lm
bogomips	: 4999.99
clflush size	: 64
cache_alignment	: 128
address sizes	: 40 bits physical, 48 bits virtual
power management:



Memory: 4k page, physical 3880164k(112708k free), swap 1679356k(15776k free)

vm_info: OpenJDK 64-Bit Server VM (25.71-b00) for linux-amd64 JRE (1.8.0-internal-phz_2019_01_28_17_55-b00), built on Jan 28 2019 17:57:41 by "phz" with gcc 6.3.0

time: Wed Nov 16 13:20:38 2022
timezone: EET
elapsed time: 32 seconds (0d 0h 0m 32s)

