liquibase.exception.LockException: Could not acquire change log lock.  Currently locked by dragos.pascu (192.168.122.1) since 11/21/22 2:51 PM
	at liquibase.lockservice.LockService.waitForLock(LockService.java:81)
	at liquibase.Liquibase.update(Liquibase.java:102)
	at liquibase.Liquibase$update$0.call(Unknown Source)
	at org.codehaus.groovy.runtime.callsite.CallSiteArray.defaultCall(CallSiteArray.java:48)
	at org.codehaus.groovy.runtime.callsite.AbstractCallSite.call(AbstractCallSite.java:113)
	at org.codehaus.groovy.runtime.callsite.AbstractCallSite.call(AbstractCallSite.java:125)
	at com.cadence.mdv.bootstrap.DBMigrator.runLiquibase4LocalMode(DBMigrator.groovy:344)
	at com.cadence.mdv.imc.LocalMainHandler.handleLocal(LocalMainHandler.java:92)
	at com.cadence.mdv.imc.Main.main(Main.java:324)
liquibase.exception.LockException: Could not acquire change log lock.  Currently locked by dragos.pascu (192.168.122.1) since 11/21/22 2:51 PM
	at liquibase.lockservice.LockService.waitForLock(LockService.java:81)
	at liquibase.Liquibase.update(Liquibase.java:102)
	at liquibase.Liquibase$update$0.call(Unknown Source)
	at org.codehaus.groovy.runtime.callsite.CallSiteArray.defaultCall(CallSiteArray.java:48)
	at org.codehaus.groovy.runtime.callsite.AbstractCallSite.call(AbstractCallSite.java:113)
	at org.codehaus.groovy.runtime.callsite.AbstractCallSite.call(AbstractCallSite.java:125)
	at com.cadence.mdv.bootstrap.DBMigrator.runLiquibase4LocalMode(DBMigrator.groovy:344)
	at com.cadence.mdv.imc.LocalMainHandler.handleLocal(LocalMainHandler.java:92)
	at com.cadence.mdv.imc.Main.main(Main.java:324)
liquibase.exception.LockException: Could not acquire change log lock.  Currently locked by dragos.pascu (192.168.122.1) since 11/21/22 2:51 PM
	at liquibase.lockservice.LockService.waitForLock(LockService.java:81)
	at liquibase.Liquibase.update(Liquibase.java:102)
	at liquibase.Liquibase$update$0.call(Unknown Source)
	at org.codehaus.groovy.runtime.callsite.CallSiteArray.defaultCall(CallSiteArray.java:48)
	at org.codehaus.groovy.runtime.callsite.AbstractCallSite.call(AbstractCallSite.java:113)
	at org.codehaus.groovy.runtime.callsite.AbstractCallSite.call(AbstractCallSite.java:125)
	at com.cadence.mdv.bootstrap.DBMigrator.runLiquibase4LocalMode(DBMigrator.groovy:344)
	at com.cadence.mdv.imc.LocalMainHandler.handleLocal(LocalMainHandler.java:92)
	at com.cadence.mdv.imc.Main.main(Main.java:324)
