/sw/cadence/XCELIUM2009/tools.lnx86/inca/bin/xmsim
Obtained 39 stack frames.
/sw/cadence/XCELIUM2009/tools.lnx86/inca/bin/../../lib/libcbreakpad.so(_Z13use_backtracev+0xa1) [0xf731a7bd]
/sw/cadence/XCELIUM2009/tools.lnx86/inca/bin/../../lib/libcbreakpad.so(cbpad_generate_dump_on_demand+0x84) [0xf731ab34]
xmsim() [0x93400b8]
xmsim(serror+0x1a) [0x93415aa]
xmsim() [0x86714af]
[0xf7737410]
xmsim() [0x86f807a]
xmsim() [0x86eeab7]
xmsim() [0x87f19d5]
xmsim() [0x8df14fa]
xmsim() [0x8dfbcca]
xmsim() [0x8dfd1cd]
xmsim() [0x8e3697a]
xmsim(sslu_traverse_scopes+0x5fa) [0x8889f8a]
xmsim(sslu_traverse_scopes+0xf29) [0x888a8b9]
xmsim() [0x8e1c25d]
xmsim() [0x8e385dd]
xmsim() [0x82798fc]
xmsim() [0x81e018d]
xmsim() [0x81e07c5]
xmsim() [0x81e0b39]
[0xf7737410]
xmsim() [0x93343e0]
[0xf7737400]
[0xf773742e]
/lib/libc.so.6(syscall+0x27) [0xf7450d57]
/sw/cadence/XCELIUM2009/tools/lib/libtbb.so.2(_ZN3tbb8internal24concurrent_queue_base_v312internal_popEPv+0x15a) [0xf354d01a]
/sw/cadence/XCELIUM2009/tools/lib/libtbbshm.so(_ZN6tbbshm16ProbeQueueFilterclEPv+0x101) [0xf3599831]
/sw/cadence/XCELIUM2009/tools/lib/libtbb.so.2(+0x14f57) [0xf3555f57]
/sw/cadence/XCELIUM2009/tools/lib/libtbb.so.2(+0x24c3f) [0xf3565c3f]
/sw/cadence/XCELIUM2009/tools/lib/libtbb.so.2(+0x22644) [0xf3563644]
/sw/cadence/XCELIUM2009/tools/lib/libtbb.so.2(+0x22585) [0xf3563585]
/sw/cadence/XCELIUM2009/tools/lib/libtbb.so.2(_ZN3tbb8pipeline3runEjRNS_18task_group_contextE+0xca) [0xf3555d5a]
/sw/cadence/XCELIUM2009/tools/lib/libtbb.so.2(_ZN3tbb8pipeline3runEj+0x6e) [0xf3555c3e]
/sw/cadence/XCELIUM2009/tools/lib/libtbbshm.so(_ZN6tbbshm15PipelineManager3runEv+0x109) [0xf35989f9]
/sw/cadence/XCELIUM2009/tools/lib/libtbbshm.so(_ZN6tbbshm15PipelineManager11runPipelineEv+0x1a) [0xf3598c5a]
/sw/cadence/XCELIUM2009/tools/lib/libtbbshm.so(_ZN3tbb8internal16thread_closure_0IPFvvEE13start_routineEPv+0x16) [0xf3598c26]
/lib/libpthread.so.0(+0x6bbc) [0xf7708bbc]
/lib/libc.so.6(clone+0x5e) [0xf745727e]
