xrun: 20.09-s009: (c) Copyright 1995-2021 Cadence Design Systems, Inc.
TOOL:	xrun	20.09-s009: Started on Mar 23, 2023 at 18:13:22 EET
xrun
	-f ../run.f
		-uvm
		-access +rwc
		-clean
		-timescale 1ns/1ns
		-cov_cgsample
		-coverage all
		-covoverwrite
		-svseed random
		+UVM_VERBOSITY=UVM_HIGH
		+UVM_TESTNAME=incr_read_4_test
		-incdir /home/dragos.pascu/Projects/ahb-arbiter-project/src
		-incdir /home/dragos.pascu/Projects/ahb-arbiter-project/src/ahb_master_agent
		-incdir /home/dragos.pascu/Projects/ahb-arbiter-project/src/ahb_slave_agent
		-incdir /home/dragos.pascu/Projects/ahb-arbiter-project/src/reset_agent
		-incdir /home/dragos.pascu/Projects/ahb-arbiter-project/src/tb/env
		-incdir /home/dragos.pascu/Projects/ahb-arbiter-project/src/tb/
		-incdir /home/dragos.pascu/Projects/ahb-arbiter-project/src/tb/tests
		/home/dragos.pascu/Projects/ahb-arbiter-project/src/rtl/integration_pkg_lucian.sv
		/home/dragos.pascu/Projects/ahb-arbiter-project/src/ahb_master_agent/master_pkg.sv
		/home/dragos.pascu/Projects/ahb-arbiter-project/src/ahb_slave_agent/slave_pkg.sv
		/home/dragos.pascu/Projects/ahb-arbiter-project/src/reset_agent/reset_pkg.sv
		/home/dragos.pascu/Projects/ahb-arbiter-project/src/tb/env/ahb_env_pkg.sv
		/home/dragos.pascu/Projects/ahb-arbiter-project/src/tb/tests/tests_pkg.sv
		/home/dragos.pascu/Projects/ahb-arbiter-project/src/reset_agent/reset_if.sv
		/home/dragos.pascu/Projects/ahb-arbiter-project/src/ahb_master_agent/request_if.sv
		/home/dragos.pascu/Projects/ahb-arbiter-project/src/ahb_master_agent/data_transfer_if.sv
		/home/dragos.pascu/Projects/ahb-arbiter-project/src/rtl/generic_arbiter_comb.sv
		/home/dragos.pascu/Projects/ahb-arbiter-project/src/tb/test_harness.sv
		/home/dragos.pascu/Projects/ahb-arbiter-project/src/tb/tb_top.sv

   User defined plus("+") options:
	+UVM_VERBOSITY=UVM_HIGH

xrun: *N,CLEAN: Removing existing directory ./xcelium.d.
Compiling UVM packages (uvm_pkg.sv cdns_uvm_pkg.sv) using uvmhome location /sw/cadence/XCELIUM2009/tools/methodology/UVM/CDNS-1.1d
file: /home/dragos.pascu/Projects/ahb-arbiter-project/src/rtl/integration_pkg_lucian.sv
	package worklib.integration_pkg:sv
		errors: 0, warnings: 0
file: /home/dragos.pascu/Projects/ahb-arbiter-project/src/ahb_master_agent/master_pkg.sv
                    std::randomize(tag);
                                  |
xmvlog: *W,FUNTSK (/home/dragos.pascu/Projects/ahb-arbiter-project/src/ahb_master_agent/ahb_master_monitor.sv,85|34): function called as a task without void'().
(`include file: /home/dragos.pascu/Projects/ahb-arbiter-project/src/ahb_master_agent/ahb_master_monitor.sv line 85, file: /home/dragos.pascu/Projects/ahb-arbiter-project/src/ahb_master_agent/master_pkg.sv line 13)
	package worklib.master_pkg:sv
		errors: 0, warnings: 1
file: /home/dragos.pascu/Projects/ahb-arbiter-project/src/ahb_slave_agent/slave_pkg.sv
	package worklib.slave_pkg:sv
		errors: 0, warnings: 0
file: /home/dragos.pascu/Projects/ahb-arbiter-project/src/reset_agent/reset_pkg.sv
	package worklib.reset_pkg:sv
		errors: 0, warnings: 0
file: /home/dragos.pascu/Projects/ahb-arbiter-project/src/tb/env/ahb_env_pkg.sv
	package worklib.ahb_env_pkg:sv
		errors: 0, warnings: 0
file: /home/dragos.pascu/Projects/ahb-arbiter-project/src/tb/tests/tests_pkg.sv
	package worklib.tests_pkg:sv
		errors: 0, warnings: 0
file: /home/dragos.pascu/Projects/ahb-arbiter-project/src/reset_agent/reset_if.sv
	interface worklib.reset_if:sv
		errors: 0, warnings: 0
file: /home/dragos.pascu/Projects/ahb-arbiter-project/src/ahb_master_agent/request_if.sv
	interface worklib.request_if:sv
		errors: 0, warnings: 0
file: /home/dragos.pascu/Projects/ahb-arbiter-project/src/ahb_master_agent/data_transfer_if.sv
	interface worklib.master_if:sv
		errors: 0, warnings: 0
	interface worklib.salve_if:sv
		errors: 0, warnings: 0
file: /home/dragos.pascu/Projects/ahb-arbiter-project/src/rtl/generic_arbiter_comb.sv
	module worklib.generic_arbiter_full:sv
		errors: 0, warnings: 0
file: /home/dragos.pascu/Projects/ahb-arbiter-project/src/tb/test_harness.sv
	interface worklib.test_harness:sv
		errors: 0, warnings: 0
file: /home/dragos.pascu/Projects/ahb-arbiter-project/src/tb/tb_top.sv
	module worklib.top:sv
		errors: 0, warnings: 0
xmvlog: *W,SPDUSD: Include directory /home/dragos.pascu/Projects/ahb-arbiter-project/src given but not used.
xmvlog: *W,SPDUSD: Include directory /home/dragos.pascu/Projects/ahb-arbiter-project/src/tb/ given but not used.
	Total errors/warnings found outside modules and primitives:
		errors: 0, warnings: 2
		Caching library 'worklib' ....... Done
	Elaborating the design hierarchy:
	Top level design units:
		uvm_pkg
		cdns_uvmapi
		cdns_assert2uvm_pkg
		cdns_uvm_pkg
		integration_pkg
		master_pkg
		slave_pkg
		reset_pkg
		ahb_env_pkg
		tests_pkg
		top
xmelab: *W,DSEMEL: This SystemVerilog design will be simulated as per IEEE 1800-2009 SystemVerilog simulation semantics. Use -disable_sem2009 option for turning off SV 2009 simulation semantics.

	Extracting FSMs for coverage:
		worklib.generic_arbiter_full
		worklib.top
	Total FSMs extracted = 0
	Building instance overlay tables: .................... Done
	Enabling instrumentation for coverage types: block expression FSM toggle functional
xmelab: *W,COVDCL: By default expression coverage is scored only for Verilog logical operators (|| and &&) and VHDL logical operators (OR, AND, NOR, and NAND), and is scored only in condition expressions. To score coverage for other operators and for expressions in other statements, use the "set_expr_coverable_operators" and "set_expr_coverable_statements" coverage configuration file commands with suitable options at elaboration.
	Generating native compiled code:
		worklib.generic_arbiter_full:sv <0x2afe7de6>
			streams:  29, words: 12946
		worklib.uvm_pkg:sv <0x17f3c070>
			streams:   8, words:  5962
		worklib.uvm_pkg:sv <0x4e4367f5>
			streams:   8, words:  5734
		worklib.uvm_pkg:sv <0x402a0e69>
			streams:   7, words:  5295
		worklib.uvm_pkg:sv <0x51f7edc5>
			streams:   7, words:  1511
		worklib.uvm_pkg:sv <0x77865168>
			streams:   8, words:  2150
		worklib.uvm_pkg:sv <0x025a6ef2>
			streams:  22, words: 42539
		worklib.uvm_pkg:sv <0x64c248a8>
			streams:   7, words:  1511
		worklib.uvm_pkg:sv <0x00c65cfd>
			streams:  28, words: 20843
		worklib.uvm_pkg:sv <0x00d843e4>
			streams:  27, words: 19748
		worklib.uvm_pkg:sv <0x78f58ee4>
			streams:  23, words: 19275
		worklib.uvm_pkg:sv <0x3011648a>
			streams:  14, words:  4946
		worklib.uvm_pkg:sv <0x6526fb89>
			streams:  26, words: 27869
		worklib.uvm_pkg:sv <0x179f40c9>
			streams:   7, words:  1950
		worklib.uvm_pkg:sv <0x7e823fde>
			streams:  14, words: 13820
		worklib.uvm_pkg:sv <0x00894cf7>
			streams:  26, words: 23556
		worklib.uvm_pkg:sv <0x7e6f8d48>
			streams:  25, words: 44742
		worklib.uvm_pkg:sv <0x22da7e32>
			streams:  27, words: 25615
		worklib.uvm_pkg:sv <0x5aaf2b63>
			streams:  26, words: 37601
		worklib.uvm_pkg:sv <0x3cca9696>
			streams:  27, words: 27787
		worklib.uvm_pkg:sv <0x57b6487a>
			streams:  25, words: 40840
		worklib.uvm_pkg:sv <0x643651d3>
			streams:  27, words: 29353
		worklib.uvm_pkg:sv <0x0aa9ea22>
			streams:  25, words: 46265
		worklib.uvm_pkg:sv <0x6a74c0d8>
			streams:  27, words: 32672
		worklib.uvm_pkg:sv <0x7f3b5291>
			streams:  25, words: 40815
		worklib.uvm_pkg:sv <0x5fb68c70>
			streams:  25, words: 42997
		worklib.uvm_pkg:sv <0x6996196d>
			streams:  27, words: 27114
		worklib.uvm_pkg:sv <0x6ed0fe1f>
			streams:  25, words: 40121
		worklib.uvm_pkg:sv <0x5e49f632>
			streams:  28, words: 66805
		worklib.uvm_pkg:sv <0x53d3e656>
			streams:  59, words: 64070
		worklib.cdns_uvm_pkg:sv <0x08de697d>
			streams:  27, words: 28554
		worklib.cdns_uvm_pkg:sv <0x1c04a36a>
			streams:   8, words:  3193
		worklib.cdns_uvm_pkg:sv <0x6f794f0c>
			streams:  10, words:  7082
		worklib.uvm_pkg:sv <0x240a6e17>
			streams:  24, words: 14995
		worklib.uvm_pkg:sv <0x68fbe30f>
			streams:  26, words: 42531
		worklib.uvm_pkg:sv <0x51ebff76>
			streams:  24, words: 14995
		worklib.uvm_pkg:sv <0x0c4ee1d3>
			streams:  26, words: 21150
		worklib.uvm_pkg:sv <0x795d1d6c>
			streams:  24, words: 14995
		worklib.uvm_pkg:sv <0x4d100572>
			streams:  26, words: 21150
		worklib.uvm_pkg:sv <0x404ee2e9>
			streams:  25, words: 22283
		worklib.uvm_pkg:sv <0x12541e5b>
			streams:  24, words: 14995
		worklib.uvm_pkg:sv <0x4c943806>
			streams:  29, words: 22984
		worklib.uvm_pkg:sv <0x3c44d38c>
			streams:  25, words: 21461
		worklib.uvm_pkg:sv <0x2ea06381>
			streams:  24, words: 14995
		worklib.uvm_pkg:sv <0x1e2f5f6a>
			streams:  29, words: 22984
		worklib.uvm_pkg:sv <0x5e186362>
			streams:  25, words: 21461
		worklib.uvm_pkg:sv <0x00a0c3bb>
			streams:  24, words: 14995
		worklib.uvm_pkg:sv <0x2165bf4b>
			streams:  29, words: 22984
		worklib.uvm_pkg:sv <0x70d87298>
			streams:  25, words: 21461
		worklib.uvm_pkg:sv <0x41417c77>
			streams:  24, words: 14995
		worklib.uvm_pkg:sv <0x0b68c9cc>
			streams:  29, words: 22984
		worklib.uvm_pkg:sv <0x59a54b47>
			streams:  25, words: 21461
		worklib.uvm_pkg:sv <0x6aacfbca>
			streams:  24, words: 14995
		worklib.uvm_pkg:sv <0x047685f2>
			streams:  29, words: 22984
		worklib.uvm_pkg:sv <0x38a94e4a>
			streams:  25, words: 21461
		worklib.uvm_pkg:sv <0x71c9ef18>
			streams:  24, words: 14995
		worklib.uvm_pkg:sv <0x09e45faf>
			streams:  29, words: 22984
		worklib.uvm_pkg:sv <0x6a9283e7>
			streams:  25, words: 21461
		worklib.uvm_pkg:sv <0x7c4ba8ae>
			streams:  24, words: 14995
		worklib.uvm_pkg:sv <0x693ce48d>
			streams:  29, words: 22984
		worklib.uvm_pkg:sv <0x4806cd91>
			streams:  25, words: 21461
		worklib.uvm_pkg:sv <0x040fb4d7>
			streams:  24, words: 14995
		worklib.uvm_pkg:sv <0x7bd1958a>
			streams:  26, words: 21150
		worklib.uvm_pkg:sv <0x472c0c0a>
			streams:  25, words: 22283
		worklib.uvm_pkg:sv <0x769cc270>
			streams:  24, words: 14995
		worklib.uvm_pkg:sv <0x68f53eba>
			streams:  29, words: 22984
		worklib.uvm_pkg:sv <0x6ffd9a3e>
			streams:  25, words: 21461
		worklib.uvm_pkg:sv <0x686d8c5d>
			streams:  24, words: 14995
		worklib.uvm_pkg:sv <0x124f463f>
			streams:  29, words: 22984
		worklib.uvm_pkg:sv <0x128d9aaa>
			streams:  25, words: 21461
		worklib.uvm_pkg:sv <0x3dc7ed2a>
			streams:  24, words: 14995
		worklib.uvm_pkg:sv <0x685e01a1>
			streams:  29, words: 22984
		worklib.uvm_pkg:sv <0x1a22f13f>
			streams:  25, words: 21461
		worklib.uvm_pkg:sv <0x2d30a882>
			streams:  24, words: 14995
		worklib.uvm_pkg:sv <0x6eaec9a9>
			streams:  29, words: 22984
		worklib.uvm_pkg:sv <0x0aa14e85>
			streams:  25, words: 21461
		worklib.uvm_pkg:sv <0x0ba9c416>
			streams:  24, words: 14995
		worklib.uvm_pkg:sv <0x16052789>
			streams:  29, words: 22984
		worklib.uvm_pkg:sv <0x7cdcbfdd>
			streams:  25, words: 21461
		worklib.uvm_pkg:sv <0x66fb28ee>
			streams:  24, words: 14995
		worklib.uvm_pkg:sv <0x2a220b1c>
			streams:  29, words: 22984
		worklib.uvm_pkg:sv <0x6d7925c9>
			streams:  25, words: 21461
		worklib.uvm_pkg:sv <0x1ee2ff5e>
			streams:  24, words: 14995
		worklib.tests_pkg:sv <0x570c6d23>
			streams:  31, words: 31537
		worklib.uvm_pkg:sv <0x5626a258>
			streams:   7, words:  2522
		worklib.uvm_pkg:sv <0x3a1adf57>
			streams:  90, words: 100543
		worklib.uvm_pkg:sv <0x2a6c6629>
			streams:  24, words: 16539
		worklib.ahb_env_pkg:sv <0x44858954>
			streams:  41, words: 46227
		worklib.uvm_pkg:sv <0x7f0dec2a>
			streams: 112, words: 97738
		worklib.uvm_pkg:sv <0x76b51535>
			streams:   7, words:  2522
		worklib.uvm_pkg:sv <0x392f4e1c>
			streams:  41, words: 28066
		worklib.uvm_pkg:sv <0x28e4f436>
			streams:  40, words: 23985
		worklib.uvm_pkg:sv <0x340676e9>
			streams:  24, words: 15447
		worklib.uvm_pkg:sv <0x7212825f>
			streams:  24, words: 16464
		worklib.uvm_pkg:sv <0x2cb44dbd>
			streams:  46, words: 35341
		worklib.uvm_pkg:sv <0x680a90a5>
			streams: 123, words: 115482
		worklib.uvm_pkg:sv <0x15eebb78>
			streams:  24, words: 18388
		worklib.uvm_pkg:sv <0x5ee96915>
			streams:  24, words: 18048
		worklib.uvm_pkg:sv <0x31a2a313>
			streams:   9, words:  3690
		worklib.uvm_pkg:sv <0x51ffee41>
			streams:  30, words: 36502
		worklib.uvm_pkg:sv <0x226fc37c>
			streams:  54, words: 70487
		worklib.uvm_pkg:sv <0x7bd9539e>
			streams:  25, words: 28290
		worklib.slave_pkg:sv <0x75ba6b69>
			streams:  26, words: 19815
		worklib.uvm_pkg:sv <0x03652fc6>
			streams:  25, words: 19187
		worklib.uvm_pkg:sv <0x604001bb>
			streams: 207, words: 174161
		worklib.uvm_pkg:sv <0x063c5d02>
			streams:  24, words: 16656
		worklib.uvm_pkg:sv <0x71a98ec2>
			streams:  29, words: 22984
		worklib.ahb_env_pkg:sv <0x4f3a434c>
			streams:  28, words: 21865
		worklib.uvm_pkg:sv <0x48eb971e>
			streams:  22, words: 13803
		worklib.uvm_pkg:sv <0x5e646139>
			streams:  38, words: 21371
		worklib.uvm_pkg:sv <0x3e574874>
			streams:  25, words: 21461
		worklib.uvm_pkg:sv <0x2e0970e3>
			streams:  34, words: 29674
		worklib.top:sv <0x4d15edf5>
			streams:  73, words: 77576
		worklib.tests_pkg:sv <0x35d5a12e>
			streams:   0, words:     0
		worklib.ahb_env_pkg:sv <0x327c92b2>
			streams:   0, words:     0
		worklib.reset_pkg:sv <0x67ba854a>
			streams:   0, words:     0
		worklib.test_harness:sv <0x6a842310>
			streams: 226, words: 87648
		worklib.uvm_pkg:sv <0x562c02bc>
			streams: 163, words: 196270
		worklib.uvm_pkg:sv <0x37e164f5>
			streams:  24, words: 16464
		worklib.slave_pkg:sv <0x0bb3867e>
			streams:   0, words:     0
		worklib.uvm_pkg:sv <0x5ca690a5>
			streams: 165, words: 189275
		worklib.uvm_pkg:sv <0x1d16b11e>
			streams: 164, words: 198519
		worklib.uvm_pkg:sv <0x28d0a21f>
			streams:   7, words:  2522
		worklib.uvm_pkg:sv <0x2ecf2b4b>
			streams: 298, words: 267995
		worklib.uvm_pkg:sv <0x3c9da811>
			streams:  27, words: 32938
		worklib.uvm_pkg:sv <0x4b79a49b>
			streams:  24, words: 16464
		worklib.uvm_pkg:sv <0x65eef45e>
			streams:  25, words: 19531
		worklib.master_pkg:sv <0x24dfd669>
			streams:   0, words:     0
		worklib.cdns_uvm_pkg:sv <0x1dd32396>
			streams: 134, words: 202441
		worklib.cdns_uvmapi:svp <0x11b0dfd7>
			streams:  27, words: 25747
		worklib.cdns_assert2uvm_pkg:sv <0x0def7463>
			streams:   3, words:  1869
		worklib.uvm_pkg:sv <0x74bb5130>
			streams: 4439, words: 5713551
		worklib.master_if:sv <0x2ab0f014>
			streams:  72, words: 47691
		worklib.master_if:sv <0x1becd3e8>
			streams:  72, words: 47691
		worklib.salve_if:sv <0x2b3b2b8d>
			streams:  42, words: 21539
		worklib.salve_if:sv <0x682957a8>
			streams:  42, words: 21539
		worklib.request_if:sv <0x4b658e1f>
			streams:  28, words: 13894
		worklib.request_if:sv <0x124cb82b>
			streams:  28, words: 13894
		worklib.integration_pkg:sv <0x23f1a286>
			streams:   0, words:     0
		worklib.reset_if:sv <0x4d85ee18>
			streams:   3, words:  1429
    int interface_number;
                       |
xmelab: *W,COVUTA (/home/dragos.pascu/Projects/ahb-arbiter-project/src/ahb_master_agent/request_if.sv,4|23): Toggle coverage is not supported for SystemVerilog integer, real, string, dynamic array, sparse memory and reference ports. It is also not supported for VHDL multi-dimensional array and array of record. There may also be other such objects in the design.
    logic[size_out-1:0] master_phase[3];//0 - arbitration, 1 - address, 2 - data
                                   |
xmelab: *W,COVMDD (/home/dragos.pascu/Projects/ahb-arbiter-project/src/rtl/generic_arbiter_comb.sv,40|35): Toggle coverage for bit, logic, reg, wire, enum and struct multi-dimensional static arrays and vectors is not supported by default. To enable toggle coverage for enum multi-dimensional static arrays specify 'set_toggle_scoring -sv_enum enable_mda' and for other multi-dimensional static arrays, specify 'set_toggle_scoring -sv_mda [<max_bit_base2_exponent>] [-sv_mda_of_struct]' ccf command in the coverage configuration file.
	Building instance specific data structures.
xmelab: *W,CGPIDF: Covergroup "per_instance" option , by default, is set as 0.
xmelab: *N,COVCGN: Coverage configuration file command "set_covergroup -new_instance_reporting" can be specified to improve the scoping and naming of covergroup instances. It may be noted that subsequent merging of a coverage database saved with this command and a coverage database saved without this command is not allowed.
	Loading native compiled code:     .................... Done
	Design hierarchy summary:
		                       Instances  Unique
		Modules:                       2       2
		Interfaces:                   27       5
		Verilog packages:             10      10
		Registers:                 21479   11888
		Scalar wires:                129       -
		Expanded wires:              886      59
		Vectored wires:              110       -
		Named events:                  4      12
		Always blocks:               987     117
		Initial blocks:              881     272
		Clocking blocks:              26       4
		Clocking items:              238      30
		Parallel blocks:              53      54
		Cont. assignments:           282      50
		Pseudo assignments:            2       2
		Assertions:                  158      20
		Covergroup Instances:          0       3
		SV Class declarations:       277     389
		SV Class specializations:    593     593
		Simulation timescale:        1ns
	Writing initial simulation snapshot: worklib.top:sv
Loading snapshot worklib.top:sv .................... Done
SVSEED set randomly from command line: 1432256136
xmsim: *W,RNDXCELON: A newer version of the SystemVerilog constraint solver is being used which has better support for array-solving, new solve-order mechanism, and seed stability enhancements..
xmsim: *W,DSEM2009: This SystemVerilog design is simulated as per IEEE 1800-2009 SystemVerilog simulation semantics. Use -disable_sem2009 option for turning off SV 2009 simulation semantics.
xcelium> source /sw/cadence/XCELIUM2009/tools/xcelium/files/xmsimrc
xcelium> source /sw/cadence/XCELIUM2009/tools/methodology/UVM/CDNS-1.1d/additions/sv/files/tcl/uvm_sim.tcl
xcelium> run
----------------------------------------------------------------
CDNS-UVM-1.1d (20.09-s009)
(C) 2007-2013 Mentor Graphics Corporation
(C) 2007-2013 Cadence Design Systems, Inc.
(C) 2006-2013 Synopsys, Inc.
(C) 2011-2013 Cypress Semiconductor Corp.
----------------------------------------------------------------

  ***********       IMPORTANT RELEASE NOTES         ************

  You are using a version of the UVM library that has been compiled
  with `UVM_NO_DEPRECATED undefined.
  See http://www.eda.org/svdb/view.php?id=3313 for more details.

  You are using a version of the UVM library that has been compiled
  with `UVM_OBJECT_MUST_HAVE_CONSTRUCTOR undefined.
  See http://www.eda.org/svdb/view.php?id=3770 for more details.

      (Specify +UVM_NO_RELNOTES to turn off this notice)

UVM_INFO @ 0: reporter [RNTST] Running test incr_read_4_test...
UVM_INFO /home/dragos.pascu/Projects/ahb-arbiter-project/src/tb/tests/base_test.sv(35) @ 0: uvm_test_top [incr_read_4_test] Build phase of test is executing
UVM_INFO /home/dragos.pascu/Projects/ahb-arbiter-project/src/ahb_slave_agent/ahb_slave_monitor.sv(36) @ 0: uvm_test_top.env.slave[6].ahb_smonitor [ahb_slave_monitor] Slave monitor run phase
UVM_INFO /home/dragos.pascu/Projects/ahb-arbiter-project/src/ahb_slave_agent/ahb_slave_monitor.sv(36) @ 0: uvm_test_top.env.slave[5].ahb_smonitor [ahb_slave_monitor] Slave monitor run phase
UVM_INFO /home/dragos.pascu/Projects/ahb-arbiter-project/src/ahb_slave_agent/ahb_slave_monitor.sv(36) @ 0: uvm_test_top.env.slave[4].ahb_smonitor [ahb_slave_monitor] Slave monitor run phase
UVM_INFO /home/dragos.pascu/Projects/ahb-arbiter-project/src/ahb_slave_agent/ahb_slave_monitor.sv(36) @ 0: uvm_test_top.env.slave[3].ahb_smonitor [ahb_slave_monitor] Slave monitor run phase
UVM_INFO /home/dragos.pascu/Projects/ahb-arbiter-project/src/ahb_slave_agent/ahb_slave_monitor.sv(36) @ 0: uvm_test_top.env.slave[2].ahb_smonitor [ahb_slave_monitor] Slave monitor run phase
UVM_INFO /home/dragos.pascu/Projects/ahb-arbiter-project/src/ahb_slave_agent/ahb_slave_monitor.sv(36) @ 0: uvm_test_top.env.slave[1].ahb_smonitor [ahb_slave_monitor] Slave monitor run phase
UVM_INFO /home/dragos.pascu/Projects/ahb-arbiter-project/src/ahb_slave_agent/ahb_slave_monitor.sv(36) @ 0: uvm_test_top.env.slave[0].ahb_smonitor [ahb_slave_monitor] Slave monitor run phase
UVM_INFO /home/dragos.pascu/Projects/ahb-arbiter-project/src/reset_agent/reset_driver.sv(38) @ 0: uvm_test_top.env.reset_agent_h.driver_h [reset_driver] Reset driver run_phase : 
 
UVM_INFO /home/dragos.pascu/Projects/ahb-arbiter-project/src/ahb_master_agent/ahb_request_monitor.sv(33) @ 0: uvm_test_top.env.master[8].req_monitor [ahb_request_monitor] Request monitor run phase.
UVM_INFO /home/dragos.pascu/Projects/ahb-arbiter-project/src/ahb_master_agent/ahb_master_monitor.sv(43) @ 0: uvm_test_top.env.master[8].ahb_mmonitor [ahb_master_monitor] Master monitor run phase
UVM_INFO /home/dragos.pascu/Projects/ahb-arbiter-project/src/ahb_master_agent/ahb_request_monitor.sv(33) @ 0: uvm_test_top.env.master[7].req_monitor [ahb_request_monitor] Request monitor run phase.
UVM_INFO /home/dragos.pascu/Projects/ahb-arbiter-project/src/ahb_master_agent/ahb_master_monitor.sv(43) @ 0: uvm_test_top.env.master[7].ahb_mmonitor [ahb_master_monitor] Master monitor run phase
UVM_INFO /home/dragos.pascu/Projects/ahb-arbiter-project/src/ahb_master_agent/ahb_request_monitor.sv(33) @ 0: uvm_test_top.env.master[6].req_monitor [ahb_request_monitor] Request monitor run phase.
UVM_INFO /home/dragos.pascu/Projects/ahb-arbiter-project/src/ahb_master_agent/ahb_master_monitor.sv(43) @ 0: uvm_test_top.env.master[6].ahb_mmonitor [ahb_master_monitor] Master monitor run phase
UVM_INFO /home/dragos.pascu/Projects/ahb-arbiter-project/src/ahb_master_agent/ahb_request_monitor.sv(33) @ 0: uvm_test_top.env.master[5].req_monitor [ahb_request_monitor] Request monitor run phase.
UVM_INFO /home/dragos.pascu/Projects/ahb-arbiter-project/src/ahb_master_agent/ahb_master_monitor.sv(43) @ 0: uvm_test_top.env.master[5].ahb_mmonitor [ahb_master_monitor] Master monitor run phase
UVM_INFO /home/dragos.pascu/Projects/ahb-arbiter-project/src/ahb_master_agent/ahb_request_monitor.sv(33) @ 0: uvm_test_top.env.master[4].req_monitor [ahb_request_monitor] Request monitor run phase.
UVM_INFO /home/dragos.pascu/Projects/ahb-arbiter-project/src/ahb_master_agent/ahb_master_monitor.sv(43) @ 0: uvm_test_top.env.master[4].ahb_mmonitor [ahb_master_monitor] Master monitor run phase
UVM_INFO /home/dragos.pascu/Projects/ahb-arbiter-project/src/ahb_master_agent/ahb_request_monitor.sv(33) @ 0: uvm_test_top.env.master[3].req_monitor [ahb_request_monitor] Request monitor run phase.
UVM_INFO /home/dragos.pascu/Projects/ahb-arbiter-project/src/ahb_master_agent/ahb_master_monitor.sv(43) @ 0: uvm_test_top.env.master[3].ahb_mmonitor [ahb_master_monitor] Master monitor run phase
UVM_INFO /home/dragos.pascu/Projects/ahb-arbiter-project/src/ahb_master_agent/ahb_request_monitor.sv(33) @ 0: uvm_test_top.env.master[2].req_monitor [ahb_request_monitor] Request monitor run phase.
UVM_INFO /home/dragos.pascu/Projects/ahb-arbiter-project/src/ahb_master_agent/ahb_master_monitor.sv(43) @ 0: uvm_test_top.env.master[2].ahb_mmonitor [ahb_master_monitor] Master monitor run phase
UVM_INFO /home/dragos.pascu/Projects/ahb-arbiter-project/src/ahb_master_agent/ahb_request_monitor.sv(33) @ 0: uvm_test_top.env.master[1].req_monitor [ahb_request_monitor] Request monitor run phase.
UVM_INFO /home/dragos.pascu/Projects/ahb-arbiter-project/src/ahb_master_agent/ahb_master_monitor.sv(43) @ 0: uvm_test_top.env.master[1].ahb_mmonitor [ahb_master_monitor] Master monitor run phase
UVM_INFO /home/dragos.pascu/Projects/ahb-arbiter-project/src/ahb_master_agent/ahb_request_monitor.sv(33) @ 0: uvm_test_top.env.master[0].req_monitor [ahb_request_monitor] Request monitor run phase.
UVM_INFO /home/dragos.pascu/Projects/ahb-arbiter-project/src/ahb_master_agent/ahb_master_monitor.sv(43) @ 0: uvm_test_top.env.master[0].ahb_mmonitor [ahb_master_monitor] Master monitor run phase
UVM_INFO /home/dragos.pascu/Projects/ahb-arbiter-project/src/tb/env/virtual_sequences_lib.sv(322) @ 0: uvm_test_top.env.vsequencer@@vseq_h [virtual_incr_read_4sequence] Executing virtual_incr_read_4sequence
UVM_INFO /home/dragos.pascu/Projects/ahb-arbiter-project/src/ahb_master_agent/sequence_lib.sv(207) @ 0: uvm_test_top.env.master[8].sequencer@@incr_read_4sequence [incr_read_4sequence] Inside body of incr_read_4sequence.
UVM_INFO /home/dragos.pascu/Projects/ahb-arbiter-project/src/ahb_master_agent/sequence_lib.sv(207) @ 0: uvm_test_top.env.master[7].sequencer@@incr_read_4sequence [incr_read_4sequence] Inside body of incr_read_4sequence.
UVM_INFO /home/dragos.pascu/Projects/ahb-arbiter-project/src/ahb_master_agent/sequence_lib.sv(207) @ 0: uvm_test_top.env.master[6].sequencer@@incr_read_4sequence [incr_read_4sequence] Inside body of incr_read_4sequence.
UVM_INFO /home/dragos.pascu/Projects/ahb-arbiter-project/src/ahb_master_agent/sequence_lib.sv(207) @ 0: uvm_test_top.env.master[5].sequencer@@incr_read_4sequence [incr_read_4sequence] Inside body of incr_read_4sequence.
UVM_INFO /home/dragos.pascu/Projects/ahb-arbiter-project/src/ahb_master_agent/sequence_lib.sv(207) @ 0: uvm_test_top.env.master[4].sequencer@@incr_read_4sequence [incr_read_4sequence] Inside body of incr_read_4sequence.
UVM_INFO /home/dragos.pascu/Projects/ahb-arbiter-project/src/ahb_master_agent/sequence_lib.sv(207) @ 0: uvm_test_top.env.master[3].sequencer@@incr_read_4sequence [incr_read_4sequence] Inside body of incr_read_4sequence.
UVM_INFO /home/dragos.pascu/Projects/ahb-arbiter-project/src/ahb_master_agent/sequence_lib.sv(207) @ 0: uvm_test_top.env.master[2].sequencer@@incr_read_4sequence [incr_read_4sequence] Inside body of incr_read_4sequence.
UVM_INFO /home/dragos.pascu/Projects/ahb-arbiter-project/src/ahb_master_agent/sequence_lib.sv(207) @ 0: uvm_test_top.env.master[1].sequencer@@incr_read_4sequence [incr_read_4sequence] Inside body of incr_read_4sequence.
UVM_INFO /home/dragos.pascu/Projects/ahb-arbiter-project/src/ahb_master_agent/sequence_lib.sv(207) @ 0: uvm_test_top.env.master[0].sequencer@@incr_read_4sequence [incr_read_4sequence] Inside body of incr_read_4sequence.
xmsim: *E,ASRTST (/home/dragos.pascu/Projects/ahb-arbiter-project/src/ahb_master_agent/request_if.sv,61): (time 15 NS) Assertion top.th.req_if[8].bus_req.HMASTLOCK_TIMING has failed 
UVM_INFO /home/dragos.pascu/Projects/ahb-arbiter-project/src/ahb_master_agent/ahb_master_driver.sv(80) @ 35: uvm_test_top.env.master[8].ahb_mdriver [ahb_master_driver] Master Driver item : 
 
   ahb_transaction with id = 8 :
   tag  = 0
   hbusreq = 1
   hlock   = 0
   lock_duration   = 80747210
   haddr   = '{'h148, 'h14a, 'h14c, 'h14e}
   hwdata  = '{'h17515047, 'heca676d8, 'h632a0d58, 'hef9c7c30}
   hburst  = 3
   htrans  = '{NONSEQ, SEQ, SEQ, SEQ}
   hsize   = 1
   hready  = 1
   hsel  = x
   hresp   = 1
   hrdata  = 60047c6c
   no_of_waits  = '{'h0, 'h1}
   busy_pos  = 1
   no_of_busy  = 0
UVM_INFO /home/dragos.pascu/Projects/ahb-arbiter-project/src/ahb_master_agent/ahb_master_driver.sv(80) @ 35: uvm_test_top.env.master[7].ahb_mdriver [ahb_master_driver] Master Driver item : 
 
   ahb_transaction with id = 7 :
   tag  = 0
   hbusreq = 1
   hlock   = 0
   lock_duration   = 1913891268
   haddr   = '{'h7c, 'h7e, 'h80, 'h82}
   hwdata  = '{'hc986492b, 'h146beff9, 'hbd2c3bef, 'hff424782}
   hburst  = 3
   htrans  = '{NONSEQ, SEQ, BUSY, SEQ, SEQ}
   hsize   = 1
   hready  = 0
   hsel  = x
   hresp   = 3
   hrdata  = b133826c
   no_of_waits  = '{'h0, 'h0, 'h0, 'h0, 'h1}
   busy_pos  = 2
   no_of_busy  = 1
UVM_INFO /home/dragos.pascu/Projects/ahb-arbiter-project/src/ahb_master_agent/ahb_master_driver.sv(80) @ 35: uvm_test_top.env.master[6].ahb_mdriver [ahb_master_driver] Master Driver item : 
 
   ahb_transaction with id = 6 :
   tag  = 0
   hbusreq = 1
   hlock   = 0
   lock_duration   = 1085354304
   haddr   = '{'h30, 'h34, 'h38, 'h3c}
   hwdata  = '{'h4639a2d1, 'h32024bfc, 'h27bade8, 'he6e748e}
   hburst  = 3
   htrans  = '{NONSEQ, SEQ, BUSY, BUSY, BUSY, BUSY, SEQ, SEQ}
   hsize   = 2
   hready  = 1
   hsel  = x
   hresp   = 2
   hrdata  = 554e0d32
   no_of_waits  = '{'h0, 'h0, 'h0, 'h0, 'h1}
   busy_pos  = 2
   no_of_busy  = 4
UVM_INFO /home/dragos.pascu/Projects/ahb-arbiter-project/src/ahb_master_agent/ahb_master_driver.sv(80) @ 35: uvm_test_top.env.master[5].ahb_mdriver [ahb_master_driver] Master Driver item : 
 
   ahb_transaction with id = 5 :
   tag  = 0
   hbusreq = 1
   hlock   = 0
   lock_duration   = 732460263
   haddr   = '{'h148, 'h14c, 'h150, 'h154}
   hwdata  = '{'hbda4ed82, 'he630d17c, 'h4f31db1a, 'hfedc19e5}
   hburst  = 3
   htrans  = '{NONSEQ, BUSY, BUSY, BUSY, BUSY, SEQ, SEQ, SEQ}
   hsize   = 2
   hready  = 0
   hsel  = x
   hresp   = 3
   hrdata  = 3e98c749
   no_of_waits  = '{'h0, 'h0, 'h0, 'h0, 'h1}
   busy_pos  = 1
   no_of_busy  = 4
UVM_INFO /home/dragos.pascu/Projects/ahb-arbiter-project/src/ahb_master_agent/ahb_master_driver.sv(80) @ 35: uvm_test_top.env.master[4].ahb_mdriver [ahb_master_driver] Master Driver item : 
 
   ahb_transaction with id = 4 :
   tag  = 0
   hbusreq = 1
   hlock   = 0
   lock_duration   = -1013775628
   haddr   = '{'hc4, 'hc8, 'hcc, 'hd0}
   hwdata  = '{'h99034ba3, 'h451a3174, 'h71683ff6, 'h61958ba2}
   hburst  = 3
   htrans  = '{NONSEQ, SEQ, BUSY, BUSY, SEQ, SEQ}
   hsize   = 2
   hready  = 1
   hsel  = x
   hresp   = 2
   hrdata  = 6509a0d7
   no_of_waits  = '{'h0, 'h0, 'h0, 'h0, 'h0, 'h0, 'h0, 'h0, 'h0, 'h0, 'h0, 'h0, 'h0, 'h0, 'h0, 'h1}
   busy_pos  = 2
   no_of_busy  = 2
UVM_INFO /home/dragos.pascu/Projects/ahb-arbiter-project/src/ahb_master_agent/ahb_master_driver.sv(80) @ 35: uvm_test_top.env.master[3].ahb_mdriver [ahb_master_driver] Master Driver item : 
 
   ahb_transaction with id = 3 :
   tag  = 0
   hbusreq = 1
   hlock   = 1
   lock_duration   = 1
   haddr   = '{'h148, 'h14c, 'h150, 'h154}
   hwdata  = '{'h7910924, 'hc7e3b8c3, 'haa8babe7, 'h1c92e5e5}
   hburst  = 3
   htrans  = '{NONSEQ, BUSY, BUSY, SEQ, SEQ, SEQ}
   hsize   = 2
   hready  = 0
   hsel  = x
   hresp   = 0
   hrdata  = 55463846
   no_of_waits  = '{'h0, 'h0, 'h0, 'h0, 'h0, 'h0, 'h0, 'h0, 'h0, 'h0, 'h0, 'h0, 'h1}
   busy_pos  = 1
   no_of_busy  = 2
UVM_INFO /home/dragos.pascu/Projects/ahb-arbiter-project/src/ahb_master_agent/ahb_master_driver.sv(80) @ 35: uvm_test_top.env.master[2].ahb_mdriver [ahb_master_driver] Master Driver item : 
 
   ahb_transaction with id = 2 :
   tag  = 0
   hbusreq = 1
   hlock   = 0
   lock_duration   = 2034807441
   haddr   = '{'hab, 'hac, 'had, 'hae}
   hwdata  = '{'hafaa7417, 'h8cf762e4, 'hc07337cb, 'h9f7c2842}
   hburst  = 3
   htrans  = '{NONSEQ, BUSY, BUSY, BUSY, SEQ, SEQ, SEQ}
   hsize   = 0
   hready  = 1
   hsel  = x
   hresp   = 1
   hrdata  = fa34213c
   no_of_waits  = '{'h0, 'h0, 'h0, 'h0, 'h0, 'h0, 'h0, 'h0, 'h0, 'h0, 'h0, 'h0, 'h0, 'h0, 'h0, 'h1}
   busy_pos  = 1
   no_of_busy  = 3
UVM_INFO /home/dragos.pascu/Projects/ahb-arbiter-project/src/ahb_master_agent/ahb_master_driver.sv(80) @ 35: uvm_test_top.env.master[1].ahb_mdriver [ahb_master_driver] Master Driver item : 
 
   ahb_transaction with id = 1 :
   tag  = 0
   hbusreq = 1
   hlock   = 0
   lock_duration   = -1883214031
   haddr   = '{'h64, 'h68, 'h6c, 'h70}
   hwdata  = '{'h81d9db1f, 'h199b1ec2, 'hfe1cbab4, 'h86f5dc50}
   hburst  = 3
   htrans  = '{NONSEQ, BUSY, BUSY, BUSY, SEQ, SEQ, SEQ}
   hsize   = 2
   hready  = 1
   hsel  = x
   hresp   = 2
   hrdata  = 0f1137b6
   no_of_waits  = '{'h0, 'h0, 'h0, 'h0, 'h0, 'h0, 'h0, 'h0, 'h0, 'h0, 'h0, 'h0, 'h0, 'h1}
   busy_pos  = 1
   no_of_busy  = 3
UVM_INFO /home/dragos.pascu/Projects/ahb-arbiter-project/src/ahb_master_agent/ahb_master_driver.sv(80) @ 35: uvm_test_top.env.master[0].ahb_mdriver [ahb_master_driver] Master Driver item : 
 
   ahb_transaction with id = 0 :
   tag  = 0
   hbusreq = 1
   hlock   = 0
   lock_duration   = -1525080699
   haddr   = '{'hfc, 'hfe, 'h100, 'h102}
   hwdata  = '{'h3f24bbf1, 'h3e8278a0, 'hd42ead1f, 'h1f7157e2}
   hburst  = 3
   htrans  = '{NONSEQ, BUSY, BUSY, BUSY, SEQ, SEQ, SEQ}
   hsize   = 1
   hready  = 0
   hsel  = x
   hresp   = 1
   hrdata  = 3710341f
   no_of_waits  = '{'h0, 'h0, 'h0, 'h0, 'h1}
   busy_pos  = 1
   no_of_busy  = 3
xmsim: *E,ASRTST (/home/dragos.pascu/Projects/ahb-arbiter-project/src/ahb_master_agent/request_if.sv,61): (time 55 NS) Assertion top.th.req_if[0].bus_req.HMASTLOCK_TIMING has failed 
UVM_INFO /home/dragos.pascu/Projects/ahb-arbiter-project/src/ahb_master_agent/sequence_lib.sv(221) @ 935: uvm_test_top.env.master[0].sequencer@@incr_read_4sequence [incr_read_4sequence] INCR4 read sequence finished
UVM_INFO /home/dragos.pascu/Projects/ahb-arbiter-project/src/ahb_master_agent/sequence_lib.sv(221) @ 935: uvm_test_top.env.master[1].sequencer@@incr_read_4sequence [incr_read_4sequence] INCR4 read sequence finished
UVM_INFO /home/dragos.pascu/Projects/ahb-arbiter-project/src/ahb_master_agent/sequence_lib.sv(221) @ 935: uvm_test_top.env.master[2].sequencer@@incr_read_4sequence [incr_read_4sequence] INCR4 read sequence finished
UVM_INFO /home/dragos.pascu/Projects/ahb-arbiter-project/src/ahb_master_agent/sequence_lib.sv(221) @ 935: uvm_test_top.env.master[3].sequencer@@incr_read_4sequence [incr_read_4sequence] INCR4 read sequence finished
UVM_INFO /home/dragos.pascu/Projects/ahb-arbiter-project/src/ahb_master_agent/sequence_lib.sv(221) @ 935: uvm_test_top.env.master[4].sequencer@@incr_read_4sequence [incr_read_4sequence] INCR4 read sequence finished
UVM_INFO /home/dragos.pascu/Projects/ahb-arbiter-project/src/ahb_master_agent/sequence_lib.sv(221) @ 935: uvm_test_top.env.master[5].sequencer@@incr_read_4sequence [incr_read_4sequence] INCR4 read sequence finished
UVM_INFO /home/dragos.pascu/Projects/ahb-arbiter-project/src/ahb_master_agent/sequence_lib.sv(221) @ 935: uvm_test_top.env.master[6].sequencer@@incr_read_4sequence [incr_read_4sequence] INCR4 read sequence finished
UVM_INFO /home/dragos.pascu/Projects/ahb-arbiter-project/src/ahb_master_agent/sequence_lib.sv(221) @ 935: uvm_test_top.env.master[7].sequencer@@incr_read_4sequence [incr_read_4sequence] INCR4 read sequence finished
UVM_INFO /home/dragos.pascu/Projects/ahb-arbiter-project/src/ahb_master_agent/sequence_lib.sv(221) @ 935: uvm_test_top.env.master[8].sequencer@@incr_read_4sequence [incr_read_4sequence] INCR4 read sequence finished
UVM_INFO @ 1585: uvm_test_top.env.master[8].sequencer [Sequencer] Dropping response for sequence 10, sequence not found.  Probable cause: sequence exited or has been killed
UVM_INFO @ 1585: uvm_test_top.env.master[7].sequencer [Sequencer] Dropping response for sequence 11, sequence not found.  Probable cause: sequence exited or has been killed
UVM_INFO @ 1585: uvm_test_top.env.master[6].sequencer [Sequencer] Dropping response for sequence 12, sequence not found.  Probable cause: sequence exited or has been killed
UVM_INFO @ 1585: uvm_test_top.env.master[5].sequencer [Sequencer] Dropping response for sequence 13, sequence not found.  Probable cause: sequence exited or has been killed
UVM_INFO @ 1585: uvm_test_top.env.master[4].sequencer [Sequencer] Dropping response for sequence 14, sequence not found.  Probable cause: sequence exited or has been killed
UVM_INFO @ 1585: uvm_test_top.env.master[3].sequencer [Sequencer] Dropping response for sequence 15, sequence not found.  Probable cause: sequence exited or has been killed
UVM_INFO @ 1585: uvm_test_top.env.master[2].sequencer [Sequencer] Dropping response for sequence 16, sequence not found.  Probable cause: sequence exited or has been killed
UVM_INFO @ 1585: uvm_test_top.env.master[1].sequencer [Sequencer] Dropping response for sequence 17, sequence not found.  Probable cause: sequence exited or has been killed
UVM_INFO @ 1585: uvm_test_top.env.master[0].sequencer [Sequencer] Dropping response for sequence 18, sequence not found.  Probable cause: sequence exited or has been killed
UVM_INFO /sw/cadence/XCELIUM2009/tools/methodology/UVM/CDNS-1.1d/sv/src/base/uvm_objection.svh(1268) @ 53505: reporter [TEST_DONE] 'run' phase is ready to proceed to the 'extract' phase
UVM_INFO /home/dragos.pascu/Projects/ahb-arbiter-project/src/tb/env/arbitration_scoreboard.sv(195) @ 53505: uvm_test_top.env.arbitration_scoreboard_h [arbitration_scoreboard] BUSREQ SCB: 
UVM_INFO /home/dragos.pascu/Projects/ahb-arbiter-project/src/tb/env/arbitration_scoreboard.sv(196) @ 53505: uvm_test_top.env.arbitration_scoreboard_h [arbitration_scoreboard] Matches: 5335 
UVM_INFO /home/dragos.pascu/Projects/ahb-arbiter-project/src/tb/env/arbitration_scoreboard.sv(197) @ 53505: uvm_test_top.env.arbitration_scoreboard_h [arbitration_scoreboard] Mismatches: 0 
UVM_INFO /home/dragos.pascu/Projects/ahb-arbiter-project/src/tb/env/ahb_scoreboard.sv(136) @ 53505: uvm_test_top.env.transaction_scoreboard_h [ahb_scoreboard] Scb recived 0 transactions .
UVM_INFO /home/dragos.pascu/Projects/ahb-arbiter-project/src/tb/env/ahb_scoreboard.sv(139) @ 53505: uvm_test_top.env.transaction_scoreboard_h [ahb_scoreboard] Matches: 0 
UVM_INFO /home/dragos.pascu/Projects/ahb-arbiter-project/src/tb/env/ahb_scoreboard.sv(140) @ 53505: uvm_test_top.env.transaction_scoreboard_h [ahb_scoreboard] Mismatches: 0 
UVM_INFO /home/dragos.pascu/Projects/ahb-arbiter-project/src/tb/env/aribtration_coverage.sv(40) @ 53505: uvm_test_top.env.arbitration_coverage_h [arbitration_coverage] Arbitration coverage is: 55.555556
UVM_INFO /home/dragos.pascu/Projects/ahb-arbiter-project/src/tb/env/ahb_coverage.sv(80) @ 53505: uvm_test_top.env.coverage_h [ahb_coverage] Master data coverage is: 0.000000
UVM_INFO /home/dragos.pascu/Projects/ahb-arbiter-project/src/tb/env/ahb_coverage.sv(81) @ 53505: uvm_test_top.env.coverage_h [ahb_coverage] Slave data coverage is: 0.000000

--- UVM Report catcher Summary ---


Number of demoted UVM_FATAL reports  :    0
Number of demoted UVM_ERROR reports  :    0
Number of demoted UVM_WARNING reports:    0
Number of caught UVM_FATAL reports   :    0
Number of caught UVM_ERROR reports   :    0
Number of caught UVM_WARNING reports :    0

--- UVM Report Summary ---

** Report counts by severity
UVM_INFO :   75
UVM_WARNING :    0
UVM_ERROR :    0
UVM_FATAL :    0
** Report counts by id
[RNTST]     1
[Sequencer]     9
[TEST_DONE]     1
[ahb_coverage]     2
[ahb_master_driver]     9
[ahb_master_monitor]     9
[ahb_request_monitor]     9
[ahb_scoreboard]     3
[ahb_slave_monitor]     7
[arbitration_coverage]     1
[arbitration_scoreboard]     3
[incr_read_4_test]     1
[incr_read_4sequence]    18
[reset_driver]     1
[virtual_incr_read_4sequence]     1
Simulation complete via $finish(1) at time 53505 NS + 45
/sw/cadence/XCELIUM2009/tools/methodology/UVM/CDNS-1.1d/sv/src/base/uvm_root.svh:457     $finish;
xcelium> exit
xmsim: *N,COVCGN: Coverage configuration file command "set_covergroup -new_instance_reporting" can be specified to improve the scoping and naming of covergroup instances. It may be noted that subsequent merging of a coverage database saved with this command and a coverage database saved without this command is not allowed.
xmsim: *W,CGDEFN: Default name "worklib.uvm_pkg::.arbitration_cg" will be generated for covergroup instance "arbitration_cg" as the name of the covergroup instance is not specified explicitly: /home/dragos.pascu/Projects/ahb-arbiter-project/src/tb/env/aribtration_coverage.sv, 10.
xmsim: *W,CGDEFN: Default name "worklib.uvm_pkg::.ahb_master_cg" will be generated for covergroup instance "ahb_master_cg" as the name of the covergroup instance is not specified explicitly: /home/dragos.pascu/Projects/ahb-arbiter-project/src/tb/env/ahb_coverage.sv, 8.
xmsim: *W,CGPIZE: Instance coverage for covergroup instance "ahb_slave_cg" will not be dumped to database as per_instance option value is set to 0:/home/dragos.pascu/Projects/ahb-arbiter-project/src/tb/env/ahb_coverage.sv, 45.
xmsim: *W,CGPIZE: Instance coverage for covergroup instance "ahb_slave_cg" will not be dumped to database as per_instance option value is set to 0:/home/dragos.pascu/Projects/ahb-arbiter-project/src/tb/env/ahb_coverage.sv, 45.

coverage setup:
  workdir  :  ./cov_work
  dutinst  :  top(top)
  scope    :  scope
  testname :  test_sv1432256136

coverage files:
  model(design data) :  ./cov_work/scope/icc_156371f7_5b75fb80.ucm (reused)
  data               :  ./cov_work/scope/test_sv1432256136/icc_156371f7_5b75fb80.ucd
TOOL:	xrun	20.09-s009: Exiting on Mar 23, 2023 at 18:13:31 EET  (total: 00:00:09)
